Number of processors:  12

 it: 0 writing ...


========== Iteration: 1 ===========


Fitness: 0.12478575217681802

[61, 219, 3, 0, 29]

Fitness: 0.1137914476721294

[84, 79, 3, 0, 24]

Fitness: 0.09783409209110443

[83, 91, 3, 0, 15]

Fitness: 0.08948942593312513

[20, 268, 3, 18, 12]

Fitness: 0.05968851776509713

[36, 114, 3, 0, 29]

========== Iteration: 2 ===========


Fitness: 0.210453740517174

[53, 86, 3, 0, 29]

Fitness: 0.210453740517174

[53, 86, 3, 0, 29]

Fitness: 0.17831117139855748

[84, 70, 3, 0, 29]

Fitness: 0.17532994719824105

[83, 79, 3, 0, 24]

Fitness: 0.13901239870475354

[81, 76, 3, 0, 28]

========== Iteration: 3 ===========


Fitness: 0.2756898205851082

[83, 79, 3, 0, 29]

Fitness: 0.27135114368207375

[83, 76, 3, 0, 30]

Fitness: 0.2548910932208129

[81, 114, 3, 0, 30]

Fitness: 0.2328431040113577

[95, 112, 3, 0, 29]

Fitness: 0.2280545769695267

[93, 79, 3, 0, 29]

========== Iteration: 4 ===========


Fitness: 0.2916574482163641

[93, 86, 3, 0, 29]

Fitness: 0.2756898205851082

[83, 79, 3, 0, 29]

Fitness: 0.2756898205851082

[83, 79, 3, 0, 29]

Fitness: 0.2756898205851082

[83, 79, 3, 0, 29]

Fitness: 0.27135114368207375

[83, 76, 3, 0, 30]

========== Iteration: 5 ===========


Fitness: 0.3439162411627665

[81, 76, 3, 0, 30]

Fitness: 0.2916574482163641

[93, 86, 3, 0, 29]

Fitness: 0.2916574482163641

[93, 86, 3, 0, 29]

Fitness: 0.2916574482163641

[93, 86, 3, 0, 29]

Fitness: 0.2756898205851082

[83, 79, 3, 0, 29]

========== Iteration: 6 ===========


Fitness: 0.3439162411627665

[81, 76, 3, 0, 30]

Fitness: 0.3439162411627665

[81, 76, 3, 0, 30]

Fitness: 0.2916574482163641

[93, 86, 3, 0, 29]

Fitness: 0.2916574482163641

[93, 86, 3, 0, 29]

Fitness: 0.2916574482163641

[93, 86, 3, 0, 29]

========== Iteration: 7 ===========


Fitness: 0.3439162411627665

[81, 76, 3, 0, 30]

Fitness: 0.3439162411627665

[81, 76, 3, 0, 30]

Fitness: 0.3439162411627665

[81, 76, 3, 0, 30]

Fitness: 0.3439162411627665

[81, 76, 3, 0, 30]

Fitness: 0.2916574482163641

[93, 86, 3, 0, 29]

========== Iteration: 8 ===========


Fitness: 0.3439162411627665

[81, 76, 3, 0, 30]

Fitness: 0.3439162411627665

[81, 76, 3, 0, 30]

Fitness: 0.3439162411627665

[81, 76, 3, 0, 30]

Fitness: 0.3439162411627665

[81, 76, 3, 0, 30]

Fitness: 0.3439162411627665

[81, 76, 3, 0, 30]

========== Iteration: 9 ===========


Fitness: 0.3439162411627665

[81, 76, 3, 0, 30]

Fitness: 0.3439162411627665

[81, 76, 3, 0, 30]

Fitness: 0.3439162411627665

[81, 76, 3, 0, 30]

Fitness: 0.3439162411627665

[81, 76, 3, 0, 30]

Fitness: 0.3439162411627665

[81, 76, 3, 0, 30]

========== Iteration: 10 ===========


Fitness: 0.3525113778932174

[81, 59, 3, 0, 30]

Fitness: 0.3439162411627665

[81, 76, 3, 0, 30]

Fitness: 0.3439162411627665

[81, 76, 3, 0, 30]

Fitness: 0.3439162411627665

[81, 76, 3, 0, 30]

Fitness: 0.3439162411627665

[81, 76, 3, 0, 30]

 it: 10 writing ...


========== Iteration: 11 ===========


Fitness: 0.3525113778932174

[81, 59, 3, 0, 30]

Fitness: 0.3525113778932174

[81, 59, 3, 0, 30]

Fitness: 0.3525113778932174

[81, 59, 3, 0, 30]

Fitness: 0.3525113778932174

[81, 59, 3, 0, 30]

Fitness: 0.3439162411627665

[81, 76, 3, 0, 30]

========== Iteration: 12 ===========


Fitness: 0.3525113778932174

[81, 59, 3, 0, 30]

Fitness: 0.3525113778932174

[81, 59, 3, 0, 30]

Fitness: 0.3525113778932174

[81, 59, 3, 0, 30]

Fitness: 0.3525113778932174

[81, 59, 3, 0, 30]

Fitness: 0.3525113778932174

[81, 59, 3, 0, 30]

========== Iteration: 13 ===========


Fitness: 0.3525113778932174

[81, 59, 3, 0, 30]

Fitness: 0.3525113778932174

[81, 59, 3, 0, 30]

Fitness: 0.3525113778932174

[81, 59, 3, 0, 30]

Fitness: 0.3525113778932174

[81, 59, 3, 0, 30]

Fitness: 0.3525113778932174

[81, 59, 3, 0, 30]

========== Iteration: 14 ===========


Fitness: 0.3638127453619342

[100, 59, 3, 0, 30]

Fitness: 0.3638127453619342

[100, 59, 3, 0, 30]

Fitness: 0.3525113778932174

[81, 59, 3, 0, 30]

Fitness: 0.3525113778932174

[81, 59, 3, 0, 30]

Fitness: 0.3525113778932174

[81, 59, 3, 0, 30]

========== Iteration: 15 ===========


Fitness: 0.3638127453619342

[100, 59, 3, 0, 30]

Fitness: 0.3638127453619342

[100, 59, 3, 0, 30]

Fitness: 0.3638127453619342

[100, 59, 3, 0, 30]

Fitness: 0.3638127453619342

[100, 59, 3, 0, 30]

Fitness: 0.3638127453619342

[100, 59, 3, 0, 30]

========== Iteration: 16 ===========


Fitness: 0.3638127453619342

[100, 59, 3, 0, 30]

Fitness: 0.3638127453619342

[100, 59, 3, 0, 30]

Fitness: 0.3638127453619342

[100, 59, 3, 0, 30]

Fitness: 0.3638127453619342

[100, 59, 3, 0, 30]

Fitness: 0.3638127453619342

[100, 59, 3, 0, 30]

========== Iteration: 17 ===========


Fitness: 0.3638127453619342

[100, 59, 3, 0, 30]

Fitness: 0.3638127453619342

[100, 59, 3, 0, 30]

Fitness: 0.3638127453619342

[100, 59, 3, 0, 30]

Fitness: 0.3638127453619342

[100, 59, 3, 0, 30]

Fitness: 0.3638127453619342

[100, 59, 3, 0, 30]

========== Iteration: 18 ===========


Fitness: 0.3638127453619342

[100, 59, 3, 0, 30]

Fitness: 0.3638127453619342

[100, 59, 3, 0, 30]

Fitness: 0.3638127453619342

[100, 59, 3, 0, 30]

Fitness: 0.3638127453619342

[100, 59, 3, 0, 30]

Fitness: 0.3638127453619342

[100, 59, 3, 0, 30]

========== Iteration: 19 ===========


Fitness: 0.3638127453619342

[100, 59, 3, 0, 30]

Fitness: 0.3638127453619342

[100, 59, 3, 0, 30]

Fitness: 0.3638127453619342

[100, 59, 3, 0, 30]

Fitness: 0.3638127453619342

[100, 59, 3, 0, 30]

Fitness: 0.3638127453619342

[100, 59, 3, 0, 30]

========== Iteration: 20 ===========


Fitness: 0.3638127453619342

[100, 59, 3, 0, 30]

Fitness: 0.3638127453619342

[100, 59, 3, 0, 30]

Fitness: 0.3638127453619342

[100, 59, 3, 0, 30]

Fitness: 0.3638127453619342

[100, 59, 3, 0, 30]

Fitness: 0.3638127453619342

[100, 59, 3, 0, 30]

 it: 20 writing ...


========== Iteration: 21 ===========


Fitness: 0.3638127453619342

[100, 59, 3, 0, 30]

Fitness: 0.3638127453619342

[100, 59, 3, 0, 30]

Fitness: 0.3638127453619342

[100, 59, 3, 0, 30]

Fitness: 0.3638127453619342

[100, 59, 3, 0, 30]

Fitness: 0.3638127453619342

[100, 59, 3, 0, 30]
