
 it: 0 writing ...


========== Iteration: 1 ===========


Fitness: 0.3198414089777691

[81, 291, 2, 0, 21]

Fitness: 0.27603143631391835

[46, 264, 2, 0, 22]

Fitness: 0.2724660474294106

[27, 148, 2, 0, 19]

Fitness: 0.19685640820891673

[24, 227, 2, 22, 22]

Fitness: 0.18804576321737587

[95, 56, 2, 0, 23]

========== Iteration: 2 ===========


Fitness: 0.3256298823811356

[53, 274, 2, 0, 24]

Fitness: 0.3198414089777691

[81, 291, 2, 0, 21]

Fitness: 0.27603143631391835

[46, 264, 2, 0, 22]

Fitness: 0.2724660474294106

[27, 148, 2, 0, 19]

Fitness: 0.2724660474294106

[27, 148, 2, 0, 19]

========== Iteration: 3 ===========


Fitness: 0.33083505889112824

[53, 274, 2, 0, 23]

Fitness: 0.3256298823811356

[53, 274, 2, 0, 24]

Fitness: 0.3256298823811356

[53, 274, 2, 0, 24]

Fitness: 0.3198414089777691

[81, 291, 2, 0, 21]

Fitness: 0.3065247464819611

[27, 185, 2, 0, 21]

========== Iteration: 4 ===========


Fitness: 0.33083505889112824

[53, 274, 2, 0, 23]

Fitness: 0.33083505889112824

[53, 274, 2, 0, 23]

Fitness: 0.33083505889112824

[53, 274, 2, 0, 23]

Fitness: 0.3256298823811356

[53, 274, 2, 0, 24]

Fitness: 0.3256298823811356

[53, 274, 2, 0, 24]

========== Iteration: 5 ===========


Fitness: 0.33083505889112824

[53, 274, 2, 0, 23]

Fitness: 0.33083505889112824

[53, 274, 2, 0, 23]

Fitness: 0.33083505889112824

[53, 274, 2, 0, 23]

Fitness: 0.33083505889112824

[53, 274, 2, 0, 23]

Fitness: 0.33083505889112824

[53, 274, 2, 0, 23]

========== Iteration: 6 ===========


Fitness: 0.33083505889112824

[53, 274, 2, 0, 23]

Fitness: 0.33083505889112824

[53, 274, 2, 0, 23]

Fitness: 0.33083505889112824

[53, 274, 2, 0, 23]

Fitness: 0.33083505889112824

[53, 274, 2, 0, 23]

Fitness: 0.33083505889112824

[53, 274, 2, 0, 23]

========== Iteration: 7 ===========


Fitness: 0.33083505889112824

[53, 274, 2, 0, 23]

Fitness: 0.33083505889112824

[53, 274, 2, 0, 23]

Fitness: 0.33083505889112824

[53, 274, 2, 0, 23]

Fitness: 0.33083505889112824

[53, 274, 2, 0, 23]

Fitness: 0.33083505889112824

[53, 274, 2, 0, 23]

========== Iteration: 8 ===========


Fitness: 0.33083505889112824

[53, 274, 2, 0, 23]

Fitness: 0.33083505889112824

[53, 274, 2, 0, 23]

Fitness: 0.33083505889112824

[53, 274, 2, 0, 23]

Fitness: 0.33083505889112824

[53, 274, 2, 0, 23]

Fitness: 0.33083505889112824

[53, 274, 2, 0, 23]

========== Iteration: 9 ===========


Fitness: 0.33083505889112824

[53, 274, 2, 0, 23]

Fitness: 0.33083505889112824

[53, 274, 2, 0, 23]

Fitness: 0.33083505889112824

[53, 274, 2, 0, 23]

Fitness: 0.33083505889112824

[53, 274, 2, 0, 23]

Fitness: 0.33083505889112824

[53, 274, 2, 0, 23]

========== Iteration: 10 ===========


Fitness: 0.33083505889112824

[53, 274, 2, 0, 23]

Fitness: 0.33083505889112824

[53, 274, 2, 0, 23]

Fitness: 0.33083505889112824

[53, 274, 2, 0, 23]

Fitness: 0.33083505889112824

[53, 274, 2, 0, 23]

Fitness: 0.33083505889112824

[53, 274, 2, 0, 23]

 it: 10 writing ...


========== Iteration: 11 ===========


Fitness: 0.33083505889112824

[53, 274, 2, 0, 23]

Fitness: 0.33083505889112824

[53, 274, 2, 0, 23]

Fitness: 0.33083505889112824

[53, 274, 2, 0, 23]

Fitness: 0.33083505889112824

[53, 274, 2, 0, 23]

Fitness: 0.33083505889112824

[53, 274, 2, 0, 23]

========== Iteration: 12 ===========


Fitness: 0.33083505889112824

[53, 274, 2, 0, 23]

Fitness: 0.33083505889112824

[53, 274, 2, 0, 23]

Fitness: 0.33083505889112824

[53, 274, 2, 0, 23]

Fitness: 0.33083505889112824

[53, 274, 2, 0, 23]

Fitness: 0.33083505889112824

[53, 274, 2, 0, 23]

========== Iteration: 13 ===========


Fitness: 0.33083505889112824

[53, 274, 2, 0, 23]

Fitness: 0.33083505889112824

[53, 274, 2, 0, 23]

Fitness: 0.33083505889112824

[53, 274, 2, 0, 23]

Fitness: 0.33083505889112824

[53, 274, 2, 0, 23]

Fitness: 0.33083505889112824

[53, 274, 2, 0, 23]

========== Iteration: 14 ===========


Fitness: 0.33083505889112824

[53, 274, 2, 0, 23]

Fitness: 0.33083505889112824

[53, 274, 2, 0, 23]

Fitness: 0.33083505889112824

[53, 274, 2, 0, 23]

Fitness: 0.33083505889112824

[53, 274, 2, 0, 23]

Fitness: 0.33083505889112824

[53, 274, 2, 0, 23]

========== Iteration: 15 ===========


Fitness: 0.33083505889112824

[53, 274, 2, 0, 23]

Fitness: 0.33083505889112824

[53, 274, 2, 0, 23]

Fitness: 0.33083505889112824

[53, 274, 2, 0, 23]

Fitness: 0.33083505889112824

[53, 274, 2, 0, 23]

Fitness: 0.33083505889112824

[53, 274, 2, 0, 23]

========== Iteration: 16 ===========


Fitness: 0.33083505889112824

[53, 274, 2, 0, 23]

Fitness: 0.33083505889112824

[53, 274, 2, 0, 23]

Fitness: 0.33083505889112824

[53, 274, 2, 0, 23]

Fitness: 0.33083505889112824

[53, 274, 2, 0, 23]

Fitness: 0.33083505889112824

[53, 274, 2, 0, 23]

========== Iteration: 17 ===========


Fitness: 0.34886151736478005

[53, 285, 2, 0, 23]

Fitness: 0.33083505889112824

[53, 274, 2, 0, 23]

Fitness: 0.33083505889112824

[53, 274, 2, 0, 23]

Fitness: 0.33083505889112824

[53, 274, 2, 0, 23]

Fitness: 0.33083505889112824

[53, 274, 2, 0, 23]

========== Iteration: 18 ===========


Fitness: 0.34886151736478005

[53, 285, 2, 0, 23]

Fitness: 0.34886151736478005

[53, 285, 2, 0, 23]

Fitness: 0.34886151736478005

[53, 285, 2, 0, 23]

Fitness: 0.34886151736478005

[53, 285, 2, 0, 23]

Fitness: 0.33083505889112824

[53, 274, 2, 0, 23]

========== Iteration: 19 ===========


Fitness: 0.34886151736478005

[53, 285, 2, 0, 23]

Fitness: 0.34886151736478005

[53, 285, 2, 0, 23]

Fitness: 0.34886151736478005

[53, 285, 2, 0, 23]

Fitness: 0.34886151736478005

[53, 285, 2, 0, 23]

Fitness: 0.34886151736478005

[53, 285, 2, 0, 23]

========== Iteration: 20 ===========


Fitness: 0.34886151736478005

[53, 285, 2, 0, 23]

Fitness: 0.34886151736478005

[53, 285, 2, 0, 23]

Fitness: 0.34886151736478005

[53, 285, 2, 0, 23]

Fitness: 0.34886151736478005

[53, 285, 2, 0, 23]

Fitness: 0.34886151736478005

[53, 285, 2, 0, 23]

 it: 20 writing ...


========== Iteration: 21 ===========


Fitness: 0.34886151736478005

[53, 285, 2, 0, 23]

Fitness: 0.34886151736478005

[53, 285, 2, 0, 23]

Fitness: 0.34886151736478005

[53, 285, 2, 0, 23]

Fitness: 0.34886151736478005

[53, 285, 2, 0, 23]

Fitness: 0.34886151736478005

[53, 285, 2, 0, 23]
