
 it: 0 writing ...


========== Iteration: 1 ===========


Fitness: 0.400510917204806

[26, 126, 1, 24, 18]

Fitness: 0.37141015789779486

[61, 208, 1, 15, 25]

Fitness: 0.36080117502085823

[40, 123, 1, 16, 27]

Fitness: 0.34653520809139865

[69, 269, 1, 16, 26]

Fitness: 0.3275444396678679

[28, 102, 1, 18, 11]

========== Iteration: 2 ===========


Fitness: 0.400510917204806

[26, 126, 1, 24, 18]

Fitness: 0.400510917204806

[26, 126, 1, 24, 18]

Fitness: 0.37141015789779486

[61, 208, 1, 15, 25]

Fitness: 0.37141015789779486

[61, 208, 1, 15, 25]

Fitness: 0.36080117502085823

[40, 123, 1, 16, 27]

========== Iteration: 3 ===========


Fitness: 0.400510917204806

[26, 126, 1, 24, 18]

Fitness: 0.400510917204806

[26, 126, 1, 24, 18]

Fitness: 0.400510917204806

[26, 126, 1, 24, 18]

Fitness: 0.400510917204806

[26, 126, 1, 24, 18]

Fitness: 0.400510917204806

[26, 126, 1, 24, 18]

========== Iteration: 4 ===========


Fitness: 0.400510917204806

[26, 126, 1, 24, 18]

Fitness: 0.400510917204806

[26, 126, 1, 24, 18]

Fitness: 0.400510917204806

[26, 126, 1, 24, 18]

Fitness: 0.400510917204806

[26, 126, 1, 24, 18]

Fitness: 0.400510917204806

[26, 126, 1, 24, 18]

========== Iteration: 5 ===========


Fitness: 0.400510917204806

[26, 126, 1, 24, 18]

Fitness: 0.400510917204806

[26, 126, 1, 24, 18]

Fitness: 0.400510917204806

[26, 126, 1, 24, 18]

Fitness: 0.400510917204806

[26, 126, 1, 24, 18]

Fitness: 0.400510917204806

[26, 126, 1, 24, 18]

========== Iteration: 6 ===========


Fitness: 0.4942207840366082

[26, 126, 1, 17, 18]

Fitness: 0.400510917204806

[26, 126, 1, 24, 18]

Fitness: 0.400510917204806

[26, 126, 1, 24, 18]

Fitness: 0.400510917204806

[26, 126, 1, 24, 18]

Fitness: 0.400510917204806

[26, 126, 1, 24, 18]

========== Iteration: 7 ===========


Fitness: 0.4942207840366082

[26, 126, 1, 17, 18]

Fitness: 0.4942207840366082

[26, 126, 1, 17, 18]

Fitness: 0.4942207840366082

[26, 126, 1, 17, 18]

Fitness: 0.4942207840366082

[26, 126, 1, 17, 18]

Fitness: 0.400510917204806

[26, 126, 1, 24, 18]

========== Iteration: 8 ===========


Fitness: 0.4942207840366082

[26, 126, 1, 17, 18]

Fitness: 0.4942207840366082

[26, 126, 1, 17, 18]

Fitness: 0.4942207840366082

[26, 126, 1, 17, 18]

Fitness: 0.4942207840366082

[26, 126, 1, 17, 18]

Fitness: 0.4942207840366082

[26, 126, 1, 17, 18]

========== Iteration: 9 ===========


Fitness: 0.4942207840366082

[26, 126, 1, 17, 18]

Fitness: 0.4942207840366082

[26, 126, 1, 17, 18]

Fitness: 0.4942207840366082

[26, 126, 1, 17, 18]

Fitness: 0.4942207840366082

[26, 126, 1, 17, 18]

Fitness: 0.4942207840366082

[26, 126, 1, 17, 18]

========== Iteration: 10 ===========


Fitness: 0.4942207840366082

[26, 126, 1, 17, 18]

Fitness: 0.4942207840366082

[26, 126, 1, 17, 18]

Fitness: 0.4942207840366082

[26, 126, 1, 17, 18]

Fitness: 0.4942207840366082

[26, 126, 1, 17, 18]

Fitness: 0.4942207840366082

[26, 126, 1, 17, 18]

 it: 10 writing ...


========== Iteration: 11 ===========


Fitness: 0.4942207840366082

[26, 126, 1, 17, 18]

Fitness: 0.4942207840366082

[26, 126, 1, 17, 18]

Fitness: 0.4942207840366082

[26, 126, 1, 17, 18]

Fitness: 0.4942207840366082

[26, 126, 1, 17, 18]

Fitness: 0.4942207840366082

[26, 126, 1, 17, 18]

========== Iteration: 12 ===========


Fitness: 0.4942207840366082

[26, 126, 1, 17, 18]

Fitness: 0.4942207840366082

[26, 126, 1, 17, 18]

Fitness: 0.4942207840366082

[26, 126, 1, 17, 18]

Fitness: 0.4942207840366082

[26, 126, 1, 17, 18]

Fitness: 0.4942207840366082

[26, 126, 1, 17, 18]

========== Iteration: 13 ===========


Fitness: 0.4942207840366082

[26, 126, 1, 17, 18]

Fitness: 0.4942207840366082

[26, 126, 1, 17, 18]

Fitness: 0.4942207840366082

[26, 126, 1, 17, 18]

Fitness: 0.4942207840366082

[26, 126, 1, 17, 18]

Fitness: 0.4942207840366082

[26, 126, 1, 17, 18]

========== Iteration: 14 ===========


Fitness: 0.4942207840366082

[26, 126, 1, 17, 18]

Fitness: 0.4942207840366082

[26, 126, 1, 17, 18]

Fitness: 0.4942207840366082

[26, 126, 1, 17, 18]

Fitness: 0.4942207840366082

[26, 126, 1, 17, 18]

Fitness: 0.4942207840366082

[26, 126, 1, 17, 18]

========== Iteration: 15 ===========


Fitness: 0.4942207840366082

[26, 126, 1, 17, 18]

Fitness: 0.4942207840366082

[26, 126, 1, 17, 18]

Fitness: 0.4942207840366082

[26, 126, 1, 17, 18]

Fitness: 0.4942207840366082

[26, 126, 1, 17, 18]

Fitness: 0.4942207840366082

[26, 126, 1, 17, 18]

========== Iteration: 16 ===========


Fitness: 0.4942207840366082

[26, 126, 1, 17, 18]

Fitness: 0.4942207840366082

[26, 126, 1, 17, 18]

Fitness: 0.4942207840366082

[26, 126, 1, 17, 18]

Fitness: 0.4942207840366082

[26, 126, 1, 17, 18]

Fitness: 0.4942207840366082

[26, 126, 1, 17, 18]

========== Iteration: 17 ===========


Fitness: 0.4942207840366082

[26, 126, 1, 17, 18]

Fitness: 0.4942207840366082

[26, 126, 1, 17, 18]

Fitness: 0.4942207840366082

[26, 126, 1, 17, 18]

Fitness: 0.4942207840366082

[26, 126, 1, 17, 18]

Fitness: 0.4942207840366082

[26, 126, 1, 17, 18]

========== Iteration: 18 ===========


Fitness: 0.4942207840366082

[26, 126, 1, 17, 18]

Fitness: 0.4942207840366082

[26, 126, 1, 17, 18]

Fitness: 0.4942207840366082

[26, 126, 1, 17, 18]

Fitness: 0.4942207840366082

[26, 126, 1, 17, 18]

Fitness: 0.4942207840366082

[26, 126, 1, 17, 18]

========== Iteration: 19 ===========


Fitness: 0.4942207840366082

[26, 126, 1, 17, 18]

Fitness: 0.4942207840366082

[26, 126, 1, 17, 18]

Fitness: 0.4942207840366082

[26, 126, 1, 17, 18]

Fitness: 0.4942207840366082

[26, 126, 1, 17, 18]

Fitness: 0.4942207840366082

[26, 126, 1, 17, 18]

========== Iteration: 20 ===========


Fitness: 0.4942207840366082

[26, 126, 1, 17, 18]

Fitness: 0.4942207840366082

[26, 126, 1, 17, 18]

Fitness: 0.4942207840366082

[26, 126, 1, 17, 18]

Fitness: 0.4942207840366082

[26, 126, 1, 17, 18]

Fitness: 0.4942207840366082

[26, 126, 1, 17, 18]

 it: 20 writing ...


========== Iteration: 21 ===========


Fitness: 0.4942207840366082

[26, 126, 1, 17, 18]

Fitness: 0.4942207840366082

[26, 126, 1, 17, 18]

Fitness: 0.4942207840366082

[26, 126, 1, 17, 18]

Fitness: 0.4942207840366082

[26, 126, 1, 17, 18]

Fitness: 0.4942207840366082

[26, 126, 1, 17, 18]
