Number of processors:  32

 it: 0 writing ...


========== Iteration: 1 ===========


Fitness: 0.1955894333148435

[61, 165, 1, 23, 27]

Fitness: 0.18759022904290762

[62, 53, 1, 19, 25]

Fitness: 0.18702486296603282

[64, 116, 1, 18, 28]

Fitness: 0.18684923704954784

[72, 58, 1, 18, 20]

Fitness: 0.18660829564015302

[68, 172, 1, 18, 25]

========== Iteration: 2 ===========


Fitness: 0.1955894333148435

[61, 165, 1, 23, 27]

Fitness: 0.18759022904290762

[62, 53, 1, 19, 25]

Fitness: 0.18759022904290762

[62, 53, 1, 19, 25]

Fitness: 0.18759022904290762

[62, 53, 1, 19, 25]

Fitness: 0.18758642534929562

[72, 58, 1, 18, 21]

========== Iteration: 3 ===========


Fitness: 0.22214943336350923

[62, 53, 1, 23, 15]

Fitness: 0.22029970433962057

[64, 55, 1, 24, 19]

Fitness: 0.20071184396290892

[64, 116, 1, 25, 28]

Fitness: 0.19674425834995518

[86, 158, 1, 21, 23]

Fitness: 0.1955894333148435

[61, 165, 1, 23, 27]

========== Iteration: 4 ===========


Fitness: 0.30334763271691595

[64, 55, 1, 24, 20]

Fitness: 0.280954616265318

[62, 53, 1, 24, 19]

Fitness: 0.2578662230523497

[64, 116, 1, 25, 23]

Fitness: 0.22214943336350923

[62, 53, 1, 23, 15]

Fitness: 0.22214943336350923

[62, 53, 1, 23, 15]

========== Iteration: 5 ===========


Fitness: 0.36039209240387243

[64, 53, 1, 24, 19]

Fitness: 0.3279154001917924

[62, 53, 1, 24, 20]

Fitness: 0.3172317670933409

[38, 55, 1, 24, 19]

Fitness: 0.30334763271691595

[64, 55, 1, 24, 20]

Fitness: 0.30334763271691595

[64, 55, 1, 24, 20]

========== Iteration: 6 ===========


Fitness: 0.5293756711049948

[38, 50, 1, 24, 20]

Fitness: 0.477353190817776

[62, 53, 1, 25, 23]

Fitness: 0.36039209240387243

[64, 53, 1, 24, 19]

Fitness: 0.36039209240387243

[64, 53, 1, 24, 19]

Fitness: 0.3279154001917924

[62, 53, 1, 24, 20]

========== Iteration: 7 ===========


Fitness: 0.5293756711049948

[38, 50, 1, 24, 20]

Fitness: 0.477353190817776

[62, 53, 1, 25, 23]

Fitness: 0.47494947090241374

[62, 53, 1, 25, 19]

Fitness: 0.36039209240387243

[64, 53, 1, 24, 19]

Fitness: 0.36039209240387243

[64, 53, 1, 24, 19]

========== Iteration: 8 ===========


Fitness: 0.5293756711049948

[38, 50, 1, 24, 20]

Fitness: 0.5293756711049948

[38, 50, 1, 24, 20]

Fitness: 0.48908417005448124

[38, 50, 1, 25, 28]

Fitness: 0.477353190817776

[62, 53, 1, 25, 23]

Fitness: 0.47494947090241374

[62, 53, 1, 25, 19]

========== Iteration: 9 ===========


Fitness: 0.5293756711049948

[38, 50, 1, 24, 20]

Fitness: 0.5293756711049948

[38, 50, 1, 24, 20]

Fitness: 0.5293756711049948

[38, 50, 1, 24, 20]

Fitness: 0.5293756711049948

[38, 50, 1, 24, 20]

Fitness: 0.5293756711049948

[38, 50, 1, 24, 20]

========== Iteration: 10 ===========


Fitness: 0.5293756711049948

[38, 50, 1, 24, 20]

Fitness: 0.5293756711049948

[38, 50, 1, 24, 20]

Fitness: 0.5293756711049948

[38, 50, 1, 24, 20]

Fitness: 0.5293756711049948

[38, 50, 1, 24, 20]

Fitness: 0.5293756711049948

[38, 50, 1, 24, 20]

 it: 10 writing ...


========== Iteration: 11 ===========


Fitness: 0.5298779336346893

[38, 50, 1, 25, 25]

Fitness: 0.5293756711049948

[38, 50, 1, 24, 20]

Fitness: 0.5293756711049948

[38, 50, 1, 24, 20]

Fitness: 0.5293756711049948

[38, 50, 1, 24, 20]

Fitness: 0.5293756711049948

[38, 50, 1, 24, 20]

========== Iteration: 12 ===========


Fitness: 0.5298779336346893

[38, 50, 1, 25, 25]

Fitness: 0.5298779336346893

[38, 50, 1, 25, 25]

Fitness: 0.5293756711049948

[38, 50, 1, 24, 20]

Fitness: 0.5293756711049948

[38, 50, 1, 24, 20]

Fitness: 0.5293756711049948

[38, 50, 1, 24, 20]

========== Iteration: 13 ===========


Fitness: 0.5298779336346893

[38, 50, 1, 25, 25]

Fitness: 0.5298779336346893

[38, 50, 1, 25, 25]

Fitness: 0.5298779336346893

[38, 50, 1, 25, 25]

Fitness: 0.5298779336346893

[38, 50, 1, 25, 25]

Fitness: 0.5298779336346893

[38, 50, 1, 25, 25]

========== Iteration: 14 ===========


Fitness: 0.5298779336346893

[38, 50, 1, 25, 25]

Fitness: 0.5298779336346893

[38, 50, 1, 25, 25]

Fitness: 0.5298779336346893

[38, 50, 1, 25, 25]

Fitness: 0.5298779336346893

[38, 50, 1, 25, 25]

Fitness: 0.5298779336346893

[38, 50, 1, 25, 25]

========== Iteration: 15 ===========


Fitness: 0.5414730746418593

[38, 50, 1, 25, 29]

Fitness: 0.5298779336346893

[38, 50, 1, 25, 25]

Fitness: 0.5298779336346893

[38, 50, 1, 25, 25]

Fitness: 0.5298779336346893

[38, 50, 1, 25, 25]

Fitness: 0.5298779336346893

[38, 50, 1, 25, 25]

========== Iteration: 16 ===========


Fitness: 0.5414730746418593

[38, 50, 1, 25, 29]

Fitness: 0.5414730746418593

[38, 50, 1, 25, 29]

Fitness: 0.5414730746418593

[38, 50, 1, 25, 29]

Fitness: 0.5342511616218364

[33, 50, 1, 25, 25]

Fitness: 0.5298779336346893

[38, 50, 1, 25, 25]

========== Iteration: 17 ===========


Fitness: 0.5414730746418593

[38, 50, 1, 25, 29]

Fitness: 0.5414730746418593

[38, 50, 1, 25, 29]

Fitness: 0.5414730746418593

[38, 50, 1, 25, 29]

Fitness: 0.5414730746418593

[38, 50, 1, 25, 29]

Fitness: 0.5414730746418593

[38, 50, 1, 25, 29]

========== Iteration: 18 ===========


Fitness: 0.5414730746418593

[38, 50, 1, 25, 29]

Fitness: 0.5414730746418593

[38, 50, 1, 25, 29]

Fitness: 0.5414730746418593

[38, 50, 1, 25, 29]

Fitness: 0.5414730746418593

[38, 50, 1, 25, 29]

Fitness: 0.5414730746418593

[38, 50, 1, 25, 29]

========== Iteration: 19 ===========


Fitness: 0.5414730746418593

[38, 50, 1, 25, 29]

Fitness: 0.5414730746418593

[38, 50, 1, 25, 29]

Fitness: 0.5414730746418593

[38, 50, 1, 25, 29]

Fitness: 0.5414730746418593

[38, 50, 1, 25, 29]

Fitness: 0.5414730746418593

[38, 50, 1, 25, 29]

========== Iteration: 20 ===========


Fitness: 0.5414730746418593

[38, 50, 1, 25, 29]

Fitness: 0.5414730746418593

[38, 50, 1, 25, 29]

Fitness: 0.5414730746418593

[38, 50, 1, 25, 29]

Fitness: 0.5414730746418593

[38, 50, 1, 25, 29]

Fitness: 0.5414730746418593

[38, 50, 1, 25, 29]

 it: 20 writing ...


========== Iteration: 21 ===========


Fitness: 0.5414730746418593

[38, 50, 1, 25, 29]

Fitness: 0.5414730746418593

[38, 50, 1, 25, 29]

Fitness: 0.5414730746418593

[38, 50, 1, 25, 29]

Fitness: 0.5414730746418593

[38, 50, 1, 25, 29]

Fitness: 0.5414730746418593

[38, 50, 1, 25, 29]
