
 it: 0 writing ...


========== Iteration: 1 ===========


Fitness: 0.47284517163650436

[64, 148, 3, 21, 26]

Fitness: 0.4663313270747961

[55, 269, 3, 20, 22]

Fitness: 0.43904087116025214

[22, 54, 3, 22, 12]

Fitness: 0.4279281461116307

[31, 97, 3, 21, 11]

Fitness: 0.42504031019027966

[31, 119, 3, 20, 24]

========== Iteration: 2 ===========


Fitness: 0.5052463076374738

[64, 269, 3, 20, 22]

Fitness: 0.5039231308636805

[97, 125, 3, 21, 25]

Fitness: 0.4808831185184318

[31, 119, 3, 20, 22]

Fitness: 0.47284517163650436

[64, 148, 3, 21, 26]

Fitness: 0.4663313270747961

[55, 269, 3, 20, 22]

========== Iteration: 3 ===========


Fitness: 0.529084946097196

[76, 119, 3, 21, 11]

Fitness: 0.5180541168477103

[31, 119, 3, 20, 25]

Fitness: 0.5180541168477103

[31, 119, 3, 20, 25]

Fitness: 0.5052463076374738

[64, 269, 3, 20, 22]

Fitness: 0.5039231308636805

[97, 125, 3, 21, 25]

========== Iteration: 4 ===========


Fitness: 0.5792625351403995

[31, 119, 3, 20, 16]

Fitness: 0.529084946097196

[76, 119, 3, 21, 11]

Fitness: 0.529084946097196

[76, 119, 3, 21, 11]

Fitness: 0.529084946097196

[76, 119, 3, 21, 11]

Fitness: 0.5180541168477103

[31, 119, 3, 20, 25]

========== Iteration: 5 ===========


Fitness: 0.5792625351403995

[31, 119, 3, 20, 16]

Fitness: 0.5792625351403995

[31, 119, 3, 20, 16]

Fitness: 0.5792625351403995

[31, 119, 3, 20, 16]

Fitness: 0.5297258735170919

[44, 125, 3, 21, 25]

Fitness: 0.529084946097196

[76, 119, 3, 21, 11]

========== Iteration: 6 ===========


Fitness: 0.5792625351403995

[31, 119, 3, 20, 16]

Fitness: 0.5792625351403995

[31, 119, 3, 20, 16]

Fitness: 0.5792625351403995

[31, 119, 3, 20, 16]

Fitness: 0.5792625351403995

[31, 119, 3, 20, 16]

Fitness: 0.5792625351403995

[31, 119, 3, 20, 16]

========== Iteration: 7 ===========


Fitness: 0.5792625351403995

[31, 119, 3, 20, 16]

Fitness: 0.5792625351403995

[31, 119, 3, 20, 16]

Fitness: 0.5792625351403995

[31, 119, 3, 20, 16]

Fitness: 0.5792625351403995

[31, 119, 3, 20, 16]

Fitness: 0.5792625351403995

[31, 119, 3, 20, 16]

========== Iteration: 8 ===========


Fitness: 0.5792625351403995

[31, 119, 3, 20, 16]

Fitness: 0.5792625351403995

[31, 119, 3, 20, 16]

Fitness: 0.5792625351403995

[31, 119, 3, 20, 16]

Fitness: 0.5792625351403995

[31, 119, 3, 20, 16]

Fitness: 0.5792625351403995

[31, 119, 3, 20, 16]

========== Iteration: 9 ===========


Fitness: 0.5792625351403995

[31, 119, 3, 20, 16]

Fitness: 0.5792625351403995

[31, 119, 3, 20, 16]

Fitness: 0.5792625351403995

[31, 119, 3, 20, 16]

Fitness: 0.5792625351403995

[31, 119, 3, 20, 16]

Fitness: 0.5792625351403995

[31, 119, 3, 20, 16]

========== Iteration: 10 ===========


Fitness: 0.5792625351403995

[31, 119, 3, 20, 16]

Fitness: 0.5792625351403995

[31, 119, 3, 20, 16]

Fitness: 0.5792625351403995

[31, 119, 3, 20, 16]

Fitness: 0.5792625351403995

[31, 119, 3, 20, 16]

Fitness: 0.5792625351403995

[31, 119, 3, 20, 16]

 it: 10 writing ...


========== Iteration: 11 ===========


Fitness: 0.5792625351403995

[31, 119, 3, 20, 16]

Fitness: 0.5792625351403995

[31, 119, 3, 20, 16]

Fitness: 0.5792625351403995

[31, 119, 3, 20, 16]

Fitness: 0.5792625351403995

[31, 119, 3, 20, 16]

Fitness: 0.5792625351403995

[31, 119, 3, 20, 16]

========== Iteration: 12 ===========


Fitness: 0.5792625351403995

[31, 119, 3, 20, 16]

Fitness: 0.5792625351403995

[31, 119, 3, 20, 16]

Fitness: 0.5792625351403995

[31, 119, 3, 20, 16]

Fitness: 0.5792625351403995

[31, 119, 3, 20, 16]

Fitness: 0.5792625351403995

[31, 119, 3, 20, 16]

========== Iteration: 13 ===========


Fitness: 0.5792625351403995

[31, 119, 3, 20, 16]

Fitness: 0.5792625351403995

[31, 119, 3, 20, 16]

Fitness: 0.5792625351403995

[31, 119, 3, 20, 16]

Fitness: 0.5792625351403995

[31, 119, 3, 20, 16]

Fitness: 0.5792625351403995

[31, 119, 3, 20, 16]

========== Iteration: 14 ===========


Fitness: 0.5792625351403995

[31, 119, 3, 20, 16]

Fitness: 0.5792625351403995

[31, 119, 3, 20, 16]

Fitness: 0.5792625351403995

[31, 119, 3, 20, 16]

Fitness: 0.5792625351403995

[31, 119, 3, 20, 16]

Fitness: 0.5792625351403995

[31, 119, 3, 20, 16]

========== Iteration: 15 ===========


Fitness: 0.5792625351403995

[31, 119, 3, 20, 16]

Fitness: 0.5792625351403995

[31, 119, 3, 20, 16]

Fitness: 0.5792625351403995

[31, 119, 3, 20, 16]

Fitness: 0.5792625351403995

[31, 119, 3, 20, 16]

Fitness: 0.5792625351403995

[31, 119, 3, 20, 16]

========== Iteration: 16 ===========


Fitness: 0.5792625351403995

[31, 119, 3, 20, 16]

Fitness: 0.5792625351403995

[31, 119, 3, 20, 16]

Fitness: 0.5792625351403995

[31, 119, 3, 20, 16]

Fitness: 0.5792625351403995

[31, 119, 3, 20, 16]

Fitness: 0.5792625351403995

[31, 119, 3, 20, 16]

========== Iteration: 17 ===========


Fitness: 0.5792625351403995

[31, 119, 3, 20, 16]

Fitness: 0.5792625351403995

[31, 119, 3, 20, 16]

Fitness: 0.5792625351403995

[31, 119, 3, 20, 16]

Fitness: 0.5792625351403995

[31, 119, 3, 20, 16]

Fitness: 0.5792625351403995

[31, 119, 3, 20, 16]

========== Iteration: 18 ===========


Fitness: 0.5792625351403995

[31, 119, 3, 20, 16]

Fitness: 0.5792625351403995

[31, 119, 3, 20, 16]

Fitness: 0.5792625351403995

[31, 119, 3, 20, 16]

Fitness: 0.5792625351403995

[31, 119, 3, 20, 16]

Fitness: 0.5792625351403995

[31, 119, 3, 20, 16]

========== Iteration: 19 ===========


Fitness: 0.5792625351403995

[31, 119, 3, 20, 16]

Fitness: 0.5792625351403995

[31, 119, 3, 20, 16]

Fitness: 0.5792625351403995

[31, 119, 3, 20, 16]

Fitness: 0.5792625351403995

[31, 119, 3, 20, 16]

Fitness: 0.5792625351403995

[31, 119, 3, 20, 16]

========== Iteration: 20 ===========


Fitness: 0.5792625351403995

[31, 119, 3, 20, 16]

Fitness: 0.5792625351403995

[31, 119, 3, 20, 16]

Fitness: 0.5792625351403995

[31, 119, 3, 20, 16]

Fitness: 0.5792625351403995

[31, 119, 3, 20, 16]

Fitness: 0.5792625351403995

[31, 119, 3, 20, 16]

 it: 20 writing ...


========== Iteration: 21 ===========


Fitness: 0.5792625351403995

[31, 119, 3, 20, 16]

Fitness: 0.5792625351403995

[31, 119, 3, 20, 16]

Fitness: 0.5792625351403995

[31, 119, 3, 20, 16]

Fitness: 0.5792625351403995

[31, 119, 3, 20, 16]

Fitness: 0.5792625351403995

[31, 119, 3, 20, 16]
