
 it: 0 writing ...


========== Iteration: 1 ===========


Fitness: 0.306429128634516

[98, 161, 2, 0, 24]

Fitness: 0.2756300019167046

[40, 121, 2, 0, 28]

Fitness: 0.26634983761705905

[51, 106, 2, 0, 27]

Fitness: 0.25

[87, 71, 2, 0, 11]

Fitness: 0.24166522123541379

[66, 254, 2, 0, 25]

========== Iteration: 2 ===========


Fitness: 0.306429128634516

[98, 161, 2, 0, 24]

Fitness: 0.2756300019167046

[40, 121, 2, 0, 28]

Fitness: 0.2756300019167046

[40, 121, 2, 0, 28]

Fitness: 0.26634983761705905

[51, 106, 2, 0, 27]

Fitness: 0.26634983761705905

[51, 106, 2, 0, 27]

========== Iteration: 3 ===========


Fitness: 0.306429128634516

[98, 161, 2, 0, 24]

Fitness: 0.2803858944690789

[47, 166, 2, 0, 28]

Fitness: 0.2756300019167046

[40, 121, 2, 0, 28]

Fitness: 0.2756300019167046

[40, 121, 2, 0, 28]

Fitness: 0.2756300019167046

[40, 121, 2, 0, 28]

========== Iteration: 4 ===========


Fitness: 0.31216014878185333

[40, 203, 2, 0, 27]

Fitness: 0.306429128634516

[98, 161, 2, 0, 24]

Fitness: 0.306429128634516

[98, 161, 2, 0, 24]

Fitness: 0.29639403718742297

[69, 237, 2, 0, 28]

Fitness: 0.2803858944690789

[47, 166, 2, 0, 28]

========== Iteration: 5 ===========


Fitness: 0.31216014878185333

[40, 203, 2, 0, 27]

Fitness: 0.306429128634516

[98, 161, 2, 0, 24]

Fitness: 0.306429128634516

[98, 161, 2, 0, 24]

Fitness: 0.306429128634516

[98, 161, 2, 0, 24]

Fitness: 0.306429128634516

[98, 161, 2, 0, 24]

========== Iteration: 6 ===========


Fitness: 0.31216014878185333

[40, 203, 2, 0, 27]

Fitness: 0.306429128634516

[98, 161, 2, 0, 24]

Fitness: 0.306429128634516

[98, 161, 2, 0, 24]

Fitness: 0.306429128634516

[98, 161, 2, 0, 24]

Fitness: 0.306429128634516

[98, 161, 2, 0, 24]

========== Iteration: 7 ===========


Fitness: 0.31216014878185333

[40, 203, 2, 0, 27]

Fitness: 0.31216014878185333

[40, 203, 2, 0, 27]

Fitness: 0.306429128634516

[98, 161, 2, 0, 24]

Fitness: 0.306429128634516

[98, 161, 2, 0, 24]

Fitness: 0.306429128634516

[98, 161, 2, 0, 24]

========== Iteration: 8 ===========


Fitness: 0.31216014878185333

[40, 203, 2, 0, 27]

Fitness: 0.31216014878185333

[40, 203, 2, 0, 27]

Fitness: 0.31216014878185333

[40, 203, 2, 0, 27]

Fitness: 0.31216014878185333

[40, 203, 2, 0, 27]

Fitness: 0.31216014878185333

[40, 203, 2, 0, 27]

========== Iteration: 9 ===========


Fitness: 0.31216014878185333

[40, 203, 2, 0, 27]

Fitness: 0.31216014878185333

[40, 203, 2, 0, 27]

Fitness: 0.31216014878185333

[40, 203, 2, 0, 27]

Fitness: 0.31216014878185333

[40, 203, 2, 0, 27]

Fitness: 0.31216014878185333

[40, 203, 2, 0, 27]

========== Iteration: 10 ===========


Fitness: 0.31216014878185333

[40, 203, 2, 0, 27]

Fitness: 0.31216014878185333

[40, 203, 2, 0, 27]

Fitness: 0.31216014878185333

[40, 203, 2, 0, 27]

Fitness: 0.31216014878185333

[40, 203, 2, 0, 27]

Fitness: 0.31216014878185333

[40, 203, 2, 0, 27]

 it: 10 writing ...


========== Iteration: 11 ===========


Fitness: 0.31216014878185333

[40, 203, 2, 0, 27]

Fitness: 0.31216014878185333

[40, 203, 2, 0, 27]

Fitness: 0.31216014878185333

[40, 203, 2, 0, 27]

Fitness: 0.31216014878185333

[40, 203, 2, 0, 27]

Fitness: 0.31216014878185333

[40, 203, 2, 0, 27]

========== Iteration: 12 ===========


Fitness: 0.31216014878185333

[40, 203, 2, 0, 27]

Fitness: 0.31216014878185333

[40, 203, 2, 0, 27]

Fitness: 0.31216014878185333

[40, 203, 2, 0, 27]

Fitness: 0.31216014878185333

[40, 203, 2, 0, 27]

Fitness: 0.31216014878185333

[40, 203, 2, 0, 27]

========== Iteration: 13 ===========


Fitness: 0.31216014878185333

[40, 203, 2, 0, 27]

Fitness: 0.31216014878185333

[40, 203, 2, 0, 27]

Fitness: 0.31216014878185333

[40, 203, 2, 0, 27]

Fitness: 0.31216014878185333

[40, 203, 2, 0, 27]

Fitness: 0.31216014878185333

[40, 203, 2, 0, 27]

========== Iteration: 14 ===========


Fitness: 0.31216014878185333

[40, 203, 2, 0, 27]

Fitness: 0.31216014878185333

[40, 203, 2, 0, 27]

Fitness: 0.31216014878185333

[40, 203, 2, 0, 27]

Fitness: 0.31216014878185333

[40, 203, 2, 0, 27]

Fitness: 0.31216014878185333

[40, 203, 2, 0, 27]

========== Iteration: 15 ===========


Fitness: 0.31216014878185333

[40, 203, 2, 0, 27]

Fitness: 0.31216014878185333

[40, 203, 2, 0, 27]

Fitness: 0.31216014878185333

[40, 203, 2, 0, 27]

Fitness: 0.31216014878185333

[40, 203, 2, 0, 27]

Fitness: 0.31216014878185333

[40, 203, 2, 0, 27]

========== Iteration: 16 ===========


Fitness: 0.31216014878185333

[40, 203, 2, 0, 27]

Fitness: 0.31216014878185333

[40, 203, 2, 0, 27]

Fitness: 0.31216014878185333

[40, 203, 2, 0, 27]

Fitness: 0.31216014878185333

[40, 203, 2, 0, 27]

Fitness: 0.31216014878185333

[40, 203, 2, 0, 27]

========== Iteration: 17 ===========


Fitness: 0.31216014878185333

[40, 203, 2, 0, 27]

Fitness: 0.31216014878185333

[40, 203, 2, 0, 27]

Fitness: 0.31216014878185333

[40, 203, 2, 0, 27]

Fitness: 0.31216014878185333

[40, 203, 2, 0, 27]

Fitness: 0.31216014878185333

[40, 203, 2, 0, 27]

========== Iteration: 18 ===========


Fitness: 0.31216014878185333

[40, 203, 2, 0, 27]

Fitness: 0.31216014878185333

[40, 203, 2, 0, 27]

Fitness: 0.31216014878185333

[40, 203, 2, 0, 27]

Fitness: 0.31216014878185333

[40, 203, 2, 0, 27]

Fitness: 0.31216014878185333

[40, 203, 2, 0, 27]

========== Iteration: 19 ===========


Fitness: 0.31216014878185333

[40, 203, 2, 0, 27]

Fitness: 0.31216014878185333

[40, 203, 2, 0, 27]

Fitness: 0.31216014878185333

[40, 203, 2, 0, 27]

Fitness: 0.31216014878185333

[40, 203, 2, 0, 27]

Fitness: 0.31216014878185333

[40, 203, 2, 0, 27]

========== Iteration: 20 ===========


Fitness: 0.31216014878185333

[40, 203, 2, 0, 27]

Fitness: 0.31216014878185333

[40, 203, 2, 0, 27]

Fitness: 0.31216014878185333

[40, 203, 2, 0, 27]

Fitness: 0.31216014878185333

[40, 203, 2, 0, 27]

Fitness: 0.31216014878185333

[40, 203, 2, 0, 27]

 it: 20 writing ...


========== Iteration: 21 ===========


Fitness: 0.31216014878185333

[40, 203, 2, 0, 27]

Fitness: 0.31216014878185333

[40, 203, 2, 0, 27]

Fitness: 0.31216014878185333

[40, 203, 2, 0, 27]

Fitness: 0.31216014878185333

[40, 203, 2, 0, 27]

Fitness: 0.31216014878185333

[40, 203, 2, 0, 27]
