Number of processors:  32

 it: 0 writing ...


========== Iteration: 1 ===========


Fitness: 0.2596683807825549

[86, 167, 1, 0, 10]

Fitness: 0.25

[79, 290, 1, 17, 28]

Fitness: 0.2490339846753639

[93, 188, 1, 0, 15]

Fitness: 0.24788750717660935

[22, 103, 1, 0, 10]

Fitness: 0.24634041123173203

[57, 101, 1, 0, 15]

========== Iteration: 2 ===========


Fitness: 0.2645311400177796

[79, 167, 1, 0, 10]

Fitness: 0.26241774074283347

[98, 229, 1, 0, 10]

Fitness: 0.2596683807825549

[86, 167, 1, 0, 10]

Fitness: 0.2596683807825549

[86, 167, 1, 0, 10]

Fitness: 0.2522613864556

[93, 188, 1, 0, 10]

========== Iteration: 3 ===========


Fitness: 0.26577866756213403

[86, 188, 1, 0, 10]

Fitness: 0.26577866756213403

[86, 188, 1, 0, 10]

Fitness: 0.2645311400177796

[79, 167, 1, 0, 10]

Fitness: 0.2645311400177796

[79, 167, 1, 0, 10]

Fitness: 0.2645311400177796

[79, 167, 1, 0, 10]

========== Iteration: 4 ===========


Fitness: 0.31913356703742785

[22, 50, 1, 0, 10]

Fitness: 0.31046019587284424

[79, 188, 1, 0, 10]

Fitness: 0.26577866756213403

[86, 188, 1, 0, 10]

Fitness: 0.26577866756213403

[86, 188, 1, 0, 10]

Fitness: 0.26577866756213403

[86, 188, 1, 0, 10]

========== Iteration: 5 ===========


Fitness: 0.31913356703742785

[22, 50, 1, 0, 10]

Fitness: 0.31913356703742785

[22, 50, 1, 0, 10]

Fitness: 0.31913356703742785

[22, 50, 1, 0, 10]

Fitness: 0.31913356703742785

[22, 50, 1, 0, 10]

Fitness: 0.31046019587284424

[79, 188, 1, 0, 10]

========== Iteration: 6 ===========


Fitness: 0.31913356703742785

[22, 50, 1, 0, 10]

Fitness: 0.31913356703742785

[22, 50, 1, 0, 10]

Fitness: 0.31913356703742785

[22, 50, 1, 0, 10]

Fitness: 0.31913356703742785

[22, 50, 1, 0, 10]

Fitness: 0.31913356703742785

[22, 50, 1, 0, 10]

========== Iteration: 7 ===========


Fitness: 0.31913356703742785

[22, 50, 1, 0, 10]

Fitness: 0.31913356703742785

[22, 50, 1, 0, 10]

Fitness: 0.31913356703742785

[22, 50, 1, 0, 10]

Fitness: 0.31913356703742785

[22, 50, 1, 0, 10]

Fitness: 0.31913356703742785

[22, 50, 1, 0, 10]

========== Iteration: 8 ===========


Fitness: 0.31913356703742785

[22, 50, 1, 0, 10]

Fitness: 0.31913356703742785

[22, 50, 1, 0, 10]

Fitness: 0.31913356703742785

[22, 50, 1, 0, 10]

Fitness: 0.31913356703742785

[22, 50, 1, 0, 10]

Fitness: 0.31913356703742785

[22, 50, 1, 0, 10]

========== Iteration: 9 ===========


Fitness: 0.31913356703742785

[22, 50, 1, 0, 10]

Fitness: 0.31913356703742785

[22, 50, 1, 0, 10]

Fitness: 0.31913356703742785

[22, 50, 1, 0, 10]

Fitness: 0.31913356703742785

[22, 50, 1, 0, 10]

Fitness: 0.31913356703742785

[22, 50, 1, 0, 10]

========== Iteration: 10 ===========


Fitness: 0.31913356703742785

[22, 50, 1, 0, 10]

Fitness: 0.31913356703742785

[22, 50, 1, 0, 10]

Fitness: 0.31913356703742785

[22, 50, 1, 0, 10]

Fitness: 0.31913356703742785

[22, 50, 1, 0, 10]

Fitness: 0.31913356703742785

[22, 50, 1, 0, 10]

 it: 10 writing ...


========== Iteration: 11 ===========


Fitness: 0.31913356703742785

[22, 50, 1, 0, 10]

Fitness: 0.31913356703742785

[22, 50, 1, 0, 10]

Fitness: 0.31913356703742785

[22, 50, 1, 0, 10]

Fitness: 0.31913356703742785

[22, 50, 1, 0, 10]

Fitness: 0.31913356703742785

[22, 50, 1, 0, 10]

========== Iteration: 12 ===========


Fitness: 0.31913356703742785

[22, 50, 1, 0, 10]

Fitness: 0.31913356703742785

[22, 50, 1, 0, 10]

Fitness: 0.31913356703742785

[22, 50, 1, 0, 10]

Fitness: 0.31913356703742785

[22, 50, 1, 0, 10]

Fitness: 0.31913356703742785

[22, 50, 1, 0, 10]

========== Iteration: 13 ===========


Fitness: 0.31913356703742785

[22, 50, 1, 0, 10]

Fitness: 0.31913356703742785

[22, 50, 1, 0, 10]

Fitness: 0.31913356703742785

[22, 50, 1, 0, 10]

Fitness: 0.31913356703742785

[22, 50, 1, 0, 10]

Fitness: 0.31913356703742785

[22, 50, 1, 0, 10]

========== Iteration: 14 ===========


Fitness: 0.31913356703742785

[22, 50, 1, 0, 10]

Fitness: 0.31913356703742785

[22, 50, 1, 0, 10]

Fitness: 0.31913356703742785

[22, 50, 1, 0, 10]

Fitness: 0.31913356703742785

[22, 50, 1, 0, 10]

Fitness: 0.31913356703742785

[22, 50, 1, 0, 10]

========== Iteration: 15 ===========


Fitness: 0.31913356703742785

[22, 50, 1, 0, 10]

Fitness: 0.31913356703742785

[22, 50, 1, 0, 10]

Fitness: 0.31913356703742785

[22, 50, 1, 0, 10]

Fitness: 0.31913356703742785

[22, 50, 1, 0, 10]

Fitness: 0.31913356703742785

[22, 50, 1, 0, 10]

========== Iteration: 16 ===========


Fitness: 0.31913356703742785

[22, 50, 1, 0, 10]

Fitness: 0.31913356703742785

[22, 50, 1, 0, 10]

Fitness: 0.31913356703742785

[22, 50, 1, 0, 10]

Fitness: 0.31913356703742785

[22, 50, 1, 0, 10]

Fitness: 0.31913356703742785

[22, 50, 1, 0, 10]

========== Iteration: 17 ===========


Fitness: 0.31913356703742785

[22, 50, 1, 0, 10]

Fitness: 0.31913356703742785

[22, 50, 1, 0, 10]

Fitness: 0.31913356703742785

[22, 50, 1, 0, 10]

Fitness: 0.31913356703742785

[22, 50, 1, 0, 10]

Fitness: 0.31913356703742785

[22, 50, 1, 0, 10]

========== Iteration: 18 ===========


Fitness: 0.31913356703742785

[22, 50, 1, 0, 10]

Fitness: 0.31913356703742785

[22, 50, 1, 0, 10]

Fitness: 0.31913356703742785

[22, 50, 1, 0, 10]

Fitness: 0.31913356703742785

[22, 50, 1, 0, 10]

Fitness: 0.31913356703742785

[22, 50, 1, 0, 10]

========== Iteration: 19 ===========


Fitness: 0.31913356703742785

[22, 50, 1, 0, 10]

Fitness: 0.31913356703742785

[22, 50, 1, 0, 10]

Fitness: 0.31913356703742785

[22, 50, 1, 0, 10]

Fitness: 0.31913356703742785

[22, 50, 1, 0, 10]

Fitness: 0.31913356703742785

[22, 50, 1, 0, 10]

========== Iteration: 20 ===========


Fitness: 0.31913356703742785

[22, 50, 1, 0, 10]

Fitness: 0.31913356703742785

[22, 50, 1, 0, 10]

Fitness: 0.31913356703742785

[22, 50, 1, 0, 10]

Fitness: 0.31913356703742785

[22, 50, 1, 0, 10]

Fitness: 0.31913356703742785

[22, 50, 1, 0, 10]

 it: 20 writing ...


========== Iteration: 21 ===========


Fitness: 0.31913356703742785

[22, 50, 1, 0, 10]

Fitness: 0.31913356703742785

[22, 50, 1, 0, 10]

Fitness: 0.31913356703742785

[22, 50, 1, 0, 10]

Fitness: 0.31913356703742785

[22, 50, 1, 0, 10]

Fitness: 0.31913356703742785

[22, 50, 1, 0, 10]
