Number of processors:  32

 it: 0 writing ...


========== Iteration: 1 ===========


Fitness: 0.180218766181067

[82, 191, 3, 20, 21]

Fitness: 0.1660265627321351

[90, 235, 3, 20, 27]

Fitness: 0.14238840191599886

[26, 54, 3, 0, 27]

Fitness: 0.1420101102757367

[87, 96, 3, 0, 24]

Fitness: 0.1410024085594184

[53, 62, 3, 0, 27]

========== Iteration: 2 ===========


Fitness: 0.2184828913280133

[53, 244, 3, 23, 23]

Fitness: 0.20960911854815728

[28, 269, 3, 21, 10]

Fitness: 0.18174178237493482

[21, 172, 3, 15, 10]

Fitness: 0.180218766181067

[82, 191, 3, 20, 21]

Fitness: 0.1736159875898528

[30, 244, 3, 23, 29]

========== Iteration: 3 ===========


Fitness: 0.29023836779487

[53, 269, 3, 21, 10]

Fitness: 0.2184828913280133

[53, 244, 3, 23, 23]

Fitness: 0.2184828913280133

[53, 244, 3, 23, 23]

Fitness: 0.20960911854815728

[28, 269, 3, 21, 10]

Fitness: 0.20960911854815728

[28, 269, 3, 21, 10]

========== Iteration: 4 ===========


Fitness: 0.29023836779487

[53, 269, 3, 21, 10]

Fitness: 0.29023836779487

[53, 269, 3, 21, 10]

Fitness: 0.29023836779487

[53, 269, 3, 21, 10]

Fitness: 0.2378975708966455

[28, 244, 3, 23, 29]

Fitness: 0.2378975708966455

[28, 244, 3, 23, 29]

========== Iteration: 5 ===========


Fitness: 0.31802548858654855

[28, 269, 3, 25, 10]

Fitness: 0.31579074882991115

[30, 244, 3, 23, 10]

Fitness: 0.29023836779487

[53, 269, 3, 21, 10]

Fitness: 0.29023836779487

[53, 269, 3, 21, 10]

Fitness: 0.29023836779487

[53, 269, 3, 21, 10]

========== Iteration: 6 ===========


Fitness: 0.3632104257809053

[28, 244, 3, 23, 10]

Fitness: 0.3632104257809053

[28, 244, 3, 23, 10]

Fitness: 0.31802548858654855

[28, 269, 3, 25, 10]

Fitness: 0.31802548858654855

[28, 269, 3, 25, 10]

Fitness: 0.31579074882991115

[30, 244, 3, 23, 10]

========== Iteration: 7 ===========


Fitness: 0.38831172367405886

[30, 269, 3, 25, 10]

Fitness: 0.3800516912333115

[28, 166, 3, 23, 10]

Fitness: 0.3740279885145147

[28, 244, 3, 25, 10]

Fitness: 0.3632104257809053

[28, 244, 3, 23, 10]

Fitness: 0.3632104257809053

[28, 244, 3, 23, 10]

========== Iteration: 8 ===========


Fitness: 0.38831172367405886

[30, 269, 3, 25, 10]

Fitness: 0.38831172367405886

[30, 269, 3, 25, 10]

Fitness: 0.38831172367405886

[30, 269, 3, 25, 10]

Fitness: 0.38831172367405886

[30, 269, 3, 25, 10]

Fitness: 0.3800516912333115

[28, 166, 3, 23, 10]

========== Iteration: 9 ===========


Fitness: 0.38831172367405886

[30, 269, 3, 25, 10]

Fitness: 0.38831172367405886

[30, 269, 3, 25, 10]

Fitness: 0.38831172367405886

[30, 269, 3, 25, 10]

Fitness: 0.38831172367405886

[30, 269, 3, 25, 10]

Fitness: 0.38831172367405886

[30, 269, 3, 25, 10]

========== Iteration: 10 ===========


Fitness: 0.3952132851615536

[30, 224, 3, 25, 10]

Fitness: 0.3900481555835113

[30, 269, 3, 25, 12]

Fitness: 0.38831172367405886

[30, 269, 3, 25, 10]

Fitness: 0.38831172367405886

[30, 269, 3, 25, 10]

Fitness: 0.38831172367405886

[30, 269, 3, 25, 10]

 it: 10 writing ...


========== Iteration: 11 ===========


Fitness: 0.3952132851615536

[30, 224, 3, 25, 10]

Fitness: 0.3952132851615536

[30, 224, 3, 25, 10]

Fitness: 0.3900481555835113

[30, 269, 3, 25, 12]

Fitness: 0.3900481555835113

[30, 269, 3, 25, 12]

Fitness: 0.3900481555835113

[30, 269, 3, 25, 12]

========== Iteration: 12 ===========


Fitness: 0.3952132851615536

[30, 224, 3, 25, 10]

Fitness: 0.3952132851615536

[30, 224, 3, 25, 10]

Fitness: 0.3952132851615536

[30, 224, 3, 25, 10]

Fitness: 0.3952132851615536

[30, 224, 3, 25, 10]

Fitness: 0.3952132851615536

[30, 224, 3, 25, 10]

========== Iteration: 13 ===========


Fitness: 0.3983242374365286

[30, 235, 3, 25, 10]

Fitness: 0.3962464530083115

[30, 189, 3, 25, 12]

Fitness: 0.3952132851615536

[30, 224, 3, 25, 10]

Fitness: 0.3952132851615536

[30, 224, 3, 25, 10]

Fitness: 0.3952132851615536

[30, 224, 3, 25, 10]

========== Iteration: 14 ===========


Fitness: 0.3983242374365286

[30, 235, 3, 25, 10]

Fitness: 0.3983242374365286

[30, 235, 3, 25, 10]

Fitness: 0.3962464530083115

[30, 189, 3, 25, 12]

Fitness: 0.3962464530083115

[30, 189, 3, 25, 12]

Fitness: 0.3962464530083115

[30, 189, 3, 25, 12]

========== Iteration: 15 ===========


Fitness: 0.40452606280384507

[30, 189, 3, 25, 10]

Fitness: 0.3983242374365286

[30, 235, 3, 25, 10]

Fitness: 0.3983242374365286

[30, 235, 3, 25, 10]

Fitness: 0.3983242374365286

[30, 235, 3, 25, 10]

Fitness: 0.3983242374365286

[30, 235, 3, 25, 10]

========== Iteration: 16 ===========


Fitness: 0.40452606280384507

[30, 189, 3, 25, 10]

Fitness: 0.3983242374365286

[30, 235, 3, 25, 10]

Fitness: 0.3983242374365286

[30, 235, 3, 25, 10]

Fitness: 0.3983242374365286

[30, 235, 3, 25, 10]

Fitness: 0.3983242374365286

[30, 235, 3, 25, 10]

========== Iteration: 17 ===========


Fitness: 0.40452606280384507

[30, 189, 3, 25, 10]

Fitness: 0.40452606280384507

[30, 189, 3, 25, 10]

Fitness: 0.40452606280384507

[30, 189, 3, 25, 10]

Fitness: 0.3983242374365286

[30, 235, 3, 25, 10]

Fitness: 0.3983242374365286

[30, 235, 3, 25, 10]

========== Iteration: 18 ===========


Fitness: 0.40452606280384507

[30, 189, 3, 25, 10]

Fitness: 0.40452606280384507

[30, 189, 3, 25, 10]

Fitness: 0.40452606280384507

[30, 189, 3, 25, 10]

Fitness: 0.3983242374365286

[30, 235, 3, 25, 10]

Fitness: 0.3983242374365286

[30, 235, 3, 25, 10]

========== Iteration: 19 ===========


Fitness: 0.40452606280384507

[30, 189, 3, 25, 10]

Fitness: 0.40452606280384507

[30, 189, 3, 25, 10]

Fitness: 0.40452606280384507

[30, 189, 3, 25, 10]

Fitness: 0.40452606280384507

[30, 189, 3, 25, 10]

Fitness: 0.40452606280384507

[30, 189, 3, 25, 10]

========== Iteration: 20 ===========


Fitness: 0.40452606280384507

[30, 189, 3, 25, 10]

Fitness: 0.40452606280384507

[30, 189, 3, 25, 10]

Fitness: 0.40452606280384507

[30, 189, 3, 25, 10]

Fitness: 0.40452606280384507

[30, 189, 3, 25, 10]

Fitness: 0.40452606280384507

[30, 189, 3, 25, 10]

 it: 20 writing ...


========== Iteration: 21 ===========


Fitness: 0.40452606280384507

[30, 189, 3, 25, 10]

Fitness: 0.40452606280384507

[30, 189, 3, 25, 10]

Fitness: 0.40452606280384507

[30, 189, 3, 25, 10]

Fitness: 0.40452606280384507

[30, 189, 3, 25, 10]

Fitness: 0.40452606280384507

[30, 189, 3, 25, 10]
