
 it: 0 writing ...


========== Iteration: 1 ===========


Fitness: 0.3805476581070915

[53, 148, 2, 19, 18]

Fitness: 0.28669910414521704

[41, 227, 2, 20, 14]

Fitness: 0.22453274519451122

[30, 135, 2, 20, 18]

Fitness: 0.19961670346678423

[94, 229, 2, 0, 21]

Fitness: 0.19951351881064483

[51, 170, 2, 0, 18]

========== Iteration: 2 ===========


Fitness: 0.6019047763699377

[53, 148, 2, 19, 13]

Fitness: 0.42699444361708394

[94, 229, 2, 20, 18]

Fitness: 0.3805476581070915

[53, 148, 2, 19, 18]

Fitness: 0.37845748553178093

[41, 135, 2, 20, 18]

Fitness: 0.3238116171433235

[69, 299, 2, 22, 24]

========== Iteration: 3 ===========


Fitness: 0.6019047763699377

[53, 148, 2, 19, 13]

Fitness: 0.6019047763699377

[53, 148, 2, 19, 13]

Fitness: 0.42699444361708394

[94, 229, 2, 20, 18]

Fitness: 0.41984054070290605

[94, 229, 2, 20, 10]

Fitness: 0.3805476581070915

[53, 148, 2, 19, 18]

========== Iteration: 4 ===========


Fitness: 0.6019047763699377

[53, 148, 2, 19, 13]

Fitness: 0.6019047763699377

[53, 148, 2, 19, 13]

Fitness: 0.506763047838225

[53, 148, 2, 19, 10]

Fitness: 0.42699444361708394

[94, 229, 2, 20, 18]

Fitness: 0.41984054070290605

[94, 229, 2, 20, 10]

========== Iteration: 5 ===========


Fitness: 0.6019047763699377

[53, 148, 2, 19, 13]

Fitness: 0.6019047763699377

[53, 148, 2, 19, 13]

Fitness: 0.506763047838225

[53, 148, 2, 19, 10]

Fitness: 0.506763047838225

[53, 148, 2, 19, 10]

Fitness: 0.5034059240033654

[53, 148, 2, 19, 19]

========== Iteration: 6 ===========


Fitness: 0.6019047763699377

[53, 148, 2, 19, 13]

Fitness: 0.6019047763699377

[53, 148, 2, 19, 13]

Fitness: 0.6019047763699377

[53, 148, 2, 19, 13]

Fitness: 0.6019047763699377

[53, 148, 2, 19, 13]

Fitness: 0.6019047763699377

[53, 148, 2, 19, 13]

========== Iteration: 7 ===========


Fitness: 0.6019047763699377

[53, 148, 2, 19, 13]

Fitness: 0.6019047763699377

[53, 148, 2, 19, 13]

Fitness: 0.6019047763699377

[53, 148, 2, 19, 13]

Fitness: 0.6019047763699377

[53, 148, 2, 19, 13]

Fitness: 0.6019047763699377

[53, 148, 2, 19, 13]

========== Iteration: 8 ===========


Fitness: 0.6019047763699377

[53, 148, 2, 19, 13]

Fitness: 0.6019047763699377

[53, 148, 2, 19, 13]

Fitness: 0.6019047763699377

[53, 148, 2, 19, 13]

Fitness: 0.6019047763699377

[53, 148, 2, 19, 13]

Fitness: 0.6019047763699377

[53, 148, 2, 19, 13]

========== Iteration: 9 ===========


Fitness: 0.6019047763699377

[53, 148, 2, 19, 13]

Fitness: 0.6019047763699377

[53, 148, 2, 19, 13]

Fitness: 0.6019047763699377

[53, 148, 2, 19, 13]

Fitness: 0.6019047763699377

[53, 148, 2, 19, 13]

Fitness: 0.6019047763699377

[53, 148, 2, 19, 13]

========== Iteration: 10 ===========


Fitness: 0.6019047763699377

[53, 148, 2, 19, 13]

Fitness: 0.6019047763699377

[53, 148, 2, 19, 13]

Fitness: 0.6019047763699377

[53, 148, 2, 19, 13]

Fitness: 0.6019047763699377

[53, 148, 2, 19, 13]

Fitness: 0.6019047763699377

[53, 148, 2, 19, 13]

 it: 10 writing ...


========== Iteration: 11 ===========


Fitness: 0.6019047763699377

[53, 148, 2, 19, 13]

Fitness: 0.6019047763699377

[53, 148, 2, 19, 13]

Fitness: 0.6019047763699377

[53, 148, 2, 19, 13]

Fitness: 0.6019047763699377

[53, 148, 2, 19, 13]

Fitness: 0.6019047763699377

[53, 148, 2, 19, 13]

========== Iteration: 12 ===========


Fitness: 0.6019047763699377

[53, 148, 2, 19, 13]

Fitness: 0.6019047763699377

[53, 148, 2, 19, 13]

Fitness: 0.6019047763699377

[53, 148, 2, 19, 13]

Fitness: 0.6019047763699377

[53, 148, 2, 19, 13]

Fitness: 0.6019047763699377

[53, 148, 2, 19, 13]

========== Iteration: 13 ===========


Fitness: 0.6019047763699377

[53, 148, 2, 19, 13]

Fitness: 0.6019047763699377

[53, 148, 2, 19, 13]

Fitness: 0.6019047763699377

[53, 148, 2, 19, 13]

Fitness: 0.6019047763699377

[53, 148, 2, 19, 13]

Fitness: 0.6019047763699377

[53, 148, 2, 19, 13]

========== Iteration: 14 ===========


Fitness: 0.6019047763699377

[53, 148, 2, 19, 13]

Fitness: 0.6019047763699377

[53, 148, 2, 19, 13]

Fitness: 0.6019047763699377

[53, 148, 2, 19, 13]

Fitness: 0.6019047763699377

[53, 148, 2, 19, 13]

Fitness: 0.6019047763699377

[53, 148, 2, 19, 13]

========== Iteration: 15 ===========


Fitness: 0.6019047763699377

[53, 148, 2, 19, 13]

Fitness: 0.6019047763699377

[53, 148, 2, 19, 13]

Fitness: 0.6019047763699377

[53, 148, 2, 19, 13]

Fitness: 0.6019047763699377

[53, 148, 2, 19, 13]

Fitness: 0.6019047763699377

[53, 148, 2, 19, 13]

========== Iteration: 16 ===========


Fitness: 0.6019047763699377

[53, 148, 2, 19, 13]

Fitness: 0.6019047763699377

[53, 148, 2, 19, 13]

Fitness: 0.6019047763699377

[53, 148, 2, 19, 13]

Fitness: 0.6019047763699377

[53, 148, 2, 19, 13]

Fitness: 0.6019047763699377

[53, 148, 2, 19, 13]

========== Iteration: 17 ===========


Fitness: 0.6768634960467989

[68, 148, 2, 19, 13]

Fitness: 0.6019047763699377

[53, 148, 2, 19, 13]

Fitness: 0.6019047763699377

[53, 148, 2, 19, 13]

Fitness: 0.6019047763699377

[53, 148, 2, 19, 13]

Fitness: 0.6019047763699377

[53, 148, 2, 19, 13]

========== Iteration: 18 ===========


Fitness: 0.6768634960467989

[68, 148, 2, 19, 13]

Fitness: 0.6019047763699377

[53, 148, 2, 19, 13]

Fitness: 0.6019047763699377

[53, 148, 2, 19, 13]

Fitness: 0.6019047763699377

[53, 148, 2, 19, 13]

Fitness: 0.6019047763699377

[53, 148, 2, 19, 13]

========== Iteration: 19 ===========


Fitness: 0.6768634960467989

[68, 148, 2, 19, 13]

Fitness: 0.6019047763699377

[53, 148, 2, 19, 13]

Fitness: 0.6019047763699377

[53, 148, 2, 19, 13]

Fitness: 0.6019047763699377

[53, 148, 2, 19, 13]

Fitness: 0.6019047763699377

[53, 148, 2, 19, 13]

========== Iteration: 20 ===========


Fitness: 0.6768634960467989

[68, 148, 2, 19, 13]

Fitness: 0.6768634960467989

[68, 148, 2, 19, 13]

Fitness: 0.6019047763699377

[53, 148, 2, 19, 13]

Fitness: 0.6019047763699377

[53, 148, 2, 19, 13]

Fitness: 0.6019047763699377

[53, 148, 2, 19, 13]

 it: 20 writing ...


========== Iteration: 21 ===========


Fitness: 0.6768634960467989

[68, 148, 2, 19, 13]

Fitness: 0.6768634960467989

[68, 148, 2, 19, 13]

Fitness: 0.6768634960467989

[68, 148, 2, 19, 13]

Fitness: 0.6768634960467989

[68, 148, 2, 19, 13]

Fitness: 0.6019047763699377

[53, 148, 2, 19, 13]
