Number of processors:  32

 it: 0 writing ...


========== Iteration: 1 ===========


Fitness: 0.6575940400624288

[78, 248, 1, 18, 16]

Fitness: 0.5856171478692541

[80, 207, 1, 15, 25]

Fitness: 0.5176555416785611

[53, 106, 1, 16, 26]

Fitness: 0.4879010064024013

[26, 76, 1, 17, 10]

Fitness: 0.3790762404470964

[98, 298, 1, 21, 10]

========== Iteration: 2 ===========


Fitness: 0.7167852191611038

[68, 226, 1, 18, 23]

Fitness: 0.6575940400624288

[78, 248, 1, 18, 16]

Fitness: 0.5856171478692541

[80, 207, 1, 15, 25]

Fitness: 0.5856171478692541

[80, 207, 1, 15, 25]

Fitness: 0.5856171478692541

[80, 207, 1, 15, 25]

========== Iteration: 3 ===========


Fitness: 0.7167852191611038

[68, 226, 1, 18, 23]

Fitness: 0.7167472791314927

[26, 76, 1, 16, 29]

Fitness: 0.697895027110142

[26, 76, 1, 17, 11]

Fitness: 0.667669096387208

[66, 106, 1, 15, 26]

Fitness: 0.6575940400624288

[78, 248, 1, 18, 16]

========== Iteration: 4 ===========


Fitness: 0.7659911950664196

[26, 76, 1, 17, 16]

Fitness: 0.7167852191611038

[68, 226, 1, 18, 23]

Fitness: 0.7167852191611038

[68, 226, 1, 18, 23]

Fitness: 0.7167852191611038

[68, 226, 1, 18, 23]

Fitness: 0.7167472791314927

[26, 76, 1, 16, 29]

========== Iteration: 5 ===========


Fitness: 0.7659911950664196

[26, 76, 1, 17, 16]

Fitness: 0.7659911950664196

[26, 76, 1, 17, 16]

Fitness: 0.7659911950664196

[26, 76, 1, 17, 16]

Fitness: 0.7167852191611038

[68, 226, 1, 18, 23]

Fitness: 0.7167852191611038

[68, 226, 1, 18, 23]

========== Iteration: 6 ===========


Fitness: 0.7659911950664196

[26, 76, 1, 17, 16]

Fitness: 0.7659911950664196

[26, 76, 1, 17, 16]

Fitness: 0.7659911950664196

[26, 76, 1, 17, 16]

Fitness: 0.7659911950664196

[26, 76, 1, 17, 16]

Fitness: 0.7659911950664196

[26, 76, 1, 17, 16]

========== Iteration: 7 ===========


Fitness: 0.7659911950664196

[26, 76, 1, 17, 16]

Fitness: 0.7659911950664196

[26, 76, 1, 17, 16]

Fitness: 0.7659911950664196

[26, 76, 1, 17, 16]

Fitness: 0.7659911950664196

[26, 76, 1, 17, 16]

Fitness: 0.7659911950664196

[26, 76, 1, 17, 16]

========== Iteration: 8 ===========


Fitness: 0.7659911950664196

[26, 76, 1, 17, 16]

Fitness: 0.7659911950664196

[26, 76, 1, 17, 16]

Fitness: 0.7659911950664196

[26, 76, 1, 17, 16]

Fitness: 0.7659911950664196

[26, 76, 1, 17, 16]

Fitness: 0.7659911950664196

[26, 76, 1, 17, 16]

========== Iteration: 9 ===========


Fitness: 0.7659911950664196

[26, 76, 1, 17, 16]

Fitness: 0.7659911950664196

[26, 76, 1, 17, 16]

Fitness: 0.7659911950664196

[26, 76, 1, 17, 16]

Fitness: 0.7659911950664196

[26, 76, 1, 17, 16]

Fitness: 0.7659911950664196

[26, 76, 1, 17, 16]

========== Iteration: 10 ===========


Fitness: 0.7659911950664196

[26, 76, 1, 17, 16]

Fitness: 0.7659911950664196

[26, 76, 1, 17, 16]

Fitness: 0.7659911950664196

[26, 76, 1, 17, 16]

Fitness: 0.7659911950664196

[26, 76, 1, 17, 16]

Fitness: 0.7659911950664196

[26, 76, 1, 17, 16]

 it: 10 writing ...


========== Iteration: 11 ===========


Fitness: 0.7659911950664196

[26, 76, 1, 17, 16]

Fitness: 0.7659911950664196

[26, 76, 1, 17, 16]

Fitness: 0.7659911950664196

[26, 76, 1, 17, 16]

Fitness: 0.7659911950664196

[26, 76, 1, 17, 16]

Fitness: 0.7659911950664196

[26, 76, 1, 17, 16]

========== Iteration: 12 ===========


Fitness: 0.7659911950664196

[26, 76, 1, 17, 16]

Fitness: 0.7659911950664196

[26, 76, 1, 17, 16]

Fitness: 0.7659911950664196

[26, 76, 1, 17, 16]

Fitness: 0.7659911950664196

[26, 76, 1, 17, 16]

Fitness: 0.7659911950664196

[26, 76, 1, 17, 16]

========== Iteration: 13 ===========


Fitness: 0.7659911950664196

[26, 76, 1, 17, 16]

Fitness: 0.7659911950664196

[26, 76, 1, 17, 16]

Fitness: 0.7659911950664196

[26, 76, 1, 17, 16]

Fitness: 0.7659911950664196

[26, 76, 1, 17, 16]

Fitness: 0.7659911950664196

[26, 76, 1, 17, 16]

========== Iteration: 14 ===========


Fitness: 0.7659911950664196

[26, 76, 1, 17, 16]

Fitness: 0.7659911950664196

[26, 76, 1, 17, 16]

Fitness: 0.7659911950664196

[26, 76, 1, 17, 16]

Fitness: 0.7659911950664196

[26, 76, 1, 17, 16]

Fitness: 0.7659911950664196

[26, 76, 1, 17, 16]

========== Iteration: 15 ===========


Fitness: 0.7659911950664196

[26, 76, 1, 17, 16]

Fitness: 0.7659911950664196

[26, 76, 1, 17, 16]

Fitness: 0.7659911950664196

[26, 76, 1, 17, 16]

Fitness: 0.7659911950664196

[26, 76, 1, 17, 16]

Fitness: 0.7659911950664196

[26, 76, 1, 17, 16]

========== Iteration: 16 ===========


Fitness: 0.7659911950664196

[26, 76, 1, 17, 16]

Fitness: 0.7659911950664196

[26, 76, 1, 17, 16]

Fitness: 0.7659911950664196

[26, 76, 1, 17, 16]

Fitness: 0.7659911950664196

[26, 76, 1, 17, 16]

Fitness: 0.7659911950664196

[26, 76, 1, 17, 16]

========== Iteration: 17 ===========


Fitness: 0.7659911950664196

[26, 76, 1, 17, 16]

Fitness: 0.7659911950664196

[26, 76, 1, 17, 16]

Fitness: 0.7659911950664196

[26, 76, 1, 17, 16]

Fitness: 0.7659911950664196

[26, 76, 1, 17, 16]

Fitness: 0.7659911950664196

[26, 76, 1, 17, 16]

========== Iteration: 18 ===========


Fitness: 0.7659911950664196

[26, 76, 1, 17, 16]

Fitness: 0.7659911950664196

[26, 76, 1, 17, 16]

Fitness: 0.7659911950664196

[26, 76, 1, 17, 16]

Fitness: 0.7659911950664196

[26, 76, 1, 17, 16]

Fitness: 0.7659911950664196

[26, 76, 1, 17, 16]

========== Iteration: 19 ===========


Fitness: 0.7659911950664196

[26, 76, 1, 17, 16]

Fitness: 0.7659911950664196

[26, 76, 1, 17, 16]

Fitness: 0.7659911950664196

[26, 76, 1, 17, 16]

Fitness: 0.7659911950664196

[26, 76, 1, 17, 16]

Fitness: 0.7659911950664196

[26, 76, 1, 17, 16]

========== Iteration: 20 ===========


Fitness: 0.7659911950664196

[26, 76, 1, 17, 16]

Fitness: 0.7659911950664196

[26, 76, 1, 17, 16]

Fitness: 0.7659911950664196

[26, 76, 1, 17, 16]

Fitness: 0.7659911950664196

[26, 76, 1, 17, 16]

Fitness: 0.7659911950664196

[26, 76, 1, 17, 16]

 it: 20 writing ...


========== Iteration: 21 ===========


Fitness: 0.7659911950664196

[26, 76, 1, 17, 16]

Fitness: 0.7659911950664196

[26, 76, 1, 17, 16]

Fitness: 0.7659911950664196

[26, 76, 1, 17, 16]

Fitness: 0.7659911950664196

[26, 76, 1, 17, 16]

Fitness: 0.7659911950664196

[26, 76, 1, 17, 16]
