
 it: 0 writing ...


========== Iteration: 1 ===========


Fitness: 0.5173978168511109

[47, 117, 2, 0, 10]

Fitness: 0.4888445469628744

[62, 195, 2, 0, 10]

Fitness: 0.4648866199506118

[38, 239, 2, 0, 12]

Fitness: 0.4643171779370331

[45, 212, 2, 0, 10]

Fitness: 0.4243255251170984

[43, 180, 2, 0, 12]

========== Iteration: 2 ===========


Fitness: 0.555927345458915

[62, 175, 2, 0, 10]

Fitness: 0.5248147712561846

[26, 236, 2, 24, 28]

Fitness: 0.5173978168511109

[47, 117, 2, 0, 10]

Fitness: 0.5173978168511109

[47, 117, 2, 0, 10]

Fitness: 0.5173978168511109

[47, 117, 2, 0, 10]

========== Iteration: 3 ===========


Fitness: 0.555927345458915

[62, 175, 2, 0, 10]

Fitness: 0.555927345458915

[62, 175, 2, 0, 10]

Fitness: 0.527017245221494

[62, 195, 2, 0, 11]

Fitness: 0.5248147712561846

[26, 236, 2, 24, 28]

Fitness: 0.5248147712561846

[26, 236, 2, 24, 28]

========== Iteration: 4 ===========


Fitness: 0.5966778045800591

[45, 239, 2, 0, 12]

Fitness: 0.5772293817601581

[47, 122, 2, 0, 10]

Fitness: 0.555927345458915

[62, 175, 2, 0, 10]

Fitness: 0.555927345458915

[62, 175, 2, 0, 10]

Fitness: 0.555927345458915

[62, 175, 2, 0, 10]

========== Iteration: 5 ===========


Fitness: 0.6664858215644907

[87, 175, 2, 0, 10]

Fitness: 0.5966778045800591

[45, 239, 2, 0, 12]

Fitness: 0.5772293817601581

[47, 122, 2, 0, 10]

Fitness: 0.5772293817601581

[47, 122, 2, 0, 10]

Fitness: 0.555927345458915

[62, 175, 2, 0, 10]

========== Iteration: 6 ===========


Fitness: 0.6664858215644907

[87, 175, 2, 0, 10]

Fitness: 0.5966778045800591

[45, 239, 2, 0, 12]

Fitness: 0.5772293817601581

[47, 122, 2, 0, 10]

Fitness: 0.5772293817601581

[47, 122, 2, 0, 10]

Fitness: 0.5772293817601581

[47, 122, 2, 0, 10]

========== Iteration: 7 ===========


Fitness: 0.6664858215644907

[87, 175, 2, 0, 10]

Fitness: 0.6664858215644907

[87, 175, 2, 0, 10]

Fitness: 0.5966778045800591

[45, 239, 2, 0, 12]

Fitness: 0.5966778045800591

[45, 239, 2, 0, 12]

Fitness: 0.5772293817601581

[47, 122, 2, 0, 10]

========== Iteration: 8 ===========


Fitness: 0.6664858215644907

[87, 175, 2, 0, 10]

Fitness: 0.6664858215644907

[87, 175, 2, 0, 10]

Fitness: 0.6664858215644907

[87, 175, 2, 0, 10]

Fitness: 0.6664858215644907

[87, 175, 2, 0, 10]

Fitness: 0.6664858215644907

[87, 175, 2, 0, 10]

========== Iteration: 9 ===========


Fitness: 0.6664858215644907

[87, 175, 2, 0, 10]

Fitness: 0.6664858215644907

[87, 175, 2, 0, 10]

Fitness: 0.6664858215644907

[87, 175, 2, 0, 10]

Fitness: 0.6664858215644907

[87, 175, 2, 0, 10]

Fitness: 0.6664858215644907

[87, 175, 2, 0, 10]

========== Iteration: 10 ===========


Fitness: 0.6664858215644907

[87, 175, 2, 0, 10]

Fitness: 0.6664858215644907

[87, 175, 2, 0, 10]

Fitness: 0.6664858215644907

[87, 175, 2, 0, 10]

Fitness: 0.6664858215644907

[87, 175, 2, 0, 10]

Fitness: 0.6664858215644907

[87, 175, 2, 0, 10]

 it: 10 writing ...


========== Iteration: 11 ===========


Fitness: 0.6664858215644907

[87, 175, 2, 0, 10]

Fitness: 0.6664858215644907

[87, 175, 2, 0, 10]

Fitness: 0.6664858215644907

[87, 175, 2, 0, 10]

Fitness: 0.6664858215644907

[87, 175, 2, 0, 10]

Fitness: 0.6664858215644907

[87, 175, 2, 0, 10]

========== Iteration: 12 ===========


Fitness: 0.6664858215644907

[87, 175, 2, 0, 10]

Fitness: 0.6664858215644907

[87, 175, 2, 0, 10]

Fitness: 0.6664858215644907

[87, 175, 2, 0, 10]

Fitness: 0.6664858215644907

[87, 175, 2, 0, 10]

Fitness: 0.6664858215644907

[87, 175, 2, 0, 10]

========== Iteration: 13 ===========


Fitness: 0.6664858215644907

[87, 175, 2, 0, 10]

Fitness: 0.6664858215644907

[87, 175, 2, 0, 10]

Fitness: 0.6664858215644907

[87, 175, 2, 0, 10]

Fitness: 0.6664858215644907

[87, 175, 2, 0, 10]

Fitness: 0.6664858215644907

[87, 175, 2, 0, 10]

========== Iteration: 14 ===========


Fitness: 0.6664858215644907

[87, 175, 2, 0, 10]

Fitness: 0.6664858215644907

[87, 175, 2, 0, 10]

Fitness: 0.6664858215644907

[87, 175, 2, 0, 10]

Fitness: 0.6664858215644907

[87, 175, 2, 0, 10]

Fitness: 0.6664858215644907

[87, 175, 2, 0, 10]

========== Iteration: 15 ===========


Fitness: 0.6664858215644907

[87, 175, 2, 0, 10]

Fitness: 0.6664858215644907

[87, 175, 2, 0, 10]

Fitness: 0.6664858215644907

[87, 175, 2, 0, 10]

Fitness: 0.6664858215644907

[87, 175, 2, 0, 10]

Fitness: 0.6664858215644907

[87, 175, 2, 0, 10]

========== Iteration: 16 ===========


Fitness: 0.6664858215644907

[87, 175, 2, 0, 10]

Fitness: 0.6664858215644907

[87, 175, 2, 0, 10]

Fitness: 0.6664858215644907

[87, 175, 2, 0, 10]

Fitness: 0.6664858215644907

[87, 175, 2, 0, 10]

Fitness: 0.6664858215644907

[87, 175, 2, 0, 10]

========== Iteration: 17 ===========


Fitness: 0.6664858215644907

[87, 175, 2, 0, 10]

Fitness: 0.6664858215644907

[87, 175, 2, 0, 10]

Fitness: 0.6664858215644907

[87, 175, 2, 0, 10]

Fitness: 0.6664858215644907

[87, 175, 2, 0, 10]

Fitness: 0.6664858215644907

[87, 175, 2, 0, 10]

========== Iteration: 18 ===========


Fitness: 0.6664858215644907

[87, 175, 2, 0, 10]

Fitness: 0.6664858215644907

[87, 175, 2, 0, 10]

Fitness: 0.6664858215644907

[87, 175, 2, 0, 10]

Fitness: 0.6664858215644907

[87, 175, 2, 0, 10]

Fitness: 0.6664858215644907

[87, 175, 2, 0, 10]

========== Iteration: 19 ===========


Fitness: 0.6664858215644907

[87, 175, 2, 0, 10]

Fitness: 0.6664858215644907

[87, 175, 2, 0, 10]

Fitness: 0.6664858215644907

[87, 175, 2, 0, 10]

Fitness: 0.6664858215644907

[87, 175, 2, 0, 10]

Fitness: 0.6664858215644907

[87, 175, 2, 0, 10]

========== Iteration: 20 ===========


Fitness: 0.6664858215644907

[87, 175, 2, 0, 10]

Fitness: 0.6664858215644907

[87, 175, 2, 0, 10]

Fitness: 0.6664858215644907

[87, 175, 2, 0, 10]

Fitness: 0.6664858215644907

[87, 175, 2, 0, 10]

Fitness: 0.6664858215644907

[87, 175, 2, 0, 10]

 it: 20 writing ...


========== Iteration: 21 ===========


Fitness: 0.6664858215644907

[87, 175, 2, 0, 10]

Fitness: 0.6664858215644907

[87, 175, 2, 0, 10]

Fitness: 0.6664858215644907

[87, 175, 2, 0, 10]

Fitness: 0.6664858215644907

[87, 175, 2, 0, 10]

Fitness: 0.6664858215644907

[87, 175, 2, 0, 10]
