Number of processors:  32

 it: 0 writing ...


========== Iteration: 1 ===========


Fitness: 0.6294922071297125

[72, 67, 3, 0, 19]

Fitness: 0.6158789808303659

[98, 270, 3, 0, 28]

Fitness: 0.4942400229889186

[49, 115, 3, 0, 25]

Fitness: 0.45689321367142266

[87, 95, 3, 0, 18]

Fitness: 0.4479606221725806

[40, 120, 3, 0, 28]

========== Iteration: 2 ===========


Fitness: 0.6294922071297125

[72, 67, 3, 0, 19]

Fitness: 0.6158789808303659

[98, 270, 3, 0, 28]

Fitness: 0.6135432343194944

[86, 249, 3, 0, 25]

Fitness: 0.5747473598833704

[72, 161, 3, 0, 23]

Fitness: 0.556748007298138

[93, 91, 3, 0, 24]

========== Iteration: 3 ===========


Fitness: 0.6294922071297125

[72, 67, 3, 0, 19]

Fitness: 0.6158789808303659

[98, 270, 3, 0, 28]

Fitness: 0.6135432343194944

[86, 249, 3, 0, 25]

Fitness: 0.6109279477556772

[86, 249, 3, 0, 23]

Fitness: 0.5940735958201572

[31, 50, 3, 0, 26]

========== Iteration: 4 ===========


Fitness: 0.6294922071297125

[72, 67, 3, 0, 19]

Fitness: 0.6158789808303659

[98, 270, 3, 0, 28]

Fitness: 0.6135432343194944

[86, 249, 3, 0, 25]

Fitness: 0.6135432343194944

[86, 249, 3, 0, 25]

Fitness: 0.6109279477556772

[86, 249, 3, 0, 23]

========== Iteration: 5 ===========


Fitness: 0.6390938340214329

[93, 118, 3, 0, 26]

Fitness: 0.6294922071297125

[72, 67, 3, 0, 19]

Fitness: 0.6158789808303659

[98, 270, 3, 0, 28]

Fitness: 0.6158789808303659

[98, 270, 3, 0, 28]

Fitness: 0.6135432343194944

[86, 249, 3, 0, 25]

========== Iteration: 6 ===========


Fitness: 0.6390938340214329

[93, 118, 3, 0, 26]

Fitness: 0.6294922071297125

[72, 67, 3, 0, 19]

Fitness: 0.6158789808303659

[98, 270, 3, 0, 28]

Fitness: 0.6158789808303659

[98, 270, 3, 0, 28]

Fitness: 0.6158789808303659

[98, 270, 3, 0, 28]

========== Iteration: 7 ===========


Fitness: 0.6390938340214329

[93, 118, 3, 0, 26]

Fitness: 0.6294922071297125

[72, 67, 3, 0, 19]

Fitness: 0.6158789808303659

[98, 270, 3, 0, 28]

Fitness: 0.6158789808303659

[98, 270, 3, 0, 28]

Fitness: 0.6158789808303659

[98, 270, 3, 0, 28]

========== Iteration: 8 ===========


Fitness: 0.6390938340214329

[93, 118, 3, 0, 26]

Fitness: 0.6390938340214329

[93, 118, 3, 0, 26]

Fitness: 0.6390938340214329

[93, 118, 3, 0, 26]

Fitness: 0.6294922071297125

[72, 67, 3, 0, 19]

Fitness: 0.6294922071297125

[72, 67, 3, 0, 19]

========== Iteration: 9 ===========


Fitness: 0.6390938340214329

[93, 118, 3, 0, 26]

Fitness: 0.6390938340214329

[93, 118, 3, 0, 26]

Fitness: 0.6390938340214329

[93, 118, 3, 0, 26]

Fitness: 0.6390938340214329

[93, 118, 3, 0, 26]

Fitness: 0.6390938340214329

[93, 118, 3, 0, 26]

========== Iteration: 10 ===========


Fitness: 0.6390938340214329

[93, 118, 3, 0, 26]

Fitness: 0.6390938340214329

[93, 118, 3, 0, 26]

Fitness: 0.6390938340214329

[93, 118, 3, 0, 26]

Fitness: 0.6390938340214329

[93, 118, 3, 0, 26]

Fitness: 0.6390938340214329

[93, 118, 3, 0, 26]

 it: 10 writing ...


========== Iteration: 11 ===========


Fitness: 0.6390938340214329

[93, 118, 3, 0, 26]

Fitness: 0.6390938340214329

[93, 118, 3, 0, 26]

Fitness: 0.6390938340214329

[93, 118, 3, 0, 26]

Fitness: 0.6390938340214329

[93, 118, 3, 0, 26]

Fitness: 0.6390938340214329

[93, 118, 3, 0, 26]

========== Iteration: 12 ===========


Fitness: 0.6390938340214329

[93, 118, 3, 0, 26]

Fitness: 0.6390938340214329

[93, 118, 3, 0, 26]

Fitness: 0.6390938340214329

[93, 118, 3, 0, 26]

Fitness: 0.6390938340214329

[93, 118, 3, 0, 26]

Fitness: 0.6390938340214329

[93, 118, 3, 0, 26]

========== Iteration: 13 ===========


Fitness: 0.6390938340214329

[93, 118, 3, 0, 26]

Fitness: 0.6390938340214329

[93, 118, 3, 0, 26]

Fitness: 0.6390938340214329

[93, 118, 3, 0, 26]

Fitness: 0.6390938340214329

[93, 118, 3, 0, 26]

Fitness: 0.6390938340214329

[93, 118, 3, 0, 26]

========== Iteration: 14 ===========


Fitness: 0.6390938340214329

[93, 118, 3, 0, 26]

Fitness: 0.6390938340214329

[93, 118, 3, 0, 26]

Fitness: 0.6390938340214329

[93, 118, 3, 0, 26]

Fitness: 0.6390938340214329

[93, 118, 3, 0, 26]

Fitness: 0.6390938340214329

[93, 118, 3, 0, 26]

========== Iteration: 15 ===========


Fitness: 0.6390938340214329

[93, 118, 3, 0, 26]

Fitness: 0.6390938340214329

[93, 118, 3, 0, 26]

Fitness: 0.6390938340214329

[93, 118, 3, 0, 26]

Fitness: 0.6390938340214329

[93, 118, 3, 0, 26]

Fitness: 0.6390938340214329

[93, 118, 3, 0, 26]

========== Iteration: 16 ===========


Fitness: 0.6390938340214329

[93, 118, 3, 0, 26]

Fitness: 0.6390938340214329

[93, 118, 3, 0, 26]

Fitness: 0.6390938340214329

[93, 118, 3, 0, 26]

Fitness: 0.6390938340214329

[93, 118, 3, 0, 26]

Fitness: 0.6390938340214329

[93, 118, 3, 0, 26]

========== Iteration: 17 ===========


Fitness: 0.6390938340214329

[93, 118, 3, 0, 26]

Fitness: 0.6390938340214329

[93, 118, 3, 0, 26]

Fitness: 0.6390938340214329

[93, 118, 3, 0, 26]

Fitness: 0.6390938340214329

[93, 118, 3, 0, 26]

Fitness: 0.6390938340214329

[93, 118, 3, 0, 26]

========== Iteration: 18 ===========


Fitness: 0.6390938340214329

[93, 118, 3, 0, 26]

Fitness: 0.6390938340214329

[93, 118, 3, 0, 26]

Fitness: 0.6390938340214329

[93, 118, 3, 0, 26]

Fitness: 0.6390938340214329

[93, 118, 3, 0, 26]

Fitness: 0.6390938340214329

[93, 118, 3, 0, 26]

========== Iteration: 19 ===========


Fitness: 0.6390938340214329

[93, 118, 3, 0, 26]

Fitness: 0.6390938340214329

[93, 118, 3, 0, 26]

Fitness: 0.6390938340214329

[93, 118, 3, 0, 26]

Fitness: 0.6390938340214329

[93, 118, 3, 0, 26]

Fitness: 0.6390938340214329

[93, 118, 3, 0, 26]

========== Iteration: 20 ===========


Fitness: 0.6390938340214329

[93, 118, 3, 0, 26]

Fitness: 0.6390938340214329

[93, 118, 3, 0, 26]

Fitness: 0.6390938340214329

[93, 118, 3, 0, 26]

Fitness: 0.6390938340214329

[93, 118, 3, 0, 26]

Fitness: 0.6390938340214329

[93, 118, 3, 0, 26]

 it: 20 writing ...


========== Iteration: 21 ===========


Fitness: 0.6390938340214329

[93, 118, 3, 0, 26]

Fitness: 0.6390938340214329

[93, 118, 3, 0, 26]

Fitness: 0.6390938340214329

[93, 118, 3, 0, 26]

Fitness: 0.6390938340214329

[93, 118, 3, 0, 26]

Fitness: 0.6390938340214329

[93, 118, 3, 0, 26]
