
 it: 0 writing ...


========== Iteration: 1 ===========


Fitness: 0.2743722302789404

[84, 209, 1, 24, 23]

Fitness: 0.23400935471002282

[73, 142, 1, 15, 29]

Fitness: 0.2253474993497797

[71, 262, 1, 23, 25]

Fitness: 0.22506690745654157

[74, 199, 1, 24, 18]

Fitness: 0.20645765985373896

[65, 86, 1, 15, 28]

========== Iteration: 2 ===========


Fitness: 0.28615112398294684

[73, 142, 1, 23, 20]

Fitness: 0.2743722302789404

[84, 209, 1, 24, 23]

Fitness: 0.27112772409521674

[92, 244, 1, 22, 30]

Fitness: 0.2670794948244116

[74, 199, 1, 24, 19]

Fitness: 0.25835484625695854

[71, 213, 1, 15, 30]

========== Iteration: 3 ===========


Fitness: 0.28615112398294684

[73, 142, 1, 23, 20]

Fitness: 0.2743722302789404

[84, 209, 1, 24, 23]

Fitness: 0.2743722302789404

[84, 209, 1, 24, 23]

Fitness: 0.2743722302789404

[84, 209, 1, 24, 23]

Fitness: 0.27112772409521674

[92, 244, 1, 22, 30]

========== Iteration: 4 ===========


Fitness: 0.3024469834467963

[84, 209, 1, 22, 30]

Fitness: 0.28615112398294684

[73, 142, 1, 23, 20]

Fitness: 0.284562220029148

[71, 170, 1, 15, 13]

Fitness: 0.27908869393708036

[92, 244, 1, 24, 27]

Fitness: 0.2743722302789404

[84, 209, 1, 24, 23]

========== Iteration: 5 ===========


Fitness: 0.3024469834467963

[84, 209, 1, 22, 30]

Fitness: 0.29274278091109934

[100, 213, 1, 23, 27]

Fitness: 0.29166187328892107

[84, 209, 1, 22, 29]

Fitness: 0.28615112398294684

[73, 142, 1, 23, 20]

Fitness: 0.28615112398294684

[73, 142, 1, 23, 20]

========== Iteration: 6 ===========


Fitness: 0.3024469834467963

[84, 209, 1, 22, 30]

Fitness: 0.3024469834467963

[84, 209, 1, 22, 30]

Fitness: 0.29274278091109934

[100, 213, 1, 23, 27]

Fitness: 0.29274278091109934

[100, 213, 1, 23, 27]

Fitness: 0.29274278091109934

[100, 213, 1, 23, 27]

========== Iteration: 7 ===========


Fitness: 0.30322763940765907

[73, 213, 1, 23, 30]

Fitness: 0.30322763940765907

[73, 213, 1, 23, 30]

Fitness: 0.3024469834467963

[84, 209, 1, 22, 30]

Fitness: 0.3024469834467963

[84, 209, 1, 22, 30]

Fitness: 0.3024469834467963

[84, 209, 1, 22, 30]

========== Iteration: 8 ===========


Fitness: 0.30322763940765907

[73, 213, 1, 23, 30]

Fitness: 0.30322763940765907

[73, 213, 1, 23, 30]

Fitness: 0.30322763940765907

[73, 213, 1, 23, 30]

Fitness: 0.30322763940765907

[73, 213, 1, 23, 30]

Fitness: 0.30322763940765907

[73, 213, 1, 23, 30]

========== Iteration: 9 ===========


Fitness: 0.30322763940765907

[73, 213, 1, 23, 30]

Fitness: 0.30322763940765907

[73, 213, 1, 23, 30]

Fitness: 0.30322763940765907

[73, 213, 1, 23, 30]

Fitness: 0.30322763940765907

[73, 213, 1, 23, 30]

Fitness: 0.30322763940765907

[73, 213, 1, 23, 30]

========== Iteration: 10 ===========


Fitness: 0.30322763940765907

[73, 213, 1, 23, 30]

Fitness: 0.30322763940765907

[73, 213, 1, 23, 30]

Fitness: 0.30322763940765907

[73, 213, 1, 23, 30]

Fitness: 0.30322763940765907

[73, 213, 1, 23, 30]

Fitness: 0.30322763940765907

[73, 213, 1, 23, 30]

 it: 10 writing ...


========== Iteration: 11 ===========


Fitness: 0.30322763940765907

[73, 213, 1, 23, 30]

Fitness: 0.30322763940765907

[73, 213, 1, 23, 30]

Fitness: 0.30322763940765907

[73, 213, 1, 23, 30]

Fitness: 0.30322763940765907

[73, 213, 1, 23, 30]

Fitness: 0.30322763940765907

[73, 213, 1, 23, 30]

========== Iteration: 12 ===========


Fitness: 0.30322763940765907

[73, 213, 1, 23, 30]

Fitness: 0.30322763940765907

[73, 213, 1, 23, 30]

Fitness: 0.30322763940765907

[73, 213, 1, 23, 30]

Fitness: 0.30322763940765907

[73, 213, 1, 23, 30]

Fitness: 0.30322763940765907

[73, 213, 1, 23, 30]

========== Iteration: 13 ===========


Fitness: 0.30322763940765907

[73, 213, 1, 23, 30]

Fitness: 0.30322763940765907

[73, 213, 1, 23, 30]

Fitness: 0.30322763940765907

[73, 213, 1, 23, 30]

Fitness: 0.30322763940765907

[73, 213, 1, 23, 30]

Fitness: 0.30322763940765907

[73, 213, 1, 23, 30]

========== Iteration: 14 ===========


Fitness: 0.30322763940765907

[73, 213, 1, 23, 30]

Fitness: 0.30322763940765907

[73, 213, 1, 23, 30]

Fitness: 0.30322763940765907

[73, 213, 1, 23, 30]

Fitness: 0.30322763940765907

[73, 213, 1, 23, 30]

Fitness: 0.30322763940765907

[73, 213, 1, 23, 30]

========== Iteration: 15 ===========


Fitness: 0.30322763940765907

[73, 213, 1, 23, 30]

Fitness: 0.30322763940765907

[73, 213, 1, 23, 30]

Fitness: 0.30322763940765907

[73, 213, 1, 23, 30]

Fitness: 0.30322763940765907

[73, 213, 1, 23, 30]

Fitness: 0.30322763940765907

[73, 213, 1, 23, 30]

========== Iteration: 16 ===========


Fitness: 0.30322763940765907

[73, 213, 1, 23, 30]

Fitness: 0.30322763940765907

[73, 213, 1, 23, 30]

Fitness: 0.30322763940765907

[73, 213, 1, 23, 30]

Fitness: 0.30322763940765907

[73, 213, 1, 23, 30]

Fitness: 0.30322763940765907

[73, 213, 1, 23, 30]

========== Iteration: 17 ===========


Fitness: 0.3084834903436259

[73, 212, 1, 23, 30]

Fitness: 0.30322763940765907

[73, 213, 1, 23, 30]

Fitness: 0.30322763940765907

[73, 213, 1, 23, 30]

Fitness: 0.30322763940765907

[73, 213, 1, 23, 30]

Fitness: 0.30322763940765907

[73, 213, 1, 23, 30]

========== Iteration: 18 ===========


Fitness: 0.3084834903436259

[73, 212, 1, 23, 30]

Fitness: 0.3084834903436259

[73, 212, 1, 23, 30]

Fitness: 0.3084834903436259

[73, 212, 1, 23, 30]

Fitness: 0.3084834903436259

[73, 212, 1, 23, 30]

Fitness: 0.30322763940765907

[73, 213, 1, 23, 30]

========== Iteration: 19 ===========


Fitness: 0.3084834903436259

[73, 212, 1, 23, 30]

Fitness: 0.3084834903436259

[73, 212, 1, 23, 30]

Fitness: 0.3084834903436259

[73, 212, 1, 23, 30]

Fitness: 0.3084834903436259

[73, 212, 1, 23, 30]

Fitness: 0.3084834903436259

[73, 212, 1, 23, 30]

========== Iteration: 20 ===========


Fitness: 0.3084834903436259

[73, 212, 1, 23, 30]

Fitness: 0.3084834903436259

[73, 212, 1, 23, 30]

Fitness: 0.3084834903436259

[73, 212, 1, 23, 30]

Fitness: 0.3084834903436259

[73, 212, 1, 23, 30]

Fitness: 0.3084834903436259

[73, 212, 1, 23, 30]

 it: 20 writing ...


========== Iteration: 21 ===========


Fitness: 0.3084834903436259

[73, 212, 1, 23, 30]

Fitness: 0.3084834903436259

[73, 212, 1, 23, 30]

Fitness: 0.3084834903436259

[73, 212, 1, 23, 30]

Fitness: 0.3084834903436259

[73, 212, 1, 23, 30]

Fitness: 0.3084834903436259

[73, 212, 1, 23, 30]
