Number of processors:  32

 it: 0 writing ...


========== Iteration: 1 ===========


Fitness: 0.3261828253134841

[26, 197, 3, 17, 17]

Fitness: 0.3086499456596518

[38, 100, 3, 0, 10]

Fitness: 0.27922531386986915

[87, 162, 3, 0, 10]

Fitness: 0.24982565881072125

[81, 273, 3, 0, 14]

Fitness: 0.23138724472431502

[43, 276, 3, 21, 24]

========== Iteration: 2 ===========


Fitness: 0.3261828253134841

[26, 197, 3, 17, 17]

Fitness: 0.3261828253134841

[26, 197, 3, 17, 17]

Fitness: 0.3221142488039643

[23, 101, 3, 15, 15]

Fitness: 0.3221142488039643

[23, 101, 3, 15, 15]

Fitness: 0.3086499456596518

[38, 100, 3, 0, 10]

========== Iteration: 3 ===========


Fitness: 0.34555679675088297

[32, 248, 3, 0, 10]

Fitness: 0.33168519263711316

[48, 292, 3, 0, 10]

Fitness: 0.33168519263711316

[48, 292, 3, 0, 10]

Fitness: 0.328553078748674

[25, 201, 3, 0, 11]

Fitness: 0.3281026224581028

[38, 100, 3, 15, 12]

========== Iteration: 4 ===========


Fitness: 0.35965346717661417

[65, 292, 3, 0, 10]

Fitness: 0.34555679675088297

[32, 248, 3, 0, 10]

Fitness: 0.34555679675088297

[32, 248, 3, 0, 10]

Fitness: 0.33168519263711316

[48, 292, 3, 0, 10]

Fitness: 0.33168519263711316

[48, 292, 3, 0, 10]

========== Iteration: 5 ===========


Fitness: 0.3644387400589964

[25, 201, 3, 0, 10]

Fitness: 0.35965346717661417

[65, 292, 3, 0, 10]

Fitness: 0.35965346717661417

[65, 292, 3, 0, 10]

Fitness: 0.35965346717661417

[65, 292, 3, 0, 10]

Fitness: 0.35965346717661417

[65, 292, 3, 0, 10]

========== Iteration: 6 ===========


Fitness: 0.3644387400589964

[25, 201, 3, 0, 10]

Fitness: 0.3644387400589964

[25, 201, 3, 0, 10]

Fitness: 0.35965346717661417

[65, 292, 3, 0, 10]

Fitness: 0.35965346717661417

[65, 292, 3, 0, 10]

Fitness: 0.35965346717661417

[65, 292, 3, 0, 10]

========== Iteration: 7 ===========


Fitness: 0.38209964641543104

[20, 248, 3, 0, 10]

Fitness: 0.3690194407293013

[54, 248, 3, 0, 10]

Fitness: 0.3644387400589964

[25, 201, 3, 0, 10]

Fitness: 0.3644387400589964

[25, 201, 3, 0, 10]

Fitness: 0.3644387400589964

[25, 201, 3, 0, 10]

========== Iteration: 8 ===========


Fitness: 0.3860747776012035

[52, 292, 3, 0, 10]

Fitness: 0.38209964641543104

[20, 248, 3, 0, 10]

Fitness: 0.38209964641543104

[20, 248, 3, 0, 10]

Fitness: 0.38209964641543104

[20, 248, 3, 0, 10]

Fitness: 0.3690194407293013

[54, 248, 3, 0, 10]

========== Iteration: 9 ===========


Fitness: 0.41306683433595287

[20, 248, 3, 15, 10]

Fitness: 0.3860747776012035

[52, 292, 3, 0, 10]

Fitness: 0.3860747776012035

[52, 292, 3, 0, 10]

Fitness: 0.3860747776012035

[52, 292, 3, 0, 10]

Fitness: 0.38209964641543104

[20, 248, 3, 0, 10]

========== Iteration: 10 ===========


Fitness: 0.41306683433595287

[20, 248, 3, 15, 10]

Fitness: 0.41306683433595287

[20, 248, 3, 15, 10]

Fitness: 0.41306683433595287

[20, 248, 3, 15, 10]

Fitness: 0.3860747776012035

[52, 292, 3, 0, 10]

Fitness: 0.3860747776012035

[52, 292, 3, 0, 10]

 it: 10 writing ...


========== Iteration: 11 ===========


Fitness: 0.4257875071567506

[55, 248, 3, 0, 10]

Fitness: 0.41306683433595287

[20, 248, 3, 15, 10]

Fitness: 0.41306683433595287

[20, 248, 3, 15, 10]

Fitness: 0.41306683433595287

[20, 248, 3, 15, 10]

Fitness: 0.41306683433595287

[20, 248, 3, 15, 10]

========== Iteration: 12 ===========


Fitness: 0.4257875071567506

[55, 248, 3, 0, 10]

Fitness: 0.4257875071567506

[55, 248, 3, 0, 10]

Fitness: 0.4257875071567506

[55, 248, 3, 0, 10]

Fitness: 0.41306683433595287

[20, 248, 3, 15, 10]

Fitness: 0.41306683433595287

[20, 248, 3, 15, 10]

========== Iteration: 13 ===========


Fitness: 0.4257875071567506

[55, 248, 3, 0, 10]

Fitness: 0.4257875071567506

[55, 248, 3, 0, 10]

Fitness: 0.4257875071567506

[55, 248, 3, 0, 10]

Fitness: 0.4257875071567506

[55, 248, 3, 0, 10]

Fitness: 0.4257875071567506

[55, 248, 3, 0, 10]

========== Iteration: 14 ===========


Fitness: 0.4257875071567506

[55, 248, 3, 0, 10]

Fitness: 0.4257875071567506

[55, 248, 3, 0, 10]

Fitness: 0.4257875071567506

[55, 248, 3, 0, 10]

Fitness: 0.4257875071567506

[55, 248, 3, 0, 10]

Fitness: 0.4257875071567506

[55, 248, 3, 0, 10]

========== Iteration: 15 ===========


Fitness: 0.4257875071567506

[55, 248, 3, 0, 10]

Fitness: 0.4257875071567506

[55, 248, 3, 0, 10]

Fitness: 0.4257875071567506

[55, 248, 3, 0, 10]

Fitness: 0.4257875071567506

[55, 248, 3, 0, 10]

Fitness: 0.4257875071567506

[55, 248, 3, 0, 10]

========== Iteration: 16 ===========


Fitness: 0.4257875071567506

[55, 248, 3, 0, 10]

Fitness: 0.4257875071567506

[55, 248, 3, 0, 10]

Fitness: 0.4257875071567506

[55, 248, 3, 0, 10]

Fitness: 0.4257875071567506

[55, 248, 3, 0, 10]

Fitness: 0.4257875071567506

[55, 248, 3, 0, 10]

========== Iteration: 17 ===========


Fitness: 0.4257875071567506

[55, 248, 3, 0, 10]

Fitness: 0.4257875071567506

[55, 248, 3, 0, 10]

Fitness: 0.4257875071567506

[55, 248, 3, 0, 10]

Fitness: 0.4257875071567506

[55, 248, 3, 0, 10]

Fitness: 0.4257875071567506

[55, 248, 3, 0, 10]

========== Iteration: 18 ===========


Fitness: 0.4257875071567506

[55, 248, 3, 0, 10]

Fitness: 0.4257875071567506

[55, 248, 3, 0, 10]

Fitness: 0.4257875071567506

[55, 248, 3, 0, 10]

Fitness: 0.4257875071567506

[55, 248, 3, 0, 10]

Fitness: 0.4257875071567506

[55, 248, 3, 0, 10]

========== Iteration: 19 ===========


Fitness: 0.4257875071567506

[55, 248, 3, 0, 10]

Fitness: 0.4257875071567506

[55, 248, 3, 0, 10]

Fitness: 0.4257875071567506

[55, 248, 3, 0, 10]

Fitness: 0.4257875071567506

[55, 248, 3, 0, 10]

Fitness: 0.4257875071567506

[55, 248, 3, 0, 10]

========== Iteration: 20 ===========


Fitness: 0.4257875071567506

[55, 248, 3, 0, 10]

Fitness: 0.4257875071567506

[55, 248, 3, 0, 10]

Fitness: 0.4257875071567506

[55, 248, 3, 0, 10]

Fitness: 0.4257875071567506

[55, 248, 3, 0, 10]

Fitness: 0.4257875071567506

[55, 248, 3, 0, 10]

 it: 20 writing ...


========== Iteration: 21 ===========


Fitness: 0.4257875071567506

[55, 248, 3, 0, 10]

Fitness: 0.4257875071567506

[55, 248, 3, 0, 10]

Fitness: 0.4257875071567506

[55, 248, 3, 0, 10]

Fitness: 0.4257875071567506

[55, 248, 3, 0, 10]

Fitness: 0.4257875071567506

[55, 248, 3, 0, 10]
