
 it: 0 writing ...


========== Iteration: 1 ===========


Fitness: 0.267110540341597

[30, 255, 2, 0, 16]

Fitness: 0.25683926452553135

[96, 95, 2, 0, 17]

Fitness: 0.25500495589893735

[39, 134, 2, 20, 29]

Fitness: 0.25319992960081084

[64, 176, 2, 17, 11]

Fitness: 0.24870370082728435

[50, 152, 2, 18, 17]

========== Iteration: 2 ===========


Fitness: 0.3461001146775383

[58, 50, 2, 0, 17]

Fitness: 0.31338289412246445

[66, 256, 2, 0, 20]

Fitness: 0.2820949166148744

[50, 176, 2, 17, 11]

Fitness: 0.28133402965706406

[52, 140, 2, 0, 13]

Fitness: 0.267110540341597

[30, 255, 2, 0, 16]

========== Iteration: 3 ===========


Fitness: 0.3461001146775383

[58, 50, 2, 0, 17]

Fitness: 0.3166740762700043

[47, 50, 2, 0, 17]

Fitness: 0.31338289412246445

[66, 256, 2, 0, 20]

Fitness: 0.31338289412246445

[66, 256, 2, 0, 20]

Fitness: 0.2820949166148744

[50, 176, 2, 17, 11]

========== Iteration: 4 ===========


Fitness: 0.3461001146775383

[58, 50, 2, 0, 17]

Fitness: 0.3199767418251426

[43, 50, 2, 0, 17]

Fitness: 0.3166740762700043

[47, 50, 2, 0, 17]

Fitness: 0.3166740762700043

[47, 50, 2, 0, 17]

Fitness: 0.3166740762700043

[47, 50, 2, 0, 17]

========== Iteration: 5 ===========


Fitness: 0.3461001146775383

[58, 50, 2, 0, 17]

Fitness: 0.3461001146775383

[58, 50, 2, 0, 17]

Fitness: 0.3461001146775383

[58, 50, 2, 0, 17]

Fitness: 0.3199767418251426

[43, 50, 2, 0, 17]

Fitness: 0.3199767418251426

[43, 50, 2, 0, 17]

========== Iteration: 6 ===========


Fitness: 0.3461001146775383

[58, 50, 2, 0, 17]

Fitness: 0.3461001146775383

[58, 50, 2, 0, 17]

Fitness: 0.3461001146775383

[58, 50, 2, 0, 17]

Fitness: 0.3461001146775383

[58, 50, 2, 0, 17]

Fitness: 0.3461001146775383

[58, 50, 2, 0, 17]

========== Iteration: 7 ===========


Fitness: 0.3461001146775383

[58, 50, 2, 0, 17]

Fitness: 0.3461001146775383

[58, 50, 2, 0, 17]

Fitness: 0.3461001146775383

[58, 50, 2, 0, 17]

Fitness: 0.3461001146775383

[58, 50, 2, 0, 17]

Fitness: 0.3461001146775383

[58, 50, 2, 0, 17]

========== Iteration: 8 ===========


Fitness: 0.3461001146775383

[58, 50, 2, 0, 17]

Fitness: 0.3461001146775383

[58, 50, 2, 0, 17]

Fitness: 0.3461001146775383

[58, 50, 2, 0, 17]

Fitness: 0.3461001146775383

[58, 50, 2, 0, 17]

Fitness: 0.3461001146775383

[58, 50, 2, 0, 17]

========== Iteration: 9 ===========


Fitness: 0.3461001146775383

[58, 50, 2, 0, 17]

Fitness: 0.3461001146775383

[58, 50, 2, 0, 17]

Fitness: 0.3461001146775383

[58, 50, 2, 0, 17]

Fitness: 0.3461001146775383

[58, 50, 2, 0, 17]

Fitness: 0.3461001146775383

[58, 50, 2, 0, 17]

========== Iteration: 10 ===========


Fitness: 0.3461001146775383

[58, 50, 2, 0, 17]

Fitness: 0.3461001146775383

[58, 50, 2, 0, 17]

Fitness: 0.3461001146775383

[58, 50, 2, 0, 17]

Fitness: 0.3461001146775383

[58, 50, 2, 0, 17]

Fitness: 0.3461001146775383

[58, 50, 2, 0, 17]

 it: 10 writing ...


========== Iteration: 11 ===========


Fitness: 0.3461001146775383

[58, 50, 2, 0, 17]

Fitness: 0.3461001146775383

[58, 50, 2, 0, 17]

Fitness: 0.3461001146775383

[58, 50, 2, 0, 17]

Fitness: 0.3461001146775383

[58, 50, 2, 0, 17]

Fitness: 0.3461001146775383

[58, 50, 2, 0, 17]

========== Iteration: 12 ===========


Fitness: 0.3461001146775383

[58, 50, 2, 0, 17]

Fitness: 0.3461001146775383

[58, 50, 2, 0, 17]

Fitness: 0.3461001146775383

[58, 50, 2, 0, 17]

Fitness: 0.3461001146775383

[58, 50, 2, 0, 17]

Fitness: 0.3461001146775383

[58, 50, 2, 0, 17]

========== Iteration: 13 ===========


Fitness: 0.3461001146775383

[58, 50, 2, 0, 17]

Fitness: 0.3461001146775383

[58, 50, 2, 0, 17]

Fitness: 0.3461001146775383

[58, 50, 2, 0, 17]

Fitness: 0.3461001146775383

[58, 50, 2, 0, 17]

Fitness: 0.3461001146775383

[58, 50, 2, 0, 17]

========== Iteration: 14 ===========


Fitness: 0.3461001146775383

[58, 50, 2, 0, 17]

Fitness: 0.3461001146775383

[58, 50, 2, 0, 17]

Fitness: 0.3461001146775383

[58, 50, 2, 0, 17]

Fitness: 0.3461001146775383

[58, 50, 2, 0, 17]

Fitness: 0.3461001146775383

[58, 50, 2, 0, 17]

========== Iteration: 15 ===========


Fitness: 0.3461001146775383

[58, 50, 2, 0, 17]

Fitness: 0.3461001146775383

[58, 50, 2, 0, 17]

Fitness: 0.3461001146775383

[58, 50, 2, 0, 17]

Fitness: 0.3461001146775383

[58, 50, 2, 0, 17]

Fitness: 0.3461001146775383

[58, 50, 2, 0, 17]

========== Iteration: 16 ===========


Fitness: 0.3461001146775383

[58, 50, 2, 0, 17]

Fitness: 0.3461001146775383

[58, 50, 2, 0, 17]

Fitness: 0.3461001146775383

[58, 50, 2, 0, 17]

Fitness: 0.3461001146775383

[58, 50, 2, 0, 17]

Fitness: 0.3461001146775383

[58, 50, 2, 0, 17]

========== Iteration: 17 ===========


Fitness: 0.3461001146775383

[58, 50, 2, 0, 17]

Fitness: 0.3461001146775383

[58, 50, 2, 0, 17]

Fitness: 0.3461001146775383

[58, 50, 2, 0, 17]

Fitness: 0.3461001146775383

[58, 50, 2, 0, 17]

Fitness: 0.3461001146775383

[58, 50, 2, 0, 17]

========== Iteration: 18 ===========


Fitness: 0.3461001146775383

[58, 50, 2, 0, 17]

Fitness: 0.3461001146775383

[58, 50, 2, 0, 17]

Fitness: 0.3461001146775383

[58, 50, 2, 0, 17]

Fitness: 0.3461001146775383

[58, 50, 2, 0, 17]

Fitness: 0.3461001146775383

[58, 50, 2, 0, 17]

========== Iteration: 19 ===========


Fitness: 0.3461001146775383

[58, 50, 2, 0, 17]

Fitness: 0.3461001146775383

[58, 50, 2, 0, 17]

Fitness: 0.3461001146775383

[58, 50, 2, 0, 17]

Fitness: 0.3461001146775383

[58, 50, 2, 0, 17]

Fitness: 0.3461001146775383

[58, 50, 2, 0, 17]

========== Iteration: 20 ===========


Fitness: 0.3461001146775383

[58, 50, 2, 0, 17]

Fitness: 0.3461001146775383

[58, 50, 2, 0, 17]

Fitness: 0.3461001146775383

[58, 50, 2, 0, 17]

Fitness: 0.3461001146775383

[58, 50, 2, 0, 17]

Fitness: 0.3461001146775383

[58, 50, 2, 0, 17]

 it: 20 writing ...


========== Iteration: 21 ===========


Fitness: 0.3461001146775383

[58, 50, 2, 0, 17]

Fitness: 0.3461001146775383

[58, 50, 2, 0, 17]

Fitness: 0.3461001146775383

[58, 50, 2, 0, 17]

Fitness: 0.3461001146775383

[58, 50, 2, 0, 17]

Fitness: 0.3461001146775383

[58, 50, 2, 0, 17]
