
 it: 0 writing ...


========== Iteration: 1 ===========


Fitness: 0.038941435708942734

[56, 242, 3, 0, 27]

Fitness: 0.03885953666618414

[63, 174, 3, 0, 22]

Fitness: 0.03877808028825743

[53, 246, 3, 0, 28]

Fitness: 0.03869707094648757

[52, 169, 3, 0, 19]

Fitness: 0.038190874397395755

[43, 236, 3, 0, 27]

========== Iteration: 2 ===========


Fitness: 0.04603124896039401

[61, 65, 3, 0, 30]

Fitness: 0.039023773021898196

[52, 140, 3, 0, 25]

Fitness: 0.039023773021898196

[29, 163, 3, 0, 23]

Fitness: 0.038941435708942734

[56, 242, 3, 0, 27]

Fitness: 0.038941435708942734

[56, 242, 3, 0, 27]

========== Iteration: 3 ===========


Fitness: 0.04603124896039401

[61, 65, 3, 0, 30]

Fitness: 0.039023773021898196

[29, 163, 3, 0, 23]

Fitness: 0.039023773021898196

[52, 140, 3, 0, 25]

Fitness: 0.039023773021898196

[96, 296, 3, 0, 27]

Fitness: 0.038941435708942734

[56, 242, 3, 0, 27]

========== Iteration: 4 ===========


Fitness: 0.04603124896039401

[61, 65, 3, 0, 30]

Fitness: 0.04603124896039401

[61, 65, 3, 0, 30]

Fitness: 0.039023773021898196

[96, 296, 3, 0, 27]

Fitness: 0.039023773021898196

[52, 140, 3, 0, 25]

Fitness: 0.039023773021898196

[29, 163, 3, 0, 23]

========== Iteration: 5 ===========


Fitness: 0.04603124896039401

[61, 65, 3, 0, 30]

Fitness: 0.04603124896039401

[61, 65, 3, 0, 30]

Fitness: 0.04603124896039401

[61, 65, 3, 0, 30]

Fitness: 0.04603124896039401

[61, 65, 3, 0, 30]

Fitness: 0.04603124896039401

[61, 65, 3, 0, 30]

========== Iteration: 6 ===========


Fitness: 0.04603124896039401

[61, 65, 3, 0, 30]

Fitness: 0.04603124896039401

[61, 65, 3, 0, 30]

Fitness: 0.04603124896039401

[61, 65, 3, 0, 30]

Fitness: 0.04603124896039401

[61, 65, 3, 0, 30]

Fitness: 0.04603124896039401

[61, 65, 3, 0, 30]

========== Iteration: 7 ===========


Fitness: 0.04603124896039401

[61, 65, 3, 0, 30]

Fitness: 0.04603124896039401

[61, 65, 3, 0, 30]

Fitness: 0.04603124896039401

[61, 65, 3, 0, 30]

Fitness: 0.04603124896039401

[61, 65, 3, 0, 30]

Fitness: 0.04603124896039401

[61, 65, 3, 0, 30]

========== Iteration: 8 ===========


Fitness: 0.04603124896039401

[61, 65, 3, 0, 30]

Fitness: 0.04603124896039401

[61, 65, 3, 0, 30]

Fitness: 0.04603124896039401

[61, 65, 3, 0, 30]

Fitness: 0.04603124896039401

[61, 65, 3, 0, 30]

Fitness: 0.04603124896039401

[61, 65, 3, 0, 30]

========== Iteration: 9 ===========


Fitness: 0.04603124896039401

[61, 65, 3, 0, 30]

Fitness: 0.04603124896039401

[61, 65, 3, 0, 30]

Fitness: 0.04603124896039401

[61, 65, 3, 0, 30]

Fitness: 0.04603124896039401

[61, 65, 3, 0, 30]

Fitness: 0.04603124896039401

[61, 65, 3, 0, 30]

========== Iteration: 10 ===========


Fitness: 0.04603124896039401

[61, 65, 3, 0, 30]

Fitness: 0.04603124896039401

[61, 65, 3, 0, 30]

Fitness: 0.04603124896039401

[61, 65, 3, 0, 30]

Fitness: 0.04603124896039401

[61, 65, 3, 0, 30]

Fitness: 0.04603124896039401

[61, 65, 3, 0, 30]

 it: 10 writing ...


========== Iteration: 11 ===========


Fitness: 0.04603124896039401

[61, 65, 3, 0, 30]

Fitness: 0.04603124896039401

[61, 65, 3, 0, 30]

Fitness: 0.04603124896039401

[61, 65, 3, 0, 30]

Fitness: 0.04603124896039401

[61, 65, 3, 0, 30]

Fitness: 0.04603124896039401

[61, 65, 3, 0, 30]

========== Iteration: 12 ===========


Fitness: 0.04603124896039401

[61, 65, 3, 0, 30]

Fitness: 0.04603124896039401

[61, 65, 3, 0, 30]

Fitness: 0.04603124896039401

[61, 65, 3, 0, 30]

Fitness: 0.04603124896039401

[61, 65, 3, 0, 30]

Fitness: 0.04603124896039401

[61, 65, 3, 0, 30]

========== Iteration: 13 ===========


Fitness: 0.04603124896039401

[61, 65, 3, 0, 30]

Fitness: 0.04603124896039401

[61, 65, 3, 0, 30]

Fitness: 0.04603124896039401

[61, 65, 3, 0, 30]

Fitness: 0.04603124896039401

[61, 65, 3, 0, 30]

Fitness: 0.04603124896039401

[61, 65, 3, 0, 30]

========== Iteration: 14 ===========


Fitness: 0.0672326573782912

[61, 78, 3, 0, 30]

Fitness: 0.04603124896039401

[61, 65, 3, 0, 30]

Fitness: 0.04603124896039401

[61, 65, 3, 0, 30]

Fitness: 0.04603124896039401

[61, 65, 3, 0, 30]

Fitness: 0.04603124896039401

[61, 65, 3, 0, 30]

========== Iteration: 15 ===========


Fitness: 0.0672326573782912

[61, 78, 3, 0, 30]

Fitness: 0.0672326573782912

[61, 78, 3, 0, 30]

Fitness: 0.0672326573782912

[61, 78, 3, 0, 30]

Fitness: 0.04603124896039401

[61, 65, 3, 0, 30]

Fitness: 0.04603124896039401

[61, 65, 3, 0, 30]

========== Iteration: 16 ===========


Fitness: 0.0672326573782912

[61, 78, 3, 0, 30]

Fitness: 0.0672326573782912

[61, 78, 3, 0, 30]

Fitness: 0.0672326573782912

[61, 78, 3, 0, 30]

Fitness: 0.0672326573782912

[61, 78, 3, 0, 30]

Fitness: 0.0672326573782912

[61, 78, 3, 0, 30]

========== Iteration: 17 ===========


Fitness: 0.0672326573782912

[61, 78, 3, 0, 30]

Fitness: 0.0672326573782912

[61, 78, 3, 0, 30]

Fitness: 0.0672326573782912

[61, 78, 3, 0, 30]

Fitness: 0.0672326573782912

[61, 78, 3, 0, 30]

Fitness: 0.0672326573782912

[61, 78, 3, 0, 30]

========== Iteration: 18 ===========


Fitness: 0.0672326573782912

[61, 78, 3, 0, 30]

Fitness: 0.0672326573782912

[61, 78, 3, 0, 30]

Fitness: 0.0672326573782912

[61, 78, 3, 0, 30]

Fitness: 0.0672326573782912

[61, 78, 3, 0, 30]

Fitness: 0.0672326573782912

[61, 78, 3, 0, 30]

========== Iteration: 19 ===========


Fitness: 0.0672326573782912

[61, 78, 3, 0, 30]

Fitness: 0.0672326573782912

[61, 78, 3, 0, 30]

Fitness: 0.0672326573782912

[61, 78, 3, 0, 30]

Fitness: 0.0672326573782912

[61, 78, 3, 0, 30]

Fitness: 0.0672326573782912

[61, 78, 3, 0, 30]

========== Iteration: 20 ===========


Fitness: 0.0672326573782912

[61, 78, 3, 0, 30]

Fitness: 0.0672326573782912

[61, 78, 3, 0, 30]

Fitness: 0.0672326573782912

[61, 78, 3, 0, 30]

Fitness: 0.0672326573782912

[61, 78, 3, 0, 30]

Fitness: 0.0672326573782912

[61, 78, 3, 0, 30]

 it: 20 writing ...


========== Iteration: 21 ===========


Fitness: 0.0672326573782912

[61, 78, 3, 0, 30]

Fitness: 0.0672326573782912

[61, 78, 3, 0, 30]

Fitness: 0.0672326573782912

[61, 78, 3, 0, 30]

Fitness: 0.0672326573782912

[61, 78, 3, 0, 30]

Fitness: 0.0672326573782912

[61, 78, 3, 0, 30]
