
 it: 0 writing ...


========== Iteration: 1 ===========


Fitness: 0.16496554347043982

[77, 214, 1, 18, 14]

Fitness: 0.16243235948643556

[57, 186, 1, 24, 25]

Fitness: 0.1583948058445907

[59, 125, 1, 17, 10]

Fitness: 0.154222692763216

[33, 110, 1, 24, 20]

Fitness: 0.15120660454852053

[84, 157, 1, 19, 26]

========== Iteration: 2 ===========


Fitness: 0.19346102099854381

[98, 250, 1, 17, 11]

Fitness: 0.19088684080599838

[57, 186, 1, 24, 10]

Fitness: 0.18760669316527903

[68, 234, 1, 24, 19]

Fitness: 0.1715699267034877

[59, 125, 1, 17, 25]

Fitness: 0.16496554347043982

[77, 214, 1, 18, 14]

========== Iteration: 3 ===========


Fitness: 0.19477396931658741

[58, 186, 1, 24, 26]

Fitness: 0.19346102099854381

[98, 250, 1, 17, 11]

Fitness: 0.19088684080599838

[57, 186, 1, 24, 10]

Fitness: 0.19088684080599838

[57, 186, 1, 24, 10]

Fitness: 0.18760669316527903

[68, 234, 1, 24, 19]

========== Iteration: 4 ===========


Fitness: 0.19477396931658741

[58, 186, 1, 24, 26]

Fitness: 0.19346102099854381

[98, 250, 1, 17, 11]

Fitness: 0.19346102099854381

[98, 250, 1, 17, 11]

Fitness: 0.19088684080599838

[57, 186, 1, 24, 10]

Fitness: 0.19088684080599838

[57, 186, 1, 24, 10]

========== Iteration: 5 ===========


Fitness: 0.19986010018675737

[57, 186, 1, 24, 24]

Fitness: 0.19477396931658741

[58, 186, 1, 24, 26]

Fitness: 0.19346102099854381

[98, 250, 1, 17, 11]

Fitness: 0.19346102099854381

[98, 250, 1, 17, 11]

Fitness: 0.19346102099854381

[98, 250, 1, 17, 11]

========== Iteration: 6 ===========


Fitness: 0.19986010018675737

[57, 186, 1, 24, 24]

Fitness: 0.19477396931658741

[58, 186, 1, 24, 26]

Fitness: 0.19477396931658741

[58, 186, 1, 24, 26]

Fitness: 0.19477396931658741

[57, 186, 1, 22, 10]

Fitness: 0.19423074694926956

[100, 250, 1, 17, 11]

========== Iteration: 7 ===========


Fitness: 0.22633956445446887

[98, 289, 1, 17, 11]

Fitness: 0.19986010018675737

[57, 186, 1, 24, 24]

Fitness: 0.19986010018675737

[57, 186, 1, 24, 24]

Fitness: 0.19477396931658741

[58, 186, 1, 24, 26]

Fitness: 0.19477396931658741

[58, 186, 1, 24, 26]

========== Iteration: 8 ===========


Fitness: 0.22633956445446887

[98, 289, 1, 17, 11]

Fitness: 0.22633956445446887

[98, 289, 1, 17, 11]

Fitness: 0.22633956445446887

[98, 289, 1, 17, 11]

Fitness: 0.2004169281848075

[57, 186, 1, 24, 23]

Fitness: 0.19986010018675737

[57, 186, 1, 24, 24]

========== Iteration: 9 ===========


Fitness: 0.22633956445446887

[98, 289, 1, 17, 11]

Fitness: 0.22633956445446887

[98, 289, 1, 17, 11]

Fitness: 0.22633956445446887

[98, 289, 1, 17, 11]

Fitness: 0.22633956445446887

[98, 289, 1, 17, 11]

Fitness: 0.22633956445446887

[98, 289, 1, 17, 11]

========== Iteration: 10 ===========


Fitness: 0.22633956445446887

[98, 289, 1, 17, 11]

Fitness: 0.22633956445446887

[98, 289, 1, 17, 11]

Fitness: 0.22633956445446887

[98, 289, 1, 17, 11]

Fitness: 0.22633956445446887

[98, 289, 1, 17, 11]

Fitness: 0.22633956445446887

[98, 289, 1, 17, 11]

 it: 10 writing ...


========== Iteration: 11 ===========


Fitness: 0.22633956445446887

[98, 289, 1, 17, 11]

Fitness: 0.22633956445446887

[98, 289, 1, 17, 11]

Fitness: 0.22633956445446887

[98, 289, 1, 17, 11]

Fitness: 0.22633956445446887

[98, 289, 1, 17, 11]

Fitness: 0.22633956445446887

[98, 289, 1, 17, 11]

========== Iteration: 12 ===========


Fitness: 0.22633956445446887

[98, 289, 1, 17, 11]

Fitness: 0.22633956445446887

[98, 289, 1, 17, 11]

Fitness: 0.22633956445446887

[98, 289, 1, 17, 11]

Fitness: 0.22633956445446887

[98, 289, 1, 17, 11]

Fitness: 0.22633956445446887

[98, 289, 1, 17, 11]

========== Iteration: 13 ===========


Fitness: 0.22633956445446887

[98, 289, 1, 17, 11]

Fitness: 0.22633956445446887

[98, 289, 1, 17, 11]

Fitness: 0.22633956445446887

[98, 289, 1, 17, 11]

Fitness: 0.22633956445446887

[98, 289, 1, 17, 11]

Fitness: 0.22633956445446887

[98, 289, 1, 17, 11]

========== Iteration: 14 ===========


Fitness: 0.22633956445446887

[98, 289, 1, 17, 11]

Fitness: 0.22633956445446887

[98, 289, 1, 17, 11]

Fitness: 0.22633956445446887

[98, 289, 1, 17, 11]

Fitness: 0.22633956445446887

[98, 289, 1, 17, 11]

Fitness: 0.22633956445446887

[98, 289, 1, 17, 11]

========== Iteration: 15 ===========


Fitness: 0.22633956445446887

[98, 289, 1, 17, 11]

Fitness: 0.22633956445446887

[98, 289, 1, 17, 11]

Fitness: 0.22633956445446887

[98, 289, 1, 17, 11]

Fitness: 0.22633956445446887

[98, 289, 1, 17, 11]

Fitness: 0.22633956445446887

[98, 289, 1, 17, 11]

========== Iteration: 16 ===========


Fitness: 0.22633956445446887

[98, 289, 1, 17, 11]

Fitness: 0.22633956445446887

[98, 289, 1, 17, 11]

Fitness: 0.22633956445446887

[98, 289, 1, 17, 11]

Fitness: 0.22633956445446887

[98, 289, 1, 17, 11]

Fitness: 0.22633956445446887

[98, 289, 1, 17, 11]

========== Iteration: 17 ===========


Fitness: 0.22633956445446887

[98, 289, 1, 17, 11]

Fitness: 0.22633956445446887

[98, 289, 1, 17, 11]

Fitness: 0.22633956445446887

[98, 289, 1, 17, 11]

Fitness: 0.22633956445446887

[98, 289, 1, 17, 11]

Fitness: 0.22633956445446887

[98, 289, 1, 17, 11]

========== Iteration: 18 ===========


Fitness: 0.22633956445446887

[98, 289, 1, 17, 11]

Fitness: 0.22633956445446887

[98, 289, 1, 17, 11]

Fitness: 0.22633956445446887

[98, 289, 1, 17, 11]

Fitness: 0.22633956445446887

[98, 289, 1, 17, 11]

Fitness: 0.22633956445446887

[98, 289, 1, 17, 11]

========== Iteration: 19 ===========


Fitness: 0.22633956445446887

[98, 289, 1, 17, 11]

Fitness: 0.22633956445446887

[98, 289, 1, 17, 11]

Fitness: 0.22633956445446887

[98, 289, 1, 17, 11]

Fitness: 0.22633956445446887

[98, 289, 1, 17, 11]

Fitness: 0.22633956445446887

[98, 289, 1, 17, 11]

========== Iteration: 20 ===========


Fitness: 0.22633956445446887

[98, 289, 1, 17, 11]

Fitness: 0.22633956445446887

[98, 289, 1, 17, 11]

Fitness: 0.22633956445446887

[98, 289, 1, 17, 11]

Fitness: 0.22633956445446887

[98, 289, 1, 17, 11]

Fitness: 0.22633956445446887

[98, 289, 1, 17, 11]

 it: 20 writing ...


========== Iteration: 21 ===========


Fitness: 0.22633956445446887

[98, 289, 1, 17, 11]

Fitness: 0.22633956445446887

[98, 289, 1, 17, 11]

Fitness: 0.22633956445446887

[98, 289, 1, 17, 11]

Fitness: 0.22633956445446887

[98, 289, 1, 17, 11]

Fitness: 0.22633956445446887

[98, 289, 1, 17, 11]
