Number of processors:  32

 it: 0 writing ...


========== Iteration: 1 ===========


Fitness: 0.20001695514542261

[70, 131, 3, 0, 26]

Fitness: 0.19371112395970216

[38, 198, 3, 0, 25]

Fitness: 0.1903812461101193

[85, 118, 3, 0, 26]

Fitness: 0.18514585660836858

[92, 147, 3, 0, 25]

Fitness: 0.1751804120476301

[31, 89, 3, 0, 23]

========== Iteration: 2 ===========


Fitness: 0.233125677136965

[26, 62, 3, 0, 28]

Fitness: 0.2013167465405221

[56, 74, 3, 0, 27]

Fitness: 0.20001695514542261

[70, 131, 3, 0, 26]

Fitness: 0.19901504657116356

[85, 147, 3, 0, 25]

Fitness: 0.19767403639315959

[35, 279, 3, 23, 14]

========== Iteration: 3 ===========


Fitness: 0.233125677136965

[26, 62, 3, 0, 28]

Fitness: 0.20599827060967488

[85, 279, 3, 23, 14]

Fitness: 0.20265627729663005

[85, 152, 3, 0, 25]

Fitness: 0.2013167465405221

[56, 74, 3, 0, 27]

Fitness: 0.2013167465405221

[56, 74, 3, 0, 27]

========== Iteration: 4 ===========


Fitness: 0.233125677136965

[26, 62, 3, 0, 28]

Fitness: 0.20647573902446215

[56, 74, 3, 0, 25]

Fitness: 0.20599827060967488

[85, 279, 3, 23, 14]

Fitness: 0.20265627729663005

[85, 152, 3, 0, 25]

Fitness: 0.20265627729663005

[85, 152, 3, 0, 25]

========== Iteration: 5 ===========


Fitness: 0.233125677136965

[26, 62, 3, 0, 28]

Fitness: 0.233125677136965

[26, 62, 3, 0, 28]

Fitness: 0.233125677136965

[26, 62, 3, 0, 28]

Fitness: 0.20870411372326522

[57, 74, 3, 0, 27]

Fitness: 0.20647573902446215

[56, 74, 3, 0, 25]

========== Iteration: 6 ===========


Fitness: 0.233125677136965

[26, 62, 3, 0, 28]

Fitness: 0.233125677136965

[26, 62, 3, 0, 28]

Fitness: 0.233125677136965

[26, 62, 3, 0, 28]

Fitness: 0.233125677136965

[26, 62, 3, 0, 28]

Fitness: 0.233125677136965

[26, 62, 3, 0, 28]

========== Iteration: 7 ===========


Fitness: 0.24844335426397268

[34, 74, 3, 0, 28]

Fitness: 0.233125677136965

[26, 62, 3, 0, 28]

Fitness: 0.233125677136965

[26, 62, 3, 0, 28]

Fitness: 0.233125677136965

[26, 62, 3, 0, 28]

Fitness: 0.233125677136965

[26, 62, 3, 0, 28]

========== Iteration: 8 ===========


Fitness: 0.24844335426397268

[34, 74, 3, 0, 28]

Fitness: 0.24844335426397268

[34, 74, 3, 0, 28]

Fitness: 0.24844335426397268

[34, 74, 3, 0, 28]

Fitness: 0.233125677136965

[26, 62, 3, 0, 28]

Fitness: 0.233125677136965

[26, 62, 3, 0, 28]

========== Iteration: 9 ===========


Fitness: 0.24844335426397268

[34, 74, 3, 0, 28]

Fitness: 0.24844335426397268

[34, 74, 3, 0, 28]

Fitness: 0.24844335426397268

[34, 74, 3, 0, 28]

Fitness: 0.24844335426397268

[34, 74, 3, 0, 28]

Fitness: 0.24844335426397268

[34, 74, 3, 0, 28]

========== Iteration: 10 ===========


Fitness: 0.24844335426397268

[34, 74, 3, 0, 28]

Fitness: 0.24844335426397268

[34, 74, 3, 0, 28]

Fitness: 0.24844335426397268

[34, 74, 3, 0, 28]

Fitness: 0.24844335426397268

[34, 74, 3, 0, 28]

Fitness: 0.24844335426397268

[34, 74, 3, 0, 28]

 it: 10 writing ...


========== Iteration: 11 ===========


Fitness: 0.24844335426397268

[34, 74, 3, 0, 28]

Fitness: 0.24844335426397268

[34, 74, 3, 0, 28]

Fitness: 0.24844335426397268

[34, 74, 3, 0, 28]

Fitness: 0.24844335426397268

[34, 74, 3, 0, 28]

Fitness: 0.24844335426397268

[34, 74, 3, 0, 28]

========== Iteration: 12 ===========


Fitness: 0.24844335426397268

[34, 74, 3, 0, 28]

Fitness: 0.24844335426397268

[34, 74, 3, 0, 28]

Fitness: 0.24844335426397268

[34, 74, 3, 0, 28]

Fitness: 0.24844335426397268

[34, 74, 3, 0, 28]

Fitness: 0.24844335426397268

[34, 74, 3, 0, 28]

========== Iteration: 13 ===========


Fitness: 0.24844335426397268

[34, 74, 3, 0, 28]

Fitness: 0.24844335426397268

[34, 74, 3, 0, 28]

Fitness: 0.24844335426397268

[34, 74, 3, 0, 28]

Fitness: 0.24844335426397268

[34, 74, 3, 0, 28]

Fitness: 0.24844335426397268

[34, 74, 3, 0, 28]

========== Iteration: 14 ===========


Fitness: 0.24844335426397268

[34, 74, 3, 0, 28]

Fitness: 0.24844335426397268

[34, 74, 3, 0, 28]

Fitness: 0.24844335426397268

[34, 74, 3, 0, 28]

Fitness: 0.24844335426397268

[34, 74, 3, 0, 28]

Fitness: 0.24844335426397268

[34, 74, 3, 0, 28]

========== Iteration: 15 ===========


Fitness: 0.24844335426397268

[34, 74, 3, 0, 28]

Fitness: 0.24844335426397268

[34, 74, 3, 0, 28]

Fitness: 0.24844335426397268

[34, 74, 3, 0, 28]

Fitness: 0.24844335426397268

[34, 74, 3, 0, 28]

Fitness: 0.24844335426397268

[34, 74, 3, 0, 28]

========== Iteration: 16 ===========


Fitness: 0.24844335426397268

[34, 74, 3, 0, 28]

Fitness: 0.24844335426397268

[34, 74, 3, 0, 28]

Fitness: 0.24844335426397268

[34, 74, 3, 0, 28]

Fitness: 0.24844335426397268

[34, 74, 3, 0, 28]

Fitness: 0.24844335426397268

[34, 74, 3, 0, 28]

========== Iteration: 17 ===========


Fitness: 0.24844335426397268

[34, 74, 3, 0, 28]

Fitness: 0.24844335426397268

[34, 74, 3, 0, 28]

Fitness: 0.24844335426397268

[34, 74, 3, 0, 28]

Fitness: 0.24844335426397268

[34, 74, 3, 0, 28]

Fitness: 0.24844335426397268

[34, 74, 3, 0, 28]

========== Iteration: 18 ===========


Fitness: 0.24844335426397268

[34, 74, 3, 0, 28]

Fitness: 0.24844335426397268

[34, 74, 3, 0, 28]

Fitness: 0.24844335426397268

[34, 74, 3, 0, 28]

Fitness: 0.24844335426397268

[34, 74, 3, 0, 28]

Fitness: 0.24844335426397268

[34, 74, 3, 0, 28]

========== Iteration: 19 ===========


Fitness: 0.24844335426397268

[34, 74, 3, 0, 28]

Fitness: 0.24844335426397268

[34, 74, 3, 0, 28]

Fitness: 0.24844335426397268

[34, 74, 3, 0, 28]

Fitness: 0.24844335426397268

[34, 74, 3, 0, 28]

Fitness: 0.24844335426397268

[34, 74, 3, 0, 28]

========== Iteration: 20 ===========


Fitness: 0.24844335426397268

[34, 74, 3, 0, 28]

Fitness: 0.24844335426397268

[34, 74, 3, 0, 28]

Fitness: 0.24844335426397268

[34, 74, 3, 0, 28]

Fitness: 0.24844335426397268

[34, 74, 3, 0, 28]

Fitness: 0.24844335426397268

[34, 74, 3, 0, 28]

 it: 20 writing ...


========== Iteration: 21 ===========


Fitness: 0.24844335426397268

[34, 74, 3, 0, 28]

Fitness: 0.24844335426397268

[34, 74, 3, 0, 28]

Fitness: 0.24844335426397268

[34, 74, 3, 0, 28]

Fitness: 0.24844335426397268

[34, 74, 3, 0, 28]

Fitness: 0.24844335426397268

[34, 74, 3, 0, 28]
