
 it: 0 writing ...


========== Iteration: 1 ===========


Fitness: 0.011723427536350696

[82, 61, 2, 0, 24]

Fitness: 0.0

[55, 169, 2, 21, 11]

Fitness: 0.0

[58, 241, 2, 18, 24]

Fitness: 0.0

[46, 217, 2, 21, 10]

Fitness: 0.0

[29, 72, 2, 21, 16]

========== Iteration: 2 ===========


Fitness: 0.011723427536350696

[82, 61, 2, 0, 24]

Fitness: 0.011723427536350696

[82, 61, 2, 0, 24]

Fitness: 0.0

[82, 169, 2, 0, 11]

Fitness: 0.0

[74, 71, 2, 0, 15]

Fitness: 0.0

[37, 239, 2, 0, 12]

========== Iteration: 3 ===========


Fitness: 0.011723427536350696

[82, 61, 2, 0, 24]

Fitness: 0.011723427536350696

[82, 61, 2, 0, 24]

Fitness: 0.011723427536350696

[82, 61, 2, 0, 24]

Fitness: 0.011723427536350696

[82, 61, 2, 0, 24]

Fitness: 0.011723427536350696

[82, 61, 2, 0, 24]

========== Iteration: 4 ===========


Fitness: 0.011723427536350696

[82, 61, 2, 0, 24]

Fitness: 0.011723427536350696

[82, 61, 2, 0, 24]

Fitness: 0.011723427536350696

[82, 61, 2, 0, 24]

Fitness: 0.011723427536350696

[82, 61, 2, 0, 24]

Fitness: 0.011723427536350696

[82, 61, 2, 0, 24]

========== Iteration: 5 ===========


Fitness: 0.013550741435368871

[82, 61, 2, 0, 30]

Fitness: 0.013550741435368871

[82, 61, 2, 0, 30]

Fitness: 0.011723427536350696

[82, 61, 2, 0, 24]

Fitness: 0.011723427536350696

[82, 61, 2, 0, 24]

Fitness: 0.011723427536350696

[82, 61, 2, 0, 24]

========== Iteration: 6 ===========


Fitness: 0.039836535140619814

[82, 61, 2, 0, 29]

Fitness: 0.013550741435368871

[82, 61, 2, 0, 30]

Fitness: 0.013550741435368871

[82, 61, 2, 0, 30]

Fitness: 0.013550741435368871

[82, 61, 2, 0, 30]

Fitness: 0.013550741435368871

[82, 61, 2, 0, 30]

========== Iteration: 7 ===========


Fitness: 0.039836535140619814

[82, 61, 2, 0, 29]

Fitness: 0.039836535140619814

[82, 61, 2, 0, 29]

Fitness: 0.039836535140619814

[82, 61, 2, 0, 29]

Fitness: 0.039836535140619814

[65, 61, 2, 0, 30]

Fitness: 0.039836535140619814

[82, 61, 2, 0, 29]

========== Iteration: 8 ===========


Fitness: 0.039836535140619814

[82, 61, 2, 0, 29]

Fitness: 0.039836535140619814

[82, 61, 2, 0, 29]

Fitness: 0.039836535140619814

[82, 61, 2, 0, 29]

Fitness: 0.039836535140619814

[82, 61, 2, 0, 29]

Fitness: 0.039836535140619814

[82, 61, 2, 0, 29]

========== Iteration: 9 ===========


Fitness: 0.039836535140619814

[82, 61, 2, 0, 29]

Fitness: 0.039836535140619814

[82, 61, 2, 0, 29]

Fitness: 0.039836535140619814

[82, 61, 2, 0, 29]

Fitness: 0.039836535140619814

[82, 61, 2, 0, 29]

Fitness: 0.039836535140619814

[82, 61, 2, 0, 29]

========== Iteration: 10 ===========


Fitness: 0.039836535140619814

[82, 61, 2, 0, 29]

Fitness: 0.039836535140619814

[82, 61, 2, 0, 29]

Fitness: 0.039836535140619814

[82, 61, 2, 0, 29]

Fitness: 0.039836535140619814

[82, 61, 2, 0, 29]

Fitness: 0.039836535140619814

[82, 61, 2, 0, 29]

 it: 10 writing ...


========== Iteration: 11 ===========


Fitness: 0.039836535140619814

[82, 61, 2, 0, 29]

Fitness: 0.039836535140619814

[82, 61, 2, 0, 29]

Fitness: 0.039836535140619814

[82, 61, 2, 0, 29]

Fitness: 0.039836535140619814

[82, 61, 2, 0, 29]

Fitness: 0.039836535140619814

[82, 61, 2, 0, 29]

========== Iteration: 12 ===========


Fitness: 0.04757934130137794

[89, 61, 2, 0, 29]

Fitness: 0.04231470897147653

[84, 61, 2, 0, 29]

Fitness: 0.039836535140619814

[82, 61, 2, 0, 29]

Fitness: 0.039836535140619814

[82, 61, 2, 0, 29]

Fitness: 0.039836535140619814

[82, 61, 2, 0, 29]

========== Iteration: 13 ===========


Fitness: 0.04757934130137794

[89, 61, 2, 0, 29]

Fitness: 0.04757934130137794

[89, 61, 2, 0, 29]

Fitness: 0.04757934130137794

[89, 61, 2, 0, 29]

Fitness: 0.04231470897147653

[84, 61, 2, 0, 29]

Fitness: 0.04231470897147653

[84, 61, 2, 0, 29]

========== Iteration: 14 ===========


Fitness: 0.04757934130137794

[89, 61, 2, 0, 29]

Fitness: 0.04757934130137794

[89, 61, 2, 0, 29]

Fitness: 0.04757934130137794

[89, 61, 2, 0, 29]

Fitness: 0.04757934130137794

[89, 61, 2, 0, 29]

Fitness: 0.04757934130137794

[89, 61, 2, 0, 29]

========== Iteration: 15 ===========


Fitness: 0.04757934130137794

[89, 61, 2, 0, 29]

Fitness: 0.04757934130137794

[89, 61, 2, 0, 29]

Fitness: 0.04757934130137794

[89, 61, 2, 0, 29]

Fitness: 0.04757934130137794

[89, 61, 2, 0, 29]

Fitness: 0.04757934130137794

[89, 61, 2, 0, 29]

========== Iteration: 16 ===========


Fitness: 0.04757934130137794

[89, 61, 2, 0, 29]

Fitness: 0.04757934130137794

[89, 61, 2, 0, 29]

Fitness: 0.04757934130137794

[89, 61, 2, 0, 29]

Fitness: 0.04757934130137794

[89, 61, 2, 0, 29]

Fitness: 0.04757934130137794

[89, 61, 2, 0, 29]

========== Iteration: 17 ===========


Fitness: 0.04757934130137794

[89, 61, 2, 0, 29]

Fitness: 0.04757934130137794

[89, 61, 2, 0, 29]

Fitness: 0.04757934130137794

[89, 61, 2, 0, 29]

Fitness: 0.04757934130137794

[89, 61, 2, 0, 29]

Fitness: 0.04757934130137794

[89, 61, 2, 0, 29]

========== Iteration: 18 ===========


Fitness: 0.04757934130137794

[89, 61, 2, 0, 29]

Fitness: 0.04757934130137794

[89, 61, 2, 0, 29]

Fitness: 0.04757934130137794

[89, 61, 2, 0, 29]

Fitness: 0.04757934130137794

[89, 61, 2, 0, 29]

Fitness: 0.04757934130137794

[89, 61, 2, 0, 29]

========== Iteration: 19 ===========


Fitness: 0.04757934130137794

[89, 61, 2, 0, 29]

Fitness: 0.04757934130137794

[89, 61, 2, 0, 29]

Fitness: 0.04757934130137794

[89, 61, 2, 0, 29]

Fitness: 0.04757934130137794

[89, 61, 2, 0, 29]

Fitness: 0.04757934130137794

[89, 61, 2, 0, 29]

========== Iteration: 20 ===========


Fitness: 0.053254393996985096

[89, 88, 2, 0, 29]

Fitness: 0.04757934130137794

[89, 61, 2, 0, 29]

Fitness: 0.04757934130137794

[89, 61, 2, 0, 29]

Fitness: 0.04757934130137794

[89, 61, 2, 0, 29]

Fitness: 0.04757934130137794

[89, 61, 2, 0, 29]

 it: 20 writing ...


========== Iteration: 21 ===========


Fitness: 0.053254393996985096

[89, 88, 2, 0, 29]

Fitness: 0.053254393996985096

[89, 88, 2, 0, 29]

Fitness: 0.053254393996985096

[89, 88, 2, 0, 29]

Fitness: 0.04757934130137794

[89, 61, 2, 0, 29]

Fitness: 0.04757934130137794

[89, 61, 2, 0, 29]
