Number of processors:  16

 it: 0 writing ...


========== Iteration: 1 ===========


Fitness: 0.0

[82, 175, 3, 17, 10]

Fitness: 0.0

[55, 153, 3, 18, 24]

Fitness: 0.0

[70, 132, 3, 0, 16]

Fitness: 0.0

[61, 135, 3, 0, 15]

Fitness: 0.0

[52, 281, 3, 0, 19]

========== Iteration: 2 ===========


Fitness: 0.0

[82, 202, 3, 18, 24]

Fitness: 0.0

[38, 225, 3, 0, 20]

Fitness: 0.0

[69, 129, 3, 19, 13]

Fitness: 0.0

[69, 129, 3, 19, 13]

Fitness: 0.0

[96, 235, 3, 0, 10]

========== Iteration: 3 ===========


Fitness: 0.0

[82, 225, 3, 0, 20]

Fitness: 0.0

[94, 147, 3, 0, 16]

Fitness: 0.0

[94, 282, 3, 0, 22]

Fitness: 0.0

[94, 282, 3, 23, 29]

Fitness: 0.0

[29, 57, 3, 0, 16]

========== Iteration: 4 ===========


Fitness: 0.0

[82, 147, 3, 0, 16]

Fitness: 0.0

[70, 50, 3, 0, 14]

Fitness: 0.0

[69, 182, 3, 0, 17]

Fitness: 0.0

[69, 50, 3, 0, 17]

Fitness: 0.0

[69, 181, 3, 0, 15]

========== Iteration: 5 ===========


Fitness: 0.0

[82, 147, 3, 0, 14]

Fitness: 0.0

[65, 57, 3, 23, 29]

Fitness: 0.0

[29, 174, 3, 23, 12]

Fitness: 0.0

[29, 78, 3, 23, 12]

Fitness: 0.0

[20, 57, 3, 23, 16]

========== Iteration: 6 ===========


Fitness: 0.0

[82, 57, 3, 23, 29]

Fitness: 0.0

[69, 107, 3, 0, 11]

Fitness: 0.0

[69, 107, 3, 0, 10]

Fitness: 0.0

[69, 107, 3, 0, 17]

Fitness: 0.0

[69, 107, 3, 15, 11]

========== Iteration: 7 ===========


Fitness: 0.0

[82, 50, 3, 0, 11]

Fitness: 0.0

[20, 143, 3, 23, 16]

Fitness: 0.0

[20, 57, 3, 22, 12]

Fitness: 0.0

[20, 57, 3, 23, 16]

Fitness: 0.0

[49, 57, 3, 23, 16]

========== Iteration: 8 ===========


Fitness: 0.0

[82, 50, 3, 0, 16]

Fitness: 0.0

[69, 203, 3, 0, 11]

Fitness: 0.0

[69, 107, 3, 15, 17]

Fitness: 0.0

[69, 107, 3, 0, 18]

Fitness: 0.0

[69, 107, 3, 15, 17]

========== Iteration: 9 ===========


Fitness: 0.0

[82, 50, 3, 0, 11]

Fitness: 0.0

[20, 76, 3, 23, 16]

Fitness: 0.0

[20, 57, 3, 23, 16]

Fitness: 0.0

[20, 57, 3, 23, 16]

Fitness: 0.0

[20, 57, 3, 23, 16]

========== Iteration: 10 ===========


Fitness: 0.0

[82, 50, 3, 0, 11]

Fitness: 0.0

[69, 107, 3, 15, 11]

Fitness: 0.0

[69, 107, 3, 0, 18]

Fitness: 0.0

[69, 131, 3, 0, 18]

Fitness: 0.0

[79, 107, 3, 0, 18]

 it: 10 writing ...


========== Iteration: 11 ===========


Fitness: 0.0

[82, 107, 3, 15, 11]

Fitness: 0.0

[58, 57, 3, 23, 12]

Fitness: 0.0

[58, 57, 3, 23, 17]

Fitness: 0.0

[83, 57, 3, 20, 16]

Fitness: 0.0

[58, 57, 3, 23, 16]

========== Iteration: 12 ===========


Fitness: 0.0

[82, 62, 3, 15, 11]

Fitness: 0.0

[69, 107, 3, 15, 24]

Fitness: 0.0

[69, 131, 3, 0, 11]

Fitness: 0.0

[69, 107, 3, 0, 18]

Fitness: 0.0

[69, 131, 3, 15, 24]

========== Iteration: 13 ===========


Fitness: 0.0

[82, 62, 3, 15, 24]

Fitness: 0.0

[58, 57, 3, 20, 16]

Fitness: 0.0

[58, 57, 3, 20, 12]

Fitness: 0.0

[58, 57, 3, 20, 16]

Fitness: 0.0

[58, 57, 3, 22, 16]

========== Iteration: 14 ===========


Fitness: 0.0

[82, 62, 3, 15, 24]

Fitness: 0.0

[69, 107, 3, 15, 24]

Fitness: 0.0

[97, 107, 3, 15, 10]

Fitness: 0.0

[69, 107, 3, 15, 10]

Fitness: 0.0

[69, 107, 3, 15, 24]

========== Iteration: 15 ===========


Fitness: 0.0

[82, 62, 3, 0, 24]

Fitness: 0.0

[58, 84, 3, 22, 16]

Fitness: 0.0

[58, 84, 3, 20, 16]

Fitness: 0.0

[58, 84, 3, 22, 16]

Fitness: 0.0

[58, 156, 3, 22, 16]

========== Iteration: 16 ===========


Fitness: 0.0

[82, 62, 3, 0, 24]

Fitness: 0.0

[69, 107, 3, 0, 10]

Fitness: 0.0

[69, 131, 3, 15, 24]

Fitness: 0.0

[69, 131, 3, 0, 10]

Fitness: 0.0

[69, 131, 3, 17, 24]

========== Iteration: 17 ===========


Fitness: 0.0

[82, 107, 3, 0, 10]

Fitness: 0.0

[58, 156, 3, 22, 16]

Fitness: 0.0

[58, 156, 3, 22, 16]

Fitness: 0.0

[58, 156, 3, 22, 16]

Fitness: 0.0

[31, 108, 3, 20, 16]

========== Iteration: 18 ===========


Fitness: 0.0

[82, 156, 3, 22, 16]

Fitness: 0.0

[69, 131, 3, 0, 10]

Fitness: 0.0

[69, 131, 3, 0, 24]

Fitness: 0.0

[69, 131, 3, 15, 10]

Fitness: 0.0

[69, 131, 3, 0, 24]

========== Iteration: 19 ===========


Fitness: 0.0

[82, 156, 3, 22, 10]

Fitness: 0.0

[58, 108, 3, 20, 16]

Fitness: 0.0

[58, 108, 3, 22, 12]

Fitness: 0.0

[58, 108, 3, 22, 16]

Fitness: 0.0

[58, 108, 3, 22, 16]

========== Iteration: 20 ===========


Fitness: 0.0

[82, 198, 3, 20, 16]

Fitness: 0.0

[69, 131, 3, 15, 10]

Fitness: 0.0

[69, 131, 3, 15, 24]

Fitness: 0.0

[69, 131, 3, 15, 10]

Fitness: 0.0

[69, 131, 3, 15, 24]

 it: 20 writing ...


========== Iteration: 21 ===========


Fitness: 0.0

[82, 131, 3, 15, 10]

Fitness: 0.0

[58, 108, 3, 24, 12]

Fitness: 0.0

[58, 108, 3, 24, 16]

Fitness: 0.0

[58, 108, 3, 24, 16]

Fitness: 0.0

[58, 108, 3, 24, 12]
