Number of processors:  32

 it: 0 writing ...


========== Iteration: 1 ===========


Fitness: 0.34041880145888764

[72, 60, 3, 0, 27]

Fitness: 0.2321124576451814

[60, 91, 3, 0, 28]

Fitness: 0.12765662346750128

[94, 73, 3, 0, 22]

Fitness: 0.07465594921335302

[95, 55, 3, 0, 16]

Fitness: 0.054261443420432154

[84, 125, 3, 0, 25]

========== Iteration: 2 ===========


Fitness: 0.34041880145888764

[72, 60, 3, 0, 27]

Fitness: 0.34041880145888764

[72, 60, 3, 0, 27]

Fitness: 0.28857038769177673

[41, 56, 3, 0, 28]

Fitness: 0.28857038769177673

[41, 56, 3, 0, 28]

Fitness: 0.2321124576451814

[60, 91, 3, 0, 28]

========== Iteration: 3 ===========


Fitness: 0.34041880145888764

[72, 60, 3, 0, 27]

Fitness: 0.34041880145888764

[72, 60, 3, 0, 27]

Fitness: 0.34041880145888764

[72, 60, 3, 0, 27]

Fitness: 0.34041880145888764

[72, 60, 3, 0, 27]

Fitness: 0.34041880145888764

[72, 60, 3, 0, 27]

========== Iteration: 4 ===========


Fitness: 0.34041880145888764

[72, 60, 3, 0, 27]

Fitness: 0.34041880145888764

[72, 60, 3, 0, 27]

Fitness: 0.34041880145888764

[72, 60, 3, 0, 27]

Fitness: 0.34041880145888764

[72, 60, 3, 0, 27]

Fitness: 0.34041880145888764

[72, 60, 3, 0, 27]

========== Iteration: 5 ===========


Fitness: 0.34041880145888764

[72, 60, 3, 0, 27]

Fitness: 0.34041880145888764

[72, 60, 3, 0, 27]

Fitness: 0.34041880145888764

[72, 60, 3, 0, 27]

Fitness: 0.34041880145888764

[72, 60, 3, 0, 27]

Fitness: 0.34041880145888764

[72, 60, 3, 0, 27]

========== Iteration: 6 ===========


Fitness: 0.34041880145888764

[72, 60, 3, 0, 27]

Fitness: 0.34041880145888764

[72, 60, 3, 0, 27]

Fitness: 0.34041880145888764

[72, 60, 3, 0, 27]

Fitness: 0.34041880145888764

[72, 60, 3, 0, 27]

Fitness: 0.34041880145888764

[72, 60, 3, 0, 27]

========== Iteration: 7 ===========


Fitness: 0.34041880145888764

[72, 60, 3, 0, 27]

Fitness: 0.34041880145888764

[72, 60, 3, 0, 27]

Fitness: 0.34041880145888764

[72, 60, 3, 0, 27]

Fitness: 0.34041880145888764

[72, 60, 3, 0, 27]

Fitness: 0.34041880145888764

[72, 60, 3, 0, 27]

========== Iteration: 8 ===========


Fitness: 0.34041880145888764

[72, 60, 3, 0, 27]

Fitness: 0.34041880145888764

[72, 60, 3, 0, 27]

Fitness: 0.34041880145888764

[72, 60, 3, 0, 27]

Fitness: 0.34041880145888764

[72, 60, 3, 0, 27]

Fitness: 0.34041880145888764

[72, 60, 3, 0, 27]

========== Iteration: 9 ===========


Fitness: 0.34041880145888764

[72, 60, 3, 0, 27]

Fitness: 0.34041880145888764

[72, 60, 3, 0, 27]

Fitness: 0.34041880145888764

[72, 60, 3, 0, 27]

Fitness: 0.34041880145888764

[72, 60, 3, 0, 27]

Fitness: 0.34041880145888764

[72, 60, 3, 0, 27]

========== Iteration: 10 ===========


Fitness: 0.34041880145888764

[72, 60, 3, 0, 27]

Fitness: 0.34041880145888764

[72, 60, 3, 0, 27]

Fitness: 0.34041880145888764

[72, 60, 3, 0, 27]

Fitness: 0.34041880145888764

[72, 60, 3, 0, 27]

Fitness: 0.34041880145888764

[72, 60, 3, 0, 27]

 it: 10 writing ...


========== Iteration: 11 ===========


Fitness: 0.34041880145888764

[72, 60, 3, 0, 27]

Fitness: 0.34041880145888764

[72, 60, 3, 0, 27]

Fitness: 0.34041880145888764

[72, 60, 3, 0, 27]

Fitness: 0.34041880145888764

[72, 60, 3, 0, 27]

Fitness: 0.34041880145888764

[72, 60, 3, 0, 27]

========== Iteration: 12 ===========


Fitness: 0.34041880145888764

[72, 60, 3, 0, 27]

Fitness: 0.34041880145888764

[72, 60, 3, 0, 27]

Fitness: 0.34041880145888764

[72, 60, 3, 0, 27]

Fitness: 0.34041880145888764

[72, 60, 3, 0, 27]

Fitness: 0.34041880145888764

[72, 60, 3, 0, 27]

========== Iteration: 13 ===========


Fitness: 0.34041880145888764

[72, 60, 3, 0, 27]

Fitness: 0.34041880145888764

[72, 60, 3, 0, 27]

Fitness: 0.34041880145888764

[72, 60, 3, 0, 27]

Fitness: 0.34041880145888764

[72, 60, 3, 0, 27]

Fitness: 0.34041880145888764

[72, 60, 3, 0, 27]

========== Iteration: 14 ===========


Fitness: 0.34041880145888764

[72, 60, 3, 0, 27]

Fitness: 0.34041880145888764

[72, 60, 3, 0, 27]

Fitness: 0.34041880145888764

[72, 60, 3, 0, 27]

Fitness: 0.34041880145888764

[72, 60, 3, 0, 27]

Fitness: 0.34041880145888764

[72, 60, 3, 0, 27]

========== Iteration: 15 ===========


Fitness: 0.34041880145888764

[72, 60, 3, 0, 27]

Fitness: 0.34041880145888764

[72, 60, 3, 0, 27]

Fitness: 0.34041880145888764

[72, 60, 3, 0, 27]

Fitness: 0.34041880145888764

[72, 60, 3, 0, 27]

Fitness: 0.34041880145888764

[72, 60, 3, 0, 27]

========== Iteration: 16 ===========


Fitness: 0.34041880145888764

[72, 60, 3, 0, 27]

Fitness: 0.34041880145888764

[72, 60, 3, 0, 27]

Fitness: 0.34041880145888764

[72, 60, 3, 0, 27]

Fitness: 0.34041880145888764

[72, 60, 3, 0, 27]

Fitness: 0.34041880145888764

[72, 60, 3, 0, 27]

========== Iteration: 17 ===========


Fitness: 0.34041880145888764

[72, 60, 3, 0, 27]

Fitness: 0.34041880145888764

[72, 60, 3, 0, 27]

Fitness: 0.34041880145888764

[72, 60, 3, 0, 27]

Fitness: 0.34041880145888764

[72, 60, 3, 0, 27]

Fitness: 0.34041880145888764

[72, 60, 3, 0, 27]

========== Iteration: 18 ===========


Fitness: 0.34041880145888764

[72, 60, 3, 0, 27]

Fitness: 0.34041880145888764

[72, 60, 3, 0, 27]

Fitness: 0.34041880145888764

[72, 60, 3, 0, 27]

Fitness: 0.34041880145888764

[72, 60, 3, 0, 27]

Fitness: 0.34041880145888764

[72, 60, 3, 0, 27]

========== Iteration: 19 ===========


Fitness: 0.34041880145888764

[72, 60, 3, 0, 27]

Fitness: 0.34041880145888764

[72, 60, 3, 0, 27]

Fitness: 0.34041880145888764

[72, 60, 3, 0, 27]

Fitness: 0.34041880145888764

[72, 60, 3, 0, 27]

Fitness: 0.34041880145888764

[72, 60, 3, 0, 27]

========== Iteration: 20 ===========


Fitness: 0.34041880145888764

[72, 60, 3, 0, 27]

Fitness: 0.34041880145888764

[72, 60, 3, 0, 27]

Fitness: 0.34041880145888764

[72, 60, 3, 0, 27]

Fitness: 0.34041880145888764

[72, 60, 3, 0, 27]

Fitness: 0.34041880145888764

[72, 60, 3, 0, 27]

 it: 20 writing ...


========== Iteration: 21 ===========


Fitness: 0.34041880145888764

[72, 60, 3, 0, 27]

Fitness: 0.34041880145888764

[72, 60, 3, 0, 27]

Fitness: 0.34041880145888764

[72, 60, 3, 0, 27]

Fitness: 0.34041880145888764

[72, 60, 3, 0, 27]

Fitness: 0.34041880145888764

[72, 60, 3, 0, 27]
