
 it: 0 writing ...


========== Iteration: 1 ===========


Fitness: 0.19771271987316422

[67, 98, 2, 0, 29]

Fitness: 0.19293059338779728

[89, 95, 2, 0, 26]

Fitness: 0.18701760698498024

[46, 58, 2, 0, 28]

Fitness: 0.18178771383301753

[65, 57, 2, 0, 25]

Fitness: 0.17340070729347468

[94, 87, 2, 0, 21]

========== Iteration: 2 ===========


Fitness: 0.2057119729146469

[91, 196, 2, 0, 24]

Fitness: 0.2057119729146469

[91, 196, 2, 0, 24]

Fitness: 0.20147118699100627

[91, 183, 2, 0, 25]

Fitness: 0.19946889730824938

[89, 98, 2, 0, 29]

Fitness: 0.19946889730824938

[89, 98, 2, 0, 29]

========== Iteration: 3 ===========


Fitness: 0.2093629970204288

[55, 196, 2, 0, 27]

Fitness: 0.20664036798003135

[91, 196, 2, 0, 25]

Fitness: 0.20664036798003135

[91, 196, 2, 0, 25]

Fitness: 0.2057119729146469

[91, 196, 2, 0, 24]

Fitness: 0.2057119729146469

[91, 196, 2, 0, 24]

========== Iteration: 4 ===========


Fitness: 0.2186130455624091

[20, 95, 2, 0, 29]

Fitness: 0.21704317940175952

[65, 98, 2, 0, 26]

Fitness: 0.2093629970204288

[55, 196, 2, 0, 27]

Fitness: 0.2093629970204288

[55, 196, 2, 0, 27]

Fitness: 0.20926552850635463

[91, 154, 2, 0, 21]

========== Iteration: 5 ===========


Fitness: 0.21999597786365432

[100, 98, 2, 0, 29]

Fitness: 0.21999597786365432

[100, 98, 2, 0, 29]

Fitness: 0.2186130455624091

[20, 95, 2, 0, 29]

Fitness: 0.2186130455624091

[20, 95, 2, 0, 29]

Fitness: 0.2186130455624091

[20, 95, 2, 0, 29]

========== Iteration: 6 ===========


Fitness: 0.21999597786365432

[100, 98, 2, 0, 29]

Fitness: 0.21999597786365432

[100, 98, 2, 0, 29]

Fitness: 0.21999597786365432

[100, 98, 2, 0, 29]

Fitness: 0.21999597786365432

[100, 98, 2, 0, 29]

Fitness: 0.21999597786365432

[100, 98, 2, 0, 29]

========== Iteration: 7 ===========


Fitness: 0.21999597786365432

[100, 98, 2, 0, 29]

Fitness: 0.21999597786365432

[100, 98, 2, 0, 29]

Fitness: 0.21999597786365432

[100, 98, 2, 0, 29]

Fitness: 0.21999597786365432

[100, 98, 2, 0, 29]

Fitness: 0.21999597786365432

[100, 98, 2, 0, 29]

========== Iteration: 8 ===========


Fitness: 0.21999597786365432

[100, 98, 2, 0, 29]

Fitness: 0.21999597786365432

[100, 98, 2, 0, 29]

Fitness: 0.21999597786365432

[100, 98, 2, 0, 29]

Fitness: 0.21999597786365432

[100, 98, 2, 0, 29]

Fitness: 0.21999597786365432

[100, 98, 2, 0, 29]

========== Iteration: 9 ===========


Fitness: 0.21999597786365432

[100, 98, 2, 0, 29]

Fitness: 0.21999597786365432

[100, 98, 2, 0, 29]

Fitness: 0.21999597786365432

[100, 98, 2, 0, 29]

Fitness: 0.21999597786365432

[100, 98, 2, 0, 29]

Fitness: 0.21999597786365432

[100, 98, 2, 0, 29]

========== Iteration: 10 ===========


Fitness: 0.21999597786365432

[100, 98, 2, 0, 29]

Fitness: 0.21999597786365432

[100, 98, 2, 0, 29]

Fitness: 0.21999597786365432

[100, 98, 2, 0, 29]

Fitness: 0.21999597786365432

[100, 98, 2, 0, 29]

Fitness: 0.21999597786365432

[100, 98, 2, 0, 29]

 it: 10 writing ...


========== Iteration: 11 ===========


Fitness: 0.21999597786365432

[100, 98, 2, 0, 29]

Fitness: 0.21999597786365432

[100, 98, 2, 0, 29]

Fitness: 0.21999597786365432

[100, 98, 2, 0, 29]

Fitness: 0.21999597786365432

[100, 98, 2, 0, 29]

Fitness: 0.21999597786365432

[100, 98, 2, 0, 29]

========== Iteration: 12 ===========


Fitness: 0.21999597786365432

[100, 98, 2, 0, 29]

Fitness: 0.21999597786365432

[100, 98, 2, 0, 29]

Fitness: 0.21999597786365432

[100, 98, 2, 0, 29]

Fitness: 0.21999597786365432

[100, 98, 2, 0, 29]

Fitness: 0.21999597786365432

[100, 98, 2, 0, 29]

========== Iteration: 13 ===========


Fitness: 0.21999597786365432

[100, 98, 2, 0, 29]

Fitness: 0.21999597786365432

[100, 98, 2, 0, 29]

Fitness: 0.21999597786365432

[100, 98, 2, 0, 29]

Fitness: 0.21999597786365432

[100, 98, 2, 0, 29]

Fitness: 0.21999597786365432

[100, 98, 2, 0, 29]

========== Iteration: 14 ===========


Fitness: 0.21999597786365432

[100, 98, 2, 0, 29]

Fitness: 0.21999597786365432

[100, 98, 2, 0, 29]

Fitness: 0.21999597786365432

[100, 98, 2, 0, 29]

Fitness: 0.21999597786365432

[100, 98, 2, 0, 29]

Fitness: 0.21999597786365432

[100, 98, 2, 0, 29]

========== Iteration: 15 ===========


Fitness: 0.21999597786365432

[100, 98, 2, 0, 29]

Fitness: 0.21999597786365432

[100, 98, 2, 0, 29]

Fitness: 0.21999597786365432

[100, 98, 2, 0, 29]

Fitness: 0.21999597786365432

[100, 98, 2, 0, 29]

Fitness: 0.21999597786365432

[100, 98, 2, 0, 29]

========== Iteration: 16 ===========


Fitness: 0.21999597786365432

[100, 98, 2, 0, 29]

Fitness: 0.21999597786365432

[100, 98, 2, 0, 29]

Fitness: 0.21999597786365432

[100, 98, 2, 0, 29]

Fitness: 0.21999597786365432

[100, 98, 2, 0, 29]

Fitness: 0.21999597786365432

[100, 98, 2, 0, 29]

========== Iteration: 17 ===========


Fitness: 0.21999597786365432

[100, 98, 2, 0, 29]

Fitness: 0.21999597786365432

[100, 98, 2, 0, 29]

Fitness: 0.21999597786365432

[100, 98, 2, 0, 29]

Fitness: 0.21999597786365432

[100, 98, 2, 0, 29]

Fitness: 0.21999597786365432

[100, 98, 2, 0, 29]

========== Iteration: 18 ===========


Fitness: 0.21999597786365432

[100, 98, 2, 0, 29]

Fitness: 0.21999597786365432

[100, 98, 2, 0, 29]

Fitness: 0.21999597786365432

[100, 98, 2, 0, 29]

Fitness: 0.21999597786365432

[100, 98, 2, 0, 29]

Fitness: 0.21999597786365432

[100, 98, 2, 0, 29]

========== Iteration: 19 ===========


Fitness: 0.21999597786365432

[100, 98, 2, 0, 29]

Fitness: 0.21999597786365432

[100, 98, 2, 0, 29]

Fitness: 0.21999597786365432

[100, 98, 2, 0, 29]

Fitness: 0.21999597786365432

[100, 98, 2, 0, 29]

Fitness: 0.21999597786365432

[100, 98, 2, 0, 29]

========== Iteration: 20 ===========


Fitness: 0.21999597786365432

[100, 98, 2, 0, 29]

Fitness: 0.21999597786365432

[100, 98, 2, 0, 29]

Fitness: 0.21999597786365432

[100, 98, 2, 0, 29]

Fitness: 0.21999597786365432

[100, 98, 2, 0, 29]

Fitness: 0.21999597786365432

[100, 98, 2, 0, 29]

 it: 20 writing ...


========== Iteration: 21 ===========


Fitness: 0.21999597786365432

[100, 98, 2, 0, 29]

Fitness: 0.21999597786365432

[100, 98, 2, 0, 29]

Fitness: 0.21999597786365432

[100, 98, 2, 0, 29]

Fitness: 0.21999597786365432

[100, 98, 2, 0, 29]

Fitness: 0.21999597786365432

[100, 98, 2, 0, 29]
