
 it: 0 writing ...


========== Iteration: 1 ===========


Fitness: 0.5033597188036344

[33, 298, 2, 22, 13]

Fitness: 0.26934021183704615

[39, 272, 2, 19, 24]

Fitness: 0.1994185984242875

[70, 228, 2, 0, 25]

Fitness: 0.19929903412751618

[34, 259, 2, 0, 21]

Fitness: 0.19929903412751618

[95, 55, 2, 0, 20]

========== Iteration: 2 ===========


Fitness: 0.5033597188036344

[33, 298, 2, 22, 13]

Fitness: 0.28270312047606067

[39, 272, 2, 19, 30]

Fitness: 0.26934021183704615

[39, 272, 2, 19, 24]

Fitness: 0.23115236212856774

[68, 61, 2, 15, 26]

Fitness: 0.1998658022095231

[94, 161, 2, 0, 22]

========== Iteration: 3 ===========


Fitness: 0.5033597188036344

[33, 298, 2, 22, 13]

Fitness: 0.5033597188036344

[33, 298, 2, 22, 13]

Fitness: 0.42715297773244726

[68, 61, 2, 15, 22]

Fitness: 0.3220024208043665

[28, 79, 2, 15, 24]

Fitness: 0.3103547536899796

[58, 61, 2, 15, 26]

========== Iteration: 4 ===========


Fitness: 0.5033597188036344

[33, 298, 2, 22, 13]

Fitness: 0.5033597188036344

[33, 298, 2, 22, 13]

Fitness: 0.5033597188036344

[33, 298, 2, 22, 13]

Fitness: 0.5033597188036344

[33, 298, 2, 22, 13]

Fitness: 0.5033597188036344

[33, 298, 2, 22, 13]

========== Iteration: 5 ===========


Fitness: 0.5350561378934404

[39, 272, 2, 19, 23]

Fitness: 0.5033597188036344

[33, 298, 2, 22, 13]

Fitness: 0.5033597188036344

[33, 298, 2, 22, 13]

Fitness: 0.5033597188036344

[33, 298, 2, 22, 13]

Fitness: 0.5033597188036344

[33, 298, 2, 22, 13]

========== Iteration: 6 ===========


Fitness: 0.5350561378934404

[39, 272, 2, 19, 23]

Fitness: 0.5350561378934404

[39, 272, 2, 19, 23]

Fitness: 0.5033597188036344

[33, 298, 2, 22, 13]

Fitness: 0.5033597188036344

[33, 298, 2, 22, 13]

Fitness: 0.5033597188036344

[33, 298, 2, 22, 13]

========== Iteration: 7 ===========


Fitness: 0.5350561378934404

[39, 272, 2, 19, 23]

Fitness: 0.5350561378934404

[39, 272, 2, 19, 23]

Fitness: 0.5350561378934404

[39, 272, 2, 19, 23]

Fitness: 0.5350561378934404

[39, 272, 2, 19, 23]

Fitness: 0.5033597188036344

[33, 298, 2, 22, 13]

========== Iteration: 8 ===========


Fitness: 0.5350561378934404

[39, 272, 2, 19, 23]

Fitness: 0.5350561378934404

[39, 272, 2, 19, 23]

Fitness: 0.5350561378934404

[39, 272, 2, 19, 23]

Fitness: 0.5350561378934404

[39, 272, 2, 19, 23]

Fitness: 0.5350561378934404

[39, 272, 2, 19, 23]

========== Iteration: 9 ===========


Fitness: 0.5350561378934404

[39, 272, 2, 19, 23]

Fitness: 0.5350561378934404

[39, 272, 2, 19, 23]

Fitness: 0.5350561378934404

[39, 272, 2, 19, 23]

Fitness: 0.5350561378934404

[39, 272, 2, 19, 23]

Fitness: 0.5350561378934404

[39, 272, 2, 19, 23]

========== Iteration: 10 ===========


Fitness: 0.5350561378934404

[39, 272, 2, 19, 23]

Fitness: 0.5350561378934404

[39, 272, 2, 19, 23]

Fitness: 0.5350561378934404

[39, 272, 2, 19, 23]

Fitness: 0.5350561378934404

[39, 272, 2, 19, 23]

Fitness: 0.5350561378934404

[39, 272, 2, 19, 23]

 it: 10 writing ...


========== Iteration: 11 ===========


Fitness: 0.5350561378934404

[39, 272, 2, 19, 23]

Fitness: 0.5350561378934404

[39, 272, 2, 19, 23]

Fitness: 0.5350561378934404

[39, 272, 2, 19, 23]

Fitness: 0.5350561378934404

[39, 272, 2, 19, 23]

Fitness: 0.5350561378934404

[39, 272, 2, 19, 23]

========== Iteration: 12 ===========


Fitness: 0.5350561378934404

[39, 272, 2, 19, 23]

Fitness: 0.5350561378934404

[39, 272, 2, 19, 23]

Fitness: 0.5350561378934404

[39, 272, 2, 19, 23]

Fitness: 0.5350561378934404

[39, 272, 2, 19, 23]

Fitness: 0.5350561378934404

[39, 272, 2, 19, 23]

========== Iteration: 13 ===========


Fitness: 0.5350561378934404

[39, 272, 2, 19, 23]

Fitness: 0.5350561378934404

[39, 272, 2, 19, 23]

Fitness: 0.5350561378934404

[39, 272, 2, 19, 23]

Fitness: 0.5350561378934404

[39, 272, 2, 19, 23]

Fitness: 0.5350561378934404

[39, 272, 2, 19, 23]

========== Iteration: 14 ===========


Fitness: 0.5350561378934404

[39, 272, 2, 19, 23]

Fitness: 0.5350561378934404

[39, 272, 2, 19, 23]

Fitness: 0.5350561378934404

[39, 272, 2, 19, 23]

Fitness: 0.5350561378934404

[39, 272, 2, 19, 23]

Fitness: 0.5350561378934404

[39, 272, 2, 19, 23]

========== Iteration: 15 ===========


Fitness: 0.5350561378934404

[39, 272, 2, 19, 23]

Fitness: 0.5350561378934404

[39, 272, 2, 19, 23]

Fitness: 0.5350561378934404

[39, 272, 2, 19, 23]

Fitness: 0.5350561378934404

[39, 272, 2, 19, 23]

Fitness: 0.5350561378934404

[39, 272, 2, 19, 23]

========== Iteration: 16 ===========


Fitness: 0.5350561378934404

[39, 272, 2, 19, 23]

Fitness: 0.5350561378934404

[39, 272, 2, 19, 23]

Fitness: 0.5350561378934404

[39, 272, 2, 19, 23]

Fitness: 0.5350561378934404

[39, 272, 2, 19, 23]

Fitness: 0.5350561378934404

[39, 272, 2, 19, 23]

========== Iteration: 17 ===========


Fitness: 0.5399242959221813

[39, 271, 2, 19, 23]

Fitness: 0.5399242959221813

[39, 271, 2, 19, 23]

Fitness: 0.5350561378934404

[39, 272, 2, 19, 23]

Fitness: 0.5350561378934404

[39, 272, 2, 19, 23]

Fitness: 0.5350561378934404

[39, 272, 2, 19, 23]

========== Iteration: 18 ===========


Fitness: 0.5399242959221813

[39, 271, 2, 19, 23]

Fitness: 0.5399242959221813

[39, 271, 2, 19, 23]

Fitness: 0.5399242959221813

[39, 271, 2, 19, 23]

Fitness: 0.5399242959221813

[39, 271, 2, 19, 23]

Fitness: 0.5399242959221813

[39, 271, 2, 19, 23]

========== Iteration: 19 ===========


Fitness: 0.5399242959221813

[39, 271, 2, 19, 23]

Fitness: 0.5399242959221813

[39, 271, 2, 19, 23]

Fitness: 0.5399242959221813

[39, 271, 2, 19, 23]

Fitness: 0.5399242959221813

[39, 271, 2, 19, 23]

Fitness: 0.5399242959221813

[39, 271, 2, 19, 23]

========== Iteration: 20 ===========


Fitness: 0.5399242959221813

[39, 271, 2, 19, 23]

Fitness: 0.5399242959221813

[39, 271, 2, 19, 23]

Fitness: 0.5399242959221813

[39, 271, 2, 19, 23]

Fitness: 0.5399242959221813

[39, 271, 2, 19, 23]

Fitness: 0.5399242959221813

[39, 271, 2, 19, 23]

 it: 20 writing ...


========== Iteration: 21 ===========


Fitness: 0.5399242959221813

[39, 271, 2, 19, 23]

Fitness: 0.5399242959221813

[39, 271, 2, 19, 23]

Fitness: 0.5399242959221813

[39, 271, 2, 19, 23]

Fitness: 0.5399242959221813

[39, 271, 2, 19, 23]

Fitness: 0.5399242959221813

[39, 271, 2, 19, 23]
