
 it: 0 writing ...


========== Iteration: 1 ===========


Fitness: 0.4871390483371593

[52, 229, 3, 0, 23]

Fitness: 0.48040560456665116

[49, 64, 3, 0, 18]

Fitness: 0.47484804592973795

[31, 143, 3, 0, 24]

Fitness: 0.4718729051579637

[54, 279, 3, 0, 24]

Fitness: 0.4408328558136467

[49, 167, 3, 0, 18]

========== Iteration: 2 ===========


Fitness: 0.5012476931676764

[49, 117, 3, 0, 25]

Fitness: 0.4871390483371593

[52, 229, 3, 0, 23]

Fitness: 0.4871390483371593

[52, 229, 3, 0, 23]

Fitness: 0.48040560456665116

[49, 64, 3, 0, 18]

Fitness: 0.47484804592973795

[31, 143, 3, 0, 24]

========== Iteration: 3 ===========


Fitness: 0.5021282806053474

[68, 86, 3, 0, 16]

Fitness: 0.5012476931676764

[49, 117, 3, 0, 25]

Fitness: 0.4871390483371593

[52, 229, 3, 0, 23]

Fitness: 0.4871390483371593

[52, 229, 3, 0, 23]

Fitness: 0.4871390483371593

[52, 229, 3, 0, 23]

========== Iteration: 4 ===========


Fitness: 0.5361475782789888

[31, 143, 3, 0, 22]

Fitness: 0.5021282806053474

[68, 86, 3, 0, 16]

Fitness: 0.5012476931676764

[49, 117, 3, 0, 25]

Fitness: 0.4871390483371593

[52, 229, 3, 0, 23]

Fitness: 0.4871390483371593

[52, 229, 3, 0, 23]

========== Iteration: 5 ===========


Fitness: 0.5361475782789888

[31, 143, 3, 0, 22]

Fitness: 0.5361475782789888

[31, 143, 3, 0, 22]

Fitness: 0.5021282806053474

[68, 86, 3, 0, 16]

Fitness: 0.5021282806053474

[68, 86, 3, 0, 16]

Fitness: 0.5021282806053474

[68, 86, 3, 0, 16]

========== Iteration: 6 ===========


Fitness: 0.5361475782789888

[31, 143, 3, 0, 22]

Fitness: 0.5361475782789888

[31, 143, 3, 0, 22]

Fitness: 0.5361475782789888

[31, 143, 3, 0, 22]

Fitness: 0.5361475782789888

[31, 143, 3, 0, 22]

Fitness: 0.5361475782789888

[31, 143, 3, 0, 22]

========== Iteration: 7 ===========


Fitness: 0.5361475782789888

[31, 143, 3, 0, 22]

Fitness: 0.5361475782789888

[31, 143, 3, 0, 22]

Fitness: 0.5361475782789888

[31, 143, 3, 0, 22]

Fitness: 0.5361475782789888

[31, 143, 3, 0, 22]

Fitness: 0.5361475782789888

[31, 143, 3, 0, 22]

========== Iteration: 8 ===========


Fitness: 0.5361475782789888

[31, 143, 3, 0, 22]

Fitness: 0.5361475782789888

[31, 143, 3, 0, 22]

Fitness: 0.5361475782789888

[31, 143, 3, 0, 22]

Fitness: 0.5361475782789888

[31, 143, 3, 0, 22]

Fitness: 0.5361475782789888

[31, 143, 3, 0, 22]

========== Iteration: 9 ===========


Fitness: 0.5361475782789888

[31, 143, 3, 0, 22]

Fitness: 0.5361475782789888

[31, 143, 3, 0, 22]

Fitness: 0.5361475782789888

[31, 143, 3, 0, 22]

Fitness: 0.5361475782789888

[31, 143, 3, 0, 22]

Fitness: 0.5361475782789888

[31, 143, 3, 0, 22]

========== Iteration: 10 ===========


Fitness: 0.5361475782789888

[31, 143, 3, 0, 22]

Fitness: 0.5361475782789888

[31, 143, 3, 0, 22]

Fitness: 0.5361475782789888

[31, 143, 3, 0, 22]

Fitness: 0.5361475782789888

[31, 143, 3, 0, 22]

Fitness: 0.5361475782789888

[31, 143, 3, 0, 22]

 it: 10 writing ...


========== Iteration: 11 ===========


Fitness: 0.5361475782789888

[31, 143, 3, 0, 22]

Fitness: 0.5361475782789888

[31, 143, 3, 0, 22]

Fitness: 0.5361475782789888

[31, 143, 3, 0, 22]

Fitness: 0.5361475782789888

[31, 143, 3, 0, 22]

Fitness: 0.5361475782789888

[31, 143, 3, 0, 22]

========== Iteration: 12 ===========


Fitness: 0.5361475782789888

[31, 143, 3, 0, 22]

Fitness: 0.5361475782789888

[31, 143, 3, 0, 22]

Fitness: 0.5361475782789888

[31, 143, 3, 0, 22]

Fitness: 0.5361475782789888

[31, 143, 3, 0, 22]

Fitness: 0.5361475782789888

[31, 143, 3, 0, 22]

========== Iteration: 13 ===========


Fitness: 0.5361475782789888

[31, 143, 3, 0, 22]

Fitness: 0.5361475782789888

[31, 143, 3, 0, 22]

Fitness: 0.5361475782789888

[31, 143, 3, 0, 22]

Fitness: 0.5361475782789888

[31, 143, 3, 0, 22]

Fitness: 0.5361475782789888

[31, 143, 3, 0, 22]

========== Iteration: 14 ===========


Fitness: 0.5361475782789888

[31, 143, 3, 0, 22]

Fitness: 0.5361475782789888

[31, 143, 3, 0, 22]

Fitness: 0.5361475782789888

[31, 143, 3, 0, 22]

Fitness: 0.5361475782789888

[31, 143, 3, 0, 22]

Fitness: 0.5361475782789888

[31, 143, 3, 0, 22]

========== Iteration: 15 ===========


Fitness: 0.5361475782789888

[31, 143, 3, 0, 22]

Fitness: 0.5361475782789888

[31, 143, 3, 0, 22]

Fitness: 0.5361475782789888

[31, 143, 3, 0, 22]

Fitness: 0.5361475782789888

[31, 143, 3, 0, 22]

Fitness: 0.5361475782789888

[31, 143, 3, 0, 22]

========== Iteration: 16 ===========


Fitness: 0.5361475782789888

[31, 143, 3, 0, 22]

Fitness: 0.5361475782789888

[31, 143, 3, 0, 22]

Fitness: 0.5361475782789888

[31, 143, 3, 0, 22]

Fitness: 0.5361475782789888

[31, 143, 3, 0, 22]

Fitness: 0.5361475782789888

[31, 143, 3, 0, 22]

========== Iteration: 17 ===========


Fitness: 0.5361475782789888

[31, 143, 3, 0, 22]

Fitness: 0.5361475782789888

[31, 143, 3, 0, 22]

Fitness: 0.5361475782789888

[31, 143, 3, 0, 22]

Fitness: 0.5361475782789888

[31, 143, 3, 0, 22]

Fitness: 0.5361475782789888

[31, 143, 3, 0, 22]

========== Iteration: 18 ===========


Fitness: 0.5361475782789888

[31, 143, 3, 0, 22]

Fitness: 0.5361475782789888

[31, 143, 3, 0, 22]

Fitness: 0.5361475782789888

[31, 143, 3, 0, 22]

Fitness: 0.5361475782789888

[31, 143, 3, 0, 22]

Fitness: 0.5361475782789888

[31, 143, 3, 0, 22]

========== Iteration: 19 ===========


Fitness: 0.5361475782789888

[31, 143, 3, 0, 22]

Fitness: 0.5361475782789888

[31, 143, 3, 0, 22]

Fitness: 0.5361475782789888

[31, 143, 3, 0, 22]

Fitness: 0.5361475782789888

[31, 143, 3, 0, 22]

Fitness: 0.5361475782789888

[31, 143, 3, 0, 22]

========== Iteration: 20 ===========


Fitness: 0.5361475782789888

[31, 143, 3, 0, 22]

Fitness: 0.5361475782789888

[31, 143, 3, 0, 22]

Fitness: 0.5361475782789888

[31, 143, 3, 0, 22]

Fitness: 0.5361475782789888

[31, 143, 3, 0, 22]

Fitness: 0.5361475782789888

[31, 143, 3, 0, 22]

 it: 20 writing ...


========== Iteration: 21 ===========


Fitness: 0.5361475782789888

[31, 143, 3, 0, 22]

Fitness: 0.5361475782789888

[31, 143, 3, 0, 22]

Fitness: 0.5361475782789888

[31, 143, 3, 0, 22]

Fitness: 0.5361475782789888

[31, 143, 3, 0, 22]

Fitness: 0.5361475782789888

[31, 143, 3, 0, 22]
