
 it: 0 writing ...


========== Iteration: 1 ===========


Fitness: 0.14350001562886505

[43, 63, 2, 0, 10]

Fitness: 0.13807990924644203

[26, 52, 2, 0, 13]

Fitness: 0.13797608871120473

[70, 282, 2, 0, 15]

Fitness: 0.1364018336803437

[33, 172, 2, 15, 26]

Fitness: 0.13470457499098282

[88, 135, 2, 0, 12]

========== Iteration: 2 ===========


Fitness: 0.17999997388296204

[39, 205, 2, 24, 11]

Fitness: 0.14350001562886505

[43, 63, 2, 0, 10]

Fitness: 0.14151442307610104

[85, 287, 2, 0, 13]

Fitness: 0.14044591032382073

[66, 202, 2, 0, 14]

Fitness: 0.14044591032382073

[66, 202, 2, 0, 14]

========== Iteration: 3 ===========


Fitness: 0.1844951695304023

[43, 205, 2, 24, 11]

Fitness: 0.17999997388296204

[39, 205, 2, 24, 11]

Fitness: 0.14437753584768867

[39, 205, 2, 24, 10]

Fitness: 0.14411356519485502

[56, 218, 2, 0, 13]

Fitness: 0.14350001562886505

[43, 63, 2, 0, 10]

========== Iteration: 4 ===========


Fitness: 0.18777184689252288

[43, 205, 2, 23, 14]

Fitness: 0.18777184689252288

[43, 205, 2, 23, 14]

Fitness: 0.1844951695304023

[43, 205, 2, 24, 11]

Fitness: 0.1844951695304023

[43, 205, 2, 24, 11]

Fitness: 0.1844951695304023

[43, 205, 2, 24, 11]

========== Iteration: 5 ===========


Fitness: 0.2014608272562605

[43, 192, 2, 24, 11]

Fitness: 0.1997281251022002

[43, 205, 2, 25, 11]

Fitness: 0.19180115509196258

[39, 170, 2, 24, 11]

Fitness: 0.18777184689252288

[43, 205, 2, 23, 14]

Fitness: 0.18777184689252288

[43, 205, 2, 23, 14]

========== Iteration: 6 ===========


Fitness: 0.2014608272562605

[43, 192, 2, 24, 11]

Fitness: 0.2014608272562605

[43, 192, 2, 24, 11]

Fitness: 0.2014608272562605

[43, 192, 2, 24, 11]

Fitness: 0.2014608272562605

[43, 192, 2, 24, 11]

Fitness: 0.1997281251022002

[43, 205, 2, 25, 11]

========== Iteration: 7 ===========


Fitness: 0.2250944942622459

[43, 205, 2, 25, 10]

Fitness: 0.2014608272562605

[43, 192, 2, 24, 11]

Fitness: 0.2014608272562605

[43, 192, 2, 24, 11]

Fitness: 0.2014608272562605

[43, 192, 2, 24, 11]

Fitness: 0.2014608272562605

[43, 192, 2, 24, 11]

========== Iteration: 8 ===========


Fitness: 0.2250944942622459

[43, 205, 2, 25, 10]

Fitness: 0.2250944942622459

[43, 205, 2, 25, 10]

Fitness: 0.2250944942622459

[43, 205, 2, 25, 10]

Fitness: 0.2250944942622459

[43, 205, 2, 25, 10]

Fitness: 0.2250944942622459

[43, 205, 2, 25, 10]

========== Iteration: 9 ===========


Fitness: 0.2250944942622459

[43, 205, 2, 25, 10]

Fitness: 0.2250944942622459

[43, 205, 2, 25, 10]

Fitness: 0.2250944942622459

[43, 205, 2, 25, 10]

Fitness: 0.2250944942622459

[43, 205, 2, 25, 10]

Fitness: 0.2250944942622459

[43, 205, 2, 25, 10]

========== Iteration: 10 ===========


Fitness: 0.2250944942622459

[43, 205, 2, 25, 10]

Fitness: 0.2250944942622459

[43, 205, 2, 25, 10]

Fitness: 0.2250944942622459

[43, 205, 2, 25, 10]

Fitness: 0.2250944942622459

[43, 205, 2, 25, 10]

Fitness: 0.2250944942622459

[43, 205, 2, 25, 10]

 it: 10 writing ...


========== Iteration: 11 ===========


Fitness: 0.2250944942622459

[43, 205, 2, 25, 10]

Fitness: 0.2250944942622459

[43, 205, 2, 25, 10]

Fitness: 0.2250944942622459

[43, 205, 2, 25, 10]

Fitness: 0.2250944942622459

[43, 205, 2, 25, 10]

Fitness: 0.2250944942622459

[43, 205, 2, 25, 10]

========== Iteration: 12 ===========


Fitness: 0.25034874915825284

[43, 146, 2, 25, 10]

Fitness: 0.2250944942622459

[43, 205, 2, 25, 10]

Fitness: 0.2250944942622459

[43, 205, 2, 25, 10]

Fitness: 0.2250944942622459

[43, 205, 2, 25, 10]

Fitness: 0.2250944942622459

[43, 205, 2, 25, 10]

========== Iteration: 13 ===========


Fitness: 0.25034874915825284

[43, 146, 2, 25, 10]

Fitness: 0.2250944942622459

[43, 205, 2, 25, 10]

Fitness: 0.2250944942622459

[43, 205, 2, 25, 10]

Fitness: 0.2250944942622459

[43, 205, 2, 25, 10]

Fitness: 0.2250944942622459

[43, 205, 2, 25, 10]

========== Iteration: 14 ===========


Fitness: 0.25621113288501685

[61, 205, 2, 25, 10]

Fitness: 0.25034874915825284

[43, 146, 2, 25, 10]

Fitness: 0.2250944942622459

[43, 205, 2, 25, 10]

Fitness: 0.2250944942622459

[43, 205, 2, 25, 10]

Fitness: 0.2250944942622459

[43, 205, 2, 25, 10]

========== Iteration: 15 ===========


Fitness: 0.25621113288501685

[61, 205, 2, 25, 10]

Fitness: 0.25034874915825284

[43, 146, 2, 25, 10]

Fitness: 0.25034874915825284

[43, 146, 2, 25, 10]

Fitness: 0.2250944942622459

[43, 205, 2, 25, 10]

Fitness: 0.2250944942622459

[43, 205, 2, 25, 10]

========== Iteration: 16 ===========


Fitness: 0.2795200041835226

[43, 131, 2, 25, 10]

Fitness: 0.25621113288501685

[61, 205, 2, 25, 10]

Fitness: 0.25621113288501685

[61, 205, 2, 25, 10]

Fitness: 0.25034874915825284

[43, 146, 2, 25, 10]

Fitness: 0.25034874915825284

[43, 146, 2, 25, 10]

========== Iteration: 17 ===========


Fitness: 0.2795200041835226

[43, 131, 2, 25, 10]

Fitness: 0.25621113288501685

[61, 205, 2, 25, 10]

Fitness: 0.25621113288501685

[61, 205, 2, 25, 10]

Fitness: 0.25621113288501685

[61, 205, 2, 25, 10]

Fitness: 0.25034874915825284

[43, 146, 2, 25, 10]

========== Iteration: 18 ===========


Fitness: 0.2795200041835226

[43, 131, 2, 25, 10]

Fitness: 0.25621113288501685

[61, 205, 2, 25, 10]

Fitness: 0.25621113288501685

[61, 205, 2, 25, 10]

Fitness: 0.25621113288501685

[61, 205, 2, 25, 10]

Fitness: 0.25621113288501685

[61, 205, 2, 25, 10]

========== Iteration: 19 ===========


Fitness: 0.31614321855455546

[43, 126, 2, 25, 10]

Fitness: 0.2795200041835226

[43, 131, 2, 25, 10]

Fitness: 0.2795200041835226

[43, 131, 2, 25, 10]

Fitness: 0.25621113288501685

[61, 205, 2, 25, 10]

Fitness: 0.25621113288501685

[61, 205, 2, 25, 10]

========== Iteration: 20 ===========


Fitness: 0.31614321855455546

[43, 126, 2, 25, 10]

Fitness: 0.31614321855455546

[43, 126, 2, 25, 10]

Fitness: 0.2795200041835226

[43, 131, 2, 25, 10]

Fitness: 0.2795200041835226

[43, 131, 2, 25, 10]

Fitness: 0.2795200041835226

[43, 131, 2, 25, 10]

 it: 20 writing ...


========== Iteration: 21 ===========


Fitness: 0.31614321855455546

[43, 126, 2, 25, 10]

Fitness: 0.31614321855455546

[43, 126, 2, 25, 10]

Fitness: 0.2795200041835226

[43, 131, 2, 25, 10]

Fitness: 0.2795200041835226

[43, 131, 2, 25, 10]

Fitness: 0.2795200041835226

[43, 131, 2, 25, 10]
