Number of processors:  12

 it: 0 writing ...


========== Iteration: 1 ===========


Fitness: 0.2918208034020145

[44, 252, 3, 23, 14]

Fitness: 0.14339464630908663

[23, 199, 3, 21, 23]

Fitness: 0.14099082425909074

[21, 124, 3, 0, 27]

Fitness: 0.14061926351877413

[52, 61, 3, 0, 26]

Fitness: 0.13504772012134852

[45, 276, 3, 0, 25]

========== Iteration: 2 ===========


Fitness: 0.2918208034020145

[44, 252, 3, 23, 14]

Fitness: 0.2918208034020145

[44, 252, 3, 23, 14]

Fitness: 0.2918208034020145

[44, 252, 3, 23, 14]

Fitness: 0.20414905516476328

[23, 252, 3, 23, 14]

Fitness: 0.20022697956645827

[47, 233, 3, 22, 19]

========== Iteration: 3 ===========


Fitness: 0.31938419729747763

[44, 300, 3, 23, 14]

Fitness: 0.3011860539493756

[23, 199, 3, 21, 10]

Fitness: 0.3011860539493756

[23, 199, 3, 21, 10]

Fitness: 0.2918208034020145

[44, 252, 3, 23, 14]

Fitness: 0.2918208034020145

[44, 252, 3, 23, 14]

========== Iteration: 4 ===========


Fitness: 0.3762107517547339

[44, 252, 3, 23, 10]

Fitness: 0.3319663087809523

[44, 252, 3, 25, 14]

Fitness: 0.31938419729747763

[44, 300, 3, 23, 14]

Fitness: 0.31938419729747763

[44, 300, 3, 23, 14]

Fitness: 0.30342826785056876

[23, 199, 3, 25, 14]

========== Iteration: 5 ===========


Fitness: 0.3762107517547339

[44, 252, 3, 23, 10]

Fitness: 0.3762107517547339

[44, 252, 3, 23, 10]

Fitness: 0.36976125839553303

[23, 173, 3, 21, 10]

Fitness: 0.36798132285841006

[44, 252, 3, 21, 10]

Fitness: 0.3319663087809523

[44, 252, 3, 25, 14]

========== Iteration: 6 ===========


Fitness: 0.38593770974179786

[44, 300, 3, 23, 10]

Fitness: 0.3762107517547339

[44, 252, 3, 23, 10]

Fitness: 0.3762107517547339

[44, 252, 3, 23, 10]

Fitness: 0.3762107517547339

[44, 252, 3, 23, 10]

Fitness: 0.3740674354338641

[22, 199, 3, 20, 10]

========== Iteration: 7 ===========


Fitness: 0.41066913924687415

[23, 173, 3, 25, 10]

Fitness: 0.38593770974179786

[44, 300, 3, 23, 10]

Fitness: 0.38593770974179786

[44, 300, 3, 23, 10]

Fitness: 0.3762107517547339

[44, 252, 3, 23, 10]

Fitness: 0.3762107517547339

[44, 252, 3, 23, 10]

========== Iteration: 8 ===========


Fitness: 0.41066913924687415

[23, 173, 3, 25, 10]

Fitness: 0.41066913924687415

[23, 173, 3, 25, 10]

Fitness: 0.3890458104629609

[22, 199, 3, 25, 10]

Fitness: 0.38593770974179786

[44, 300, 3, 23, 10]

Fitness: 0.38593770974179786

[44, 300, 3, 23, 10]

========== Iteration: 9 ===========


Fitness: 0.41066913924687415

[23, 173, 3, 25, 10]

Fitness: 0.41066913924687415

[23, 173, 3, 25, 10]

Fitness: 0.41066913924687415

[23, 173, 3, 25, 10]

Fitness: 0.41066913924687415

[23, 173, 3, 25, 10]

Fitness: 0.41066913924687415

[23, 173, 3, 25, 10]

========== Iteration: 10 ===========


Fitness: 0.41066913924687415

[23, 173, 3, 25, 10]

Fitness: 0.41066913924687415

[23, 173, 3, 25, 10]

Fitness: 0.41066913924687415

[23, 173, 3, 25, 10]

Fitness: 0.41066913924687415

[23, 173, 3, 25, 10]

Fitness: 0.41066913924687415

[23, 173, 3, 25, 10]

 it: 10 writing ...


========== Iteration: 11 ===========


Fitness: 0.41066913924687415

[23, 173, 3, 25, 10]

Fitness: 0.41066913924687415

[23, 173, 3, 25, 10]

Fitness: 0.41066913924687415

[23, 173, 3, 25, 10]

Fitness: 0.41066913924687415

[23, 173, 3, 25, 10]

Fitness: 0.41066913924687415

[23, 173, 3, 25, 10]

========== Iteration: 12 ===========


Fitness: 0.41066913924687415

[23, 173, 3, 25, 10]

Fitness: 0.41066913924687415

[23, 173, 3, 25, 10]

Fitness: 0.41066913924687415

[23, 173, 3, 25, 10]

Fitness: 0.41066913924687415

[23, 173, 3, 25, 10]

Fitness: 0.41066913924687415

[23, 173, 3, 25, 10]

========== Iteration: 13 ===========


Fitness: 0.41066913924687415

[23, 173, 3, 25, 10]

Fitness: 0.41066913924687415

[23, 173, 3, 25, 10]

Fitness: 0.41066913924687415

[23, 173, 3, 25, 10]

Fitness: 0.41066913924687415

[23, 173, 3, 25, 10]

Fitness: 0.41066913924687415

[23, 173, 3, 25, 10]

========== Iteration: 14 ===========


Fitness: 0.41066913924687415

[23, 173, 3, 25, 10]

Fitness: 0.41066913924687415

[23, 173, 3, 25, 10]

Fitness: 0.41066913924687415

[23, 173, 3, 25, 10]

Fitness: 0.41066913924687415

[23, 173, 3, 25, 10]

Fitness: 0.41066913924687415

[23, 173, 3, 25, 10]

========== Iteration: 15 ===========


Fitness: 0.41066913924687415

[23, 173, 3, 25, 10]

Fitness: 0.41066913924687415

[23, 173, 3, 25, 10]

Fitness: 0.41066913924687415

[23, 173, 3, 25, 10]

Fitness: 0.41066913924687415

[23, 173, 3, 25, 10]

Fitness: 0.41066913924687415

[23, 173, 3, 25, 10]

========== Iteration: 16 ===========


Fitness: 0.41066913924687415

[23, 173, 3, 25, 10]

Fitness: 0.41066913924687415

[23, 173, 3, 25, 10]

Fitness: 0.41066913924687415

[23, 173, 3, 25, 10]

Fitness: 0.41066913924687415

[23, 173, 3, 25, 10]

Fitness: 0.41066913924687415

[23, 173, 3, 25, 10]

========== Iteration: 17 ===========


Fitness: 0.41066913924687415

[23, 173, 3, 25, 10]

Fitness: 0.41066913924687415

[23, 173, 3, 25, 10]

Fitness: 0.41066913924687415

[23, 173, 3, 25, 10]

Fitness: 0.41066913924687415

[23, 173, 3, 25, 10]

Fitness: 0.41066913924687415

[23, 173, 3, 25, 10]

========== Iteration: 18 ===========


Fitness: 0.41066913924687415

[23, 173, 3, 25, 10]

Fitness: 0.41066913924687415

[23, 173, 3, 25, 10]

Fitness: 0.41066913924687415

[23, 173, 3, 25, 10]

Fitness: 0.41066913924687415

[23, 173, 3, 25, 10]

Fitness: 0.41066913924687415

[23, 173, 3, 25, 10]

========== Iteration: 19 ===========


Fitness: 0.41066913924687415

[23, 173, 3, 25, 10]

Fitness: 0.41066913924687415

[23, 173, 3, 25, 10]

Fitness: 0.41066913924687415

[23, 173, 3, 25, 10]

Fitness: 0.41066913924687415

[23, 173, 3, 25, 10]

Fitness: 0.41066913924687415

[23, 173, 3, 25, 10]

========== Iteration: 20 ===========


Fitness: 0.41066913924687415

[23, 173, 3, 25, 10]

Fitness: 0.41066913924687415

[23, 173, 3, 25, 10]

Fitness: 0.41066913924687415

[23, 173, 3, 25, 10]

Fitness: 0.41066913924687415

[23, 173, 3, 25, 10]

Fitness: 0.41066913924687415

[23, 173, 3, 25, 10]

 it: 20 writing ...


========== Iteration: 21 ===========


Fitness: 0.41066913924687415

[23, 173, 3, 25, 10]

Fitness: 0.41066913924687415

[23, 173, 3, 25, 10]

Fitness: 0.41066913924687415

[23, 173, 3, 25, 10]

Fitness: 0.41066913924687415

[23, 173, 3, 25, 10]

Fitness: 0.41066913924687415

[23, 173, 3, 25, 10]
