Number of processors:  12

 it: 0 writing ...


========== Iteration: 1 ===========


Fitness: 0.21919302652236877

[48, 290, 1, 15, 13]

Fitness: 0.2

[34, 98, 1, 0, 12]

Fitness: 0.19993470561741672

[46, 150, 1, 0, 20]

Fitness: 0.19983720027644922

[90, 256, 1, 0, 26]

Fitness: 0.1995797929696208

[92, 227, 1, 0, 22]

========== Iteration: 2 ===========


Fitness: 0.21919302652236877

[48, 290, 1, 15, 13]

Fitness: 0.21919302652236877

[48, 290, 1, 15, 13]

Fitness: 0.2

[34, 98, 1, 0, 12]

Fitness: 0.2

[34, 98, 1, 0, 12]

Fitness: 0.2

[34, 98, 1, 0, 12]

========== Iteration: 3 ===========


Fitness: 0.21919302652236877

[48, 290, 1, 15, 13]

Fitness: 0.21919302652236877

[48, 290, 1, 15, 13]

Fitness: 0.21919302652236877

[48, 290, 1, 15, 13]

Fitness: 0.21919302652236877

[48, 290, 1, 15, 13]

Fitness: 0.21919302652236877

[48, 290, 1, 15, 13]

========== Iteration: 4 ===========


Fitness: 0.21919302652236877

[48, 290, 1, 15, 13]

Fitness: 0.21919302652236877

[48, 290, 1, 15, 13]

Fitness: 0.21919302652236877

[48, 290, 1, 15, 13]

Fitness: 0.21919302652236877

[48, 290, 1, 15, 13]

Fitness: 0.21919302652236877

[48, 290, 1, 15, 13]

========== Iteration: 5 ===========


Fitness: 0.21919302652236877

[48, 290, 1, 15, 13]

Fitness: 0.21919302652236877

[48, 290, 1, 15, 13]

Fitness: 0.21919302652236877

[48, 290, 1, 15, 13]

Fitness: 0.21919302652236877

[48, 290, 1, 15, 13]

Fitness: 0.21919302652236877

[48, 290, 1, 15, 13]

========== Iteration: 6 ===========


Fitness: 0.21919302652236877

[48, 290, 1, 15, 13]

Fitness: 0.21919302652236877

[48, 290, 1, 15, 13]

Fitness: 0.21919302652236877

[48, 290, 1, 15, 13]

Fitness: 0.21919302652236877

[48, 290, 1, 15, 13]

Fitness: 0.21919302652236877

[48, 290, 1, 15, 13]

========== Iteration: 7 ===========


Fitness: 0.21919302652236877

[48, 290, 1, 15, 13]

Fitness: 0.21919302652236877

[48, 290, 1, 15, 13]

Fitness: 0.21919302652236877

[48, 290, 1, 15, 13]

Fitness: 0.21919302652236877

[48, 290, 1, 15, 13]

Fitness: 0.21919302652236877

[48, 290, 1, 15, 13]

========== Iteration: 8 ===========


Fitness: 0.21919302652236877

[48, 290, 1, 15, 13]

Fitness: 0.21919302652236877

[48, 290, 1, 15, 13]

Fitness: 0.21919302652236877

[48, 290, 1, 15, 13]

Fitness: 0.21919302652236877

[48, 290, 1, 15, 13]

Fitness: 0.21919302652236877

[48, 290, 1, 15, 13]

========== Iteration: 9 ===========


Fitness: 0.23360179844657117

[48, 290, 1, 22, 13]

Fitness: 0.21919302652236877

[48, 290, 1, 15, 13]

Fitness: 0.21919302652236877

[48, 290, 1, 15, 13]

Fitness: 0.21919302652236877

[48, 290, 1, 15, 13]

Fitness: 0.21919302652236877

[48, 290, 1, 15, 13]

========== Iteration: 10 ===========


Fitness: 0.23360179844657117

[48, 290, 1, 22, 13]

Fitness: 0.23360179844657117

[48, 290, 1, 22, 13]

Fitness: 0.23360179844657117

[48, 290, 1, 22, 13]

Fitness: 0.21919302652236877

[48, 290, 1, 15, 13]

Fitness: 0.21919302652236877

[48, 290, 1, 15, 13]

 it: 10 writing ...


========== Iteration: 11 ===========


Fitness: 0.23360179844657117

[48, 290, 1, 22, 13]

Fitness: 0.23360179844657117

[48, 290, 1, 22, 13]

Fitness: 0.23360179844657117

[48, 290, 1, 22, 13]

Fitness: 0.23360179844657117

[48, 290, 1, 22, 13]

Fitness: 0.23360179844657117

[48, 290, 1, 22, 13]

========== Iteration: 12 ===========


Fitness: 0.23360179844657117

[48, 290, 1, 22, 13]

Fitness: 0.23360179844657117

[48, 290, 1, 22, 13]

Fitness: 0.23360179844657117

[48, 290, 1, 22, 13]

Fitness: 0.23360179844657117

[48, 290, 1, 22, 13]

Fitness: 0.23360179844657117

[48, 290, 1, 22, 13]

========== Iteration: 13 ===========


Fitness: 0.23360179844657117

[48, 290, 1, 22, 13]

Fitness: 0.23360179844657117

[48, 290, 1, 22, 13]

Fitness: 0.23360179844657117

[48, 290, 1, 22, 13]

Fitness: 0.23360179844657117

[48, 290, 1, 22, 13]

Fitness: 0.23360179844657117

[48, 290, 1, 22, 13]

========== Iteration: 14 ===========


Fitness: 0.23360179844657117

[48, 290, 1, 22, 13]

Fitness: 0.23360179844657117

[48, 290, 1, 22, 13]

Fitness: 0.23360179844657117

[48, 290, 1, 22, 13]

Fitness: 0.23360179844657117

[48, 290, 1, 22, 13]

Fitness: 0.23360179844657117

[48, 290, 1, 22, 13]

========== Iteration: 15 ===========


Fitness: 0.23360179844657117

[48, 290, 1, 22, 13]

Fitness: 0.23360179844657117

[48, 290, 1, 22, 13]

Fitness: 0.23360179844657117

[48, 290, 1, 22, 13]

Fitness: 0.23360179844657117

[48, 290, 1, 22, 13]

Fitness: 0.23360179844657117

[48, 290, 1, 22, 13]

========== Iteration: 16 ===========


Fitness: 0.23360179844657117

[48, 290, 1, 22, 13]

Fitness: 0.23360179844657117

[48, 290, 1, 22, 13]

Fitness: 0.23360179844657117

[48, 290, 1, 22, 13]

Fitness: 0.23360179844657117

[48, 290, 1, 22, 13]

Fitness: 0.23360179844657117

[48, 290, 1, 22, 13]

========== Iteration: 17 ===========


Fitness: 0.23360179844657117

[48, 290, 1, 22, 13]

Fitness: 0.23360179844657117

[48, 290, 1, 22, 13]

Fitness: 0.23360179844657117

[48, 290, 1, 22, 13]

Fitness: 0.23360179844657117

[48, 290, 1, 22, 13]

Fitness: 0.23360179844657117

[48, 290, 1, 22, 13]

========== Iteration: 18 ===========


Fitness: 0.23360179844657117

[48, 290, 1, 22, 13]

Fitness: 0.23360179844657117

[48, 290, 1, 22, 13]

Fitness: 0.23360179844657117

[48, 290, 1, 22, 13]

Fitness: 0.23360179844657117

[48, 290, 1, 22, 13]

Fitness: 0.23360179844657117

[48, 290, 1, 22, 13]

========== Iteration: 19 ===========


Fitness: 0.23360179844657117

[48, 290, 1, 22, 13]

Fitness: 0.23360179844657117

[48, 290, 1, 22, 13]

Fitness: 0.23360179844657117

[48, 290, 1, 22, 13]

Fitness: 0.23360179844657117

[48, 290, 1, 22, 13]

Fitness: 0.23360179844657117

[48, 290, 1, 22, 13]

========== Iteration: 20 ===========


Fitness: 0.3595275431962358

[48, 290, 1, 22, 16]

Fitness: 0.23360179844657117

[48, 290, 1, 22, 13]

Fitness: 0.23360179844657117

[48, 290, 1, 22, 13]

Fitness: 0.23360179844657117

[48, 290, 1, 22, 13]

Fitness: 0.23360179844657117

[48, 290, 1, 22, 13]

 it: 20 writing ...


========== Iteration: 21 ===========


Fitness: 0.3595275431962358

[48, 290, 1, 22, 16]

Fitness: 0.3595275431962358

[48, 290, 1, 22, 16]

Fitness: 0.3595275431962358

[48, 290, 1, 22, 16]

Fitness: 0.3595275431962358

[48, 290, 1, 22, 16]

Fitness: 0.23360179844657117

[48, 290, 1, 22, 13]
