Number of processors:  12

 it: 0 writing ...


========== Iteration: 1 ===========


Fitness: 0.19758048888077973

[67, 60, 2, 0, 28]

Fitness: 0.19488677740094604

[86, 186, 2, 0, 16]

Fitness: 0.19466816935343625

[82, 219, 2, 0, 13]

Fitness: 0.1945943255206064

[50, 189, 2, 0, 25]

Fitness: 0.19444517957447643

[77, 170, 2, 0, 13]

========== Iteration: 2 ===========


Fitness: 0.19758048888077973

[67, 60, 2, 0, 28]

Fitness: 0.19758048888077973

[67, 60, 2, 0, 28]

Fitness: 0.1961685782891681

[97, 110, 2, 0, 24]

Fitness: 0.1957830776770877

[66, 52, 2, 0, 26]

Fitness: 0.19488677740094604

[86, 186, 2, 0, 16]

========== Iteration: 3 ===========


Fitness: 0.19810121187066626

[96, 146, 2, 0, 27]

Fitness: 0.19758048888077973

[67, 60, 2, 0, 28]

Fitness: 0.19758048888077973

[67, 60, 2, 0, 28]

Fitness: 0.19758048888077973

[67, 60, 2, 0, 28]

Fitness: 0.19758048888077973

[67, 60, 2, 0, 28]

========== Iteration: 4 ===========


Fitness: 0.1992041785923158

[84, 110, 2, 0, 28]

Fitness: 0.1983590721816565

[67, 60, 2, 0, 25]

Fitness: 0.1983590721816565

[67, 60, 2, 0, 25]

Fitness: 0.1983590721816565

[67, 60, 2, 0, 25]

Fitness: 0.19810121187066626

[96, 146, 2, 0, 27]

========== Iteration: 5 ===========


Fitness: 0.19997594169432897

[72, 60, 2, 0, 25]

Fitness: 0.1992041785923158

[84, 110, 2, 0, 28]

Fitness: 0.1992041785923158

[84, 110, 2, 0, 28]

Fitness: 0.1992041785923158

[84, 110, 2, 0, 28]

Fitness: 0.1983590721816565

[67, 60, 2, 0, 25]

========== Iteration: 6 ===========


Fitness: 0.19997594169432897

[72, 60, 2, 0, 25]

Fitness: 0.19997594169432897

[72, 60, 2, 0, 25]

Fitness: 0.1995365283279153

[67, 60, 2, 0, 26]

Fitness: 0.1992041785923158

[84, 110, 2, 0, 28]

Fitness: 0.1992041785923158

[84, 110, 2, 0, 28]

========== Iteration: 7 ===========


Fitness: 0.19997594169432897

[72, 60, 2, 0, 25]

Fitness: 0.19997594169432897

[72, 60, 2, 0, 25]

Fitness: 0.19997594169432897

[72, 60, 2, 0, 25]

Fitness: 0.19997594169432897

[72, 60, 2, 0, 25]

Fitness: 0.19997594169432897

[72, 60, 2, 0, 25]

========== Iteration: 8 ===========


Fitness: 0.19997594169432897

[72, 60, 2, 0, 25]

Fitness: 0.19997594169432897

[72, 60, 2, 0, 25]

Fitness: 0.19997594169432897

[72, 60, 2, 0, 25]

Fitness: 0.19997594169432897

[72, 60, 2, 0, 25]

Fitness: 0.19997594169432897

[72, 60, 2, 0, 25]

========== Iteration: 9 ===========


Fitness: 0.19997594169432897

[72, 60, 2, 0, 25]

Fitness: 0.19997594169432897

[72, 60, 2, 0, 25]

Fitness: 0.19997594169432897

[72, 60, 2, 0, 25]

Fitness: 0.19997594169432897

[72, 60, 2, 0, 25]

Fitness: 0.19997594169432897

[72, 60, 2, 0, 25]

========== Iteration: 10 ===========


Fitness: 0.19997594169432897

[72, 60, 2, 0, 25]

Fitness: 0.19997594169432897

[72, 60, 2, 0, 25]

Fitness: 0.19997594169432897

[72, 60, 2, 0, 25]

Fitness: 0.19997594169432897

[72, 60, 2, 0, 25]

Fitness: 0.19997594169432897

[72, 60, 2, 0, 25]

 it: 10 writing ...


========== Iteration: 11 ===========


Fitness: 0.19997594169432897

[72, 60, 2, 0, 25]

Fitness: 0.19997594169432897

[72, 60, 2, 0, 25]

Fitness: 0.19997594169432897

[72, 60, 2, 0, 25]

Fitness: 0.19997594169432897

[72, 60, 2, 0, 25]

Fitness: 0.19997594169432897

[72, 60, 2, 0, 25]

========== Iteration: 12 ===========


Fitness: 0.19997594169432897

[72, 60, 2, 0, 25]

Fitness: 0.19997594169432897

[72, 60, 2, 0, 25]

Fitness: 0.19997594169432897

[72, 60, 2, 0, 25]

Fitness: 0.19997594169432897

[72, 60, 2, 0, 25]

Fitness: 0.19997594169432897

[72, 60, 2, 0, 25]

========== Iteration: 13 ===========


Fitness: 0.19997594169432897

[72, 60, 2, 0, 25]

Fitness: 0.19997594169432897

[72, 60, 2, 0, 25]

Fitness: 0.19997594169432897

[72, 60, 2, 0, 25]

Fitness: 0.19997594169432897

[72, 60, 2, 0, 25]

Fitness: 0.19997594169432897

[72, 60, 2, 0, 25]

========== Iteration: 14 ===========


Fitness: 0.19997594169432897

[72, 60, 2, 0, 25]

Fitness: 0.19997594169432897

[72, 60, 2, 0, 25]

Fitness: 0.19997594169432897

[72, 60, 2, 0, 25]

Fitness: 0.19997594169432897

[72, 60, 2, 0, 25]

Fitness: 0.19997594169432897

[72, 60, 2, 0, 25]

========== Iteration: 15 ===========


Fitness: 0.19997594169432897

[72, 60, 2, 0, 25]

Fitness: 0.19997594169432897

[72, 60, 2, 0, 25]

Fitness: 0.19997594169432897

[72, 60, 2, 0, 25]

Fitness: 0.19997594169432897

[72, 60, 2, 0, 25]

Fitness: 0.19997594169432897

[72, 60, 2, 0, 25]

========== Iteration: 16 ===========


Fitness: 0.19997594169432897

[72, 60, 2, 0, 25]

Fitness: 0.19997594169432897

[72, 60, 2, 0, 25]

Fitness: 0.19997594169432897

[72, 60, 2, 0, 25]

Fitness: 0.19997594169432897

[72, 60, 2, 0, 25]

Fitness: 0.19997594169432897

[72, 60, 2, 0, 25]

========== Iteration: 17 ===========


Fitness: 0.19997594169432897

[72, 60, 2, 0, 25]

Fitness: 0.19997594169432897

[72, 60, 2, 0, 25]

Fitness: 0.19997594169432897

[72, 60, 2, 0, 25]

Fitness: 0.19997594169432897

[72, 60, 2, 0, 25]

Fitness: 0.19997594169432897

[72, 60, 2, 0, 25]

========== Iteration: 18 ===========


Fitness: 0.19997594169432897

[72, 60, 2, 0, 25]

Fitness: 0.19997594169432897

[72, 60, 2, 0, 25]

Fitness: 0.19997594169432897

[72, 60, 2, 0, 25]

Fitness: 0.19997594169432897

[72, 60, 2, 0, 25]

Fitness: 0.19997594169432897

[72, 60, 2, 0, 25]

========== Iteration: 19 ===========


Fitness: 0.19997594169432897

[72, 60, 2, 0, 25]

Fitness: 0.19997594169432897

[72, 60, 2, 0, 25]

Fitness: 0.19997594169432897

[72, 60, 2, 0, 25]

Fitness: 0.19997594169432897

[72, 60, 2, 0, 25]

Fitness: 0.19997594169432897

[72, 60, 2, 0, 25]

========== Iteration: 20 ===========


Fitness: 0.19997594169432897

[72, 60, 2, 0, 25]

Fitness: 0.19997594169432897

[72, 60, 2, 0, 25]

Fitness: 0.19997594169432897

[72, 60, 2, 0, 25]

Fitness: 0.19997594169432897

[72, 60, 2, 0, 25]

Fitness: 0.19997594169432897

[72, 60, 2, 0, 25]

 it: 20 writing ...


========== Iteration: 21 ===========


Fitness: 0.19997594169432897

[72, 60, 2, 0, 25]

Fitness: 0.19997594169432897

[72, 60, 2, 0, 25]

Fitness: 0.19997594169432897

[72, 60, 2, 0, 25]

Fitness: 0.19997594169432897

[72, 60, 2, 0, 25]

Fitness: 0.19997594169432897

[72, 60, 2, 0, 25]
