
 it: 0 writing ...


========== Iteration: 1 ===========


Fitness: 0.06999722562941527

[22, 232, 3, 21, 26]

Fitness: 0.03279539931053155

[38, 285, 3, 0, 23]

Fitness: 0.025546436755478002

[56, 299, 3, 0, 22]

Fitness: 0.021213959386619446

[25, 259, 3, 17, 28]

Fitness: 0.018702809515163413

[33, 221, 3, 0, 13]

========== Iteration: 2 ===========


Fitness: 0.0724951173492486

[53, 114, 3, 0, 24]

Fitness: 0.06999722562941527

[22, 232, 3, 21, 26]

Fitness: 0.06999722562941527

[52, 190, 3, 0, 17]

Fitness: 0.06816671541391461

[49, 75, 3, 0, 17]

Fitness: 0.05569140426376355

[31, 177, 3, 0, 22]

========== Iteration: 3 ===========


Fitness: 0.0724951173492486

[53, 114, 3, 0, 24]

Fitness: 0.0724951173492486

[53, 114, 3, 0, 24]

Fitness: 0.0724951173492486

[53, 114, 3, 0, 24]

Fitness: 0.07185139318645073

[31, 75, 3, 0, 17]

Fitness: 0.06999722562941527

[52, 190, 3, 0, 17]

========== Iteration: 4 ===========


Fitness: 0.07408280382967496

[56, 299, 3, 0, 23]

Fitness: 0.07379387643978762

[33, 232, 3, 0, 22]

Fitness: 0.0724951173492486

[53, 114, 3, 0, 24]

Fitness: 0.0724951173492486

[53, 114, 3, 0, 24]

Fitness: 0.0724951173492486

[53, 114, 3, 0, 24]

========== Iteration: 5 ===========


Fitness: 0.07408280382967496

[56, 299, 3, 0, 23]

Fitness: 0.07408280382967496

[56, 299, 3, 0, 23]

Fitness: 0.07379387643978762

[33, 232, 3, 0, 22]

Fitness: 0.0724951173492486

[53, 114, 3, 0, 24]

Fitness: 0.0724951173492486

[53, 114, 3, 0, 24]

========== Iteration: 6 ===========


Fitness: 0.07408280382967496

[56, 299, 3, 0, 23]

Fitness: 0.07408280382967496

[56, 299, 3, 0, 23]

Fitness: 0.07408280382967496

[56, 299, 3, 0, 23]

Fitness: 0.07408280382967496

[56, 299, 3, 0, 23]

Fitness: 0.07408280382967496

[56, 299, 3, 0, 23]

========== Iteration: 7 ===========


Fitness: 0.07542601260805867

[64, 114, 3, 0, 24]

Fitness: 0.07408280382967496

[56, 299, 3, 0, 23]

Fitness: 0.07408280382967496

[56, 299, 3, 0, 23]

Fitness: 0.07408280382967496

[56, 299, 3, 0, 23]

Fitness: 0.07408280382967496

[56, 299, 3, 0, 23]

========== Iteration: 8 ===========


Fitness: 0.07542601260805867

[64, 114, 3, 0, 24]

Fitness: 0.07408280382967496

[56, 299, 3, 0, 23]

Fitness: 0.07408280382967496

[56, 299, 3, 0, 23]

Fitness: 0.07408280382967496

[56, 299, 3, 0, 23]

Fitness: 0.07408280382967496

[56, 299, 3, 0, 23]

========== Iteration: 9 ===========


Fitness: 0.0759668853999729

[39, 300, 3, 0, 23]

Fitness: 0.07542601260805867

[64, 114, 3, 0, 24]

Fitness: 0.07408280382967496

[56, 299, 3, 0, 23]

Fitness: 0.07408280382967496

[56, 299, 3, 0, 23]

Fitness: 0.07408280382967496

[56, 299, 3, 0, 23]

========== Iteration: 10 ===========


Fitness: 0.0759668853999729

[39, 300, 3, 0, 23]

Fitness: 0.07542601260805867

[64, 114, 3, 0, 24]

Fitness: 0.07542601260805867

[64, 114, 3, 0, 24]

Fitness: 0.07408280382967496

[56, 299, 3, 0, 23]

Fitness: 0.07408280382967496

[56, 299, 3, 0, 23]

 it: 10 writing ...


========== Iteration: 11 ===========


Fitness: 0.0759668853999729

[39, 300, 3, 0, 23]

Fitness: 0.0759668853999729

[39, 300, 3, 0, 23]

Fitness: 0.0759668853999729

[39, 300, 3, 0, 23]

Fitness: 0.0759668853999729

[39, 300, 3, 0, 23]

Fitness: 0.07542601260805867

[64, 114, 3, 0, 24]

========== Iteration: 12 ===========


Fitness: 0.08754434781999097

[64, 300, 3, 0, 23]

Fitness: 0.0759668853999729

[39, 300, 3, 0, 23]

Fitness: 0.0759668853999729

[39, 300, 3, 0, 23]

Fitness: 0.0759668853999729

[39, 300, 3, 0, 23]

Fitness: 0.0759668853999729

[39, 300, 3, 0, 23]

========== Iteration: 13 ===========


Fitness: 0.08754434781999097

[64, 300, 3, 0, 23]

Fitness: 0.0759668853999729

[39, 300, 3, 0, 23]

Fitness: 0.0759668853999729

[39, 300, 3, 0, 23]

Fitness: 0.0759668853999729

[39, 300, 3, 0, 23]

Fitness: 0.0759668853999729

[39, 300, 3, 0, 23]

========== Iteration: 14 ===========


Fitness: 0.08754434781999097

[64, 300, 3, 0, 23]

Fitness: 0.0759668853999729

[39, 300, 3, 0, 23]

Fitness: 0.0759668853999729

[39, 300, 3, 0, 23]

Fitness: 0.0759668853999729

[39, 300, 3, 0, 23]

Fitness: 0.0759668853999729

[39, 300, 3, 0, 23]

========== Iteration: 15 ===========


Fitness: 0.08754434781999097

[64, 300, 3, 0, 23]

Fitness: 0.08754434781999097

[64, 300, 3, 0, 23]

Fitness: 0.0759668853999729

[39, 300, 3, 0, 23]

Fitness: 0.0759668853999729

[39, 300, 3, 0, 23]

Fitness: 0.0759668853999729

[39, 300, 3, 0, 23]

========== Iteration: 16 ===========


Fitness: 0.08754434781999097

[64, 300, 3, 0, 23]

Fitness: 0.08754434781999097

[64, 300, 3, 0, 23]

Fitness: 0.0759668853999729

[39, 300, 3, 0, 23]

Fitness: 0.0759668853999729

[39, 300, 3, 0, 23]

Fitness: 0.0759668853999729

[39, 300, 3, 0, 23]

========== Iteration: 17 ===========


Fitness: 0.08754434781999097

[64, 300, 3, 0, 23]

Fitness: 0.08754434781999097

[64, 300, 3, 0, 23]

Fitness: 0.08754434781999097

[64, 300, 3, 0, 23]

Fitness: 0.08754434781999097

[64, 300, 3, 0, 23]

Fitness: 0.0759668853999729

[39, 300, 3, 0, 23]

========== Iteration: 18 ===========


Fitness: 0.08754434781999097

[64, 300, 3, 0, 23]

Fitness: 0.08754434781999097

[64, 300, 3, 0, 23]

Fitness: 0.08754434781999097

[64, 300, 3, 0, 23]

Fitness: 0.08754434781999097

[64, 300, 3, 0, 23]

Fitness: 0.08754434781999097

[64, 300, 3, 0, 23]

========== Iteration: 19 ===========


Fitness: 0.08754434781999097

[64, 300, 3, 0, 23]

Fitness: 0.08754434781999097

[64, 300, 3, 0, 23]

Fitness: 0.08754434781999097

[64, 300, 3, 0, 23]

Fitness: 0.08754434781999097

[64, 300, 3, 0, 23]

Fitness: 0.08754434781999097

[64, 300, 3, 0, 23]

========== Iteration: 20 ===========


Fitness: 0.0940552176943932

[38, 300, 3, 0, 23]

Fitness: 0.08754434781999097

[64, 300, 3, 0, 23]

Fitness: 0.08754434781999097

[64, 300, 3, 0, 23]

Fitness: 0.08754434781999097

[64, 300, 3, 0, 23]

Fitness: 0.08754434781999097

[64, 300, 3, 0, 23]

 it: 20 writing ...


========== Iteration: 21 ===========


Fitness: 0.0940552176943932

[38, 300, 3, 0, 23]

Fitness: 0.0940552176943932

[38, 300, 3, 0, 23]

Fitness: 0.08754434781999097

[64, 300, 3, 0, 23]

Fitness: 0.08754434781999097

[64, 300, 3, 0, 23]

Fitness: 0.08754434781999097

[64, 300, 3, 0, 23]
